<?xml version="1.0" encoding="UTF-8"?>
<robot generator="Robot 4.0.1 (Python 3.7.4 on linux)" generated="20210711 11:17:48.312" rpa="false" schemaversion="2">
<suite id="s1" name="Tests" source="/home/hakan/Python/Robot/CRF_Demo_Solution/WebUiTests/Tests">
<suite id="s1-s1" name="Registration" source="/home/hakan/Python/Robot/CRF_Demo_Solution/WebUiTests/Tests/Registration">
<suite id="s1-s1-s1" name="CrfDemoAppRegistrationTestSuite" source="/home/hakan/Python/Robot/CRF_Demo_Solution/WebUiTests/Tests/Registration/CrfDemoAppRegistrationTestSuite.robot">
<kw name="Begin Web Test" library="Common" type="SETUP">
<kw name="Convert Suite Variables To Correct Types" library="Common">
<kw name="Evaluate" library="BuiltIn">
<var>${DATA_SET_LENGTH}</var>
<arg>int($DATA_SET_LENGTH)</arg>
<doc>Evaluates the given expression in Python and returns the result.</doc>
<msg timestamp="20210711 11:17:48.797" level="INFO">${DATA_SET_LENGTH} = 100</msg>
<status status="PASS" starttime="20210711 11:17:48.793" endtime="20210711 11:17:48.797"/>
</kw>
<kw name="Evaluate" library="BuiltIn">
<var>${USE_EXISTING_FORM_DATA_SET}</var>
<arg>$USE_EXISTING_FORM_DATA_SET=='True'</arg>
<doc>Evaluates the given expression in Python and returns the result.</doc>
<msg timestamp="20210711 11:17:48.798" level="INFO">${USE_EXISTING_FORM_DATA_SET} = False</msg>
<status status="PASS" starttime="20210711 11:17:48.798" endtime="20210711 11:17:48.798"/>
</kw>
<kw name="Set Suite Variable" library="BuiltIn">
<arg>${DATA_SET_LENGTH}</arg>
<doc>Makes a variable available everywhere within the scope of the current suite.</doc>
<msg timestamp="20210711 11:17:48.798" level="INFO">${DATA_SET_LENGTH} = 100</msg>
<status status="PASS" starttime="20210711 11:17:48.798" endtime="20210711 11:17:48.798"/>
</kw>
<kw name="Set Suite Variable" library="BuiltIn">
<arg>${USE_EXISTING_FORM_DATA_SET}</arg>
<doc>Makes a variable available everywhere within the scope of the current suite.</doc>
<msg timestamp="20210711 11:17:48.799" level="INFO">${USE_EXISTING_FORM_DATA_SET} = False</msg>
<status status="PASS" starttime="20210711 11:17:48.799" endtime="20210711 11:17:48.799"/>
</kw>
<status status="PASS" starttime="20210711 11:17:48.793" endtime="20210711 11:17:48.799"/>
</kw>
<kw name="Import Resource" library="BuiltIn">
<arg>${EXECDIR}${/}Resources${/}DataManager.robot</arg>
<doc>Imports a resource file with the given path.</doc>
<status status="PASS" starttime="20210711 11:17:48.799" endtime="20210711 11:17:48.804"/>
</kw>
<status status="PASS" starttime="20210711 11:17:48.793" endtime="20210711 11:17:48.804"/>
</kw>
<test id="s1-s1-s1-t1" name="Read Registration Form Data">
<kw name="Evaluate" library="BuiltIn">
<var>${type}</var>
<arg>type($DATA_SET_LENGTH)</arg>
<doc>Evaluates the given expression in Python and returns the result.</doc>
<msg timestamp="20210711 11:17:48.805" level="INFO">${type} = &lt;class 'int'&gt;</msg>
<status status="PASS" starttime="20210711 11:17:48.805" endtime="20210711 11:17:48.805"/>
</kw>
<kw name="Log To Console" library="BuiltIn">
<arg>type(DATA_SET_LENGTH): ${type}</arg>
<doc>Logs the given message to the console.</doc>
<status status="PASS" starttime="20210711 11:17:48.805" endtime="20210711 11:17:48.806"/>
</kw>
<kw name="Log To Console" library="BuiltIn">
<arg>${DATA_SET_LENGTH}</arg>
<doc>Logs the given message to the console.</doc>
<status status="PASS" starttime="20210711 11:17:48.806" endtime="20210711 11:17:48.806"/>
</kw>
<kw name="Evaluate" library="BuiltIn">
<var>${type}</var>
<arg>type($USE_EXISTING_FORM_DATA_SET)</arg>
<doc>Evaluates the given expression in Python and returns the result.</doc>
<msg timestamp="20210711 11:17:48.807" level="INFO">${type} = &lt;class 'bool'&gt;</msg>
<status status="PASS" starttime="20210711 11:17:48.806" endtime="20210711 11:17:48.807"/>
</kw>
<kw name="Log To Console" library="BuiltIn">
<arg>type(USE_EXISTING_FORM_DATA_SET): ${type}</arg>
<doc>Logs the given message to the console.</doc>
<status status="PASS" starttime="20210711 11:17:48.807" endtime="20210711 11:17:48.807"/>
</kw>
<kw name="Log To Console" library="BuiltIn">
<arg>${USE_EXISTING_FORM_DATA_SET}</arg>
<doc>Logs the given message to the console.</doc>
<status status="PASS" starttime="20210711 11:17:48.807" endtime="20210711 11:17:48.807"/>
</kw>
<for flavor="IN RANGE">
<var>${index}</var>
<value>999999</value>
<iter>
<var name="${index}">0</var>
<kw name="Get Registration Form Data" library="DataManager">
<var>${registration_form_data}</var>
<kw name="Read Registration Form Data" library="RegistrationFormDataReader">
<var>${registration_form_data}</var>
<msg timestamp="20210711 11:17:48.847" level="INFO">1: {'username': {'value': '', 'isValid': False, 'expected_error': 'Minimum 8 characters required. Space character is not allowed'}, 'password': {'value': '01234567', 'isValid': False, 'expected_error': 'Min 8 characters. Must contain at least one character from [a-z], [A-Z], [0-9] and [!?.]'}, 'first_name': {'value': 'Helena123', 'isValid': False, 'expected_error': 'Each first name must contain only characters from the set [a-zA-Z]. First names must be seperated by a a single space. First names must have at least 2 characters'}, 'last_name': {'value': 'Wi', 'isValid': True}, 'phone_number': {'value': '+358506abc!#662712', 'isValid': False, 'expected_error': 'phone number can only contain numbers [0-9] and optionally a single plus sign at the beginning indicating the country code'}}</msg>
<msg timestamp="20210711 11:17:48.847" level="INFO">${registration_form_data} = {'username': {'value': '', 'isValid': False, 'expected_error': 'Minimum 8 characters required. Space character is not allowed'}, 'password': {'value': '01234567', 'isValid': False, 'expected_error': '...</msg>
<status status="PASS" starttime="20210711 11:17:48.826" endtime="20210711 11:17:48.847"/>
</kw>
<msg timestamp="20210711 11:17:48.847" level="INFO">${registration_form_data} = {'username': {'value': '', 'isValid': False, 'expected_error': 'Minimum 8 characters required. Space character is not allowed'}, 'password': {'value': '01234567', 'isValid': False, 'expected_error': '...</msg>
<status status="PASS" starttime="20210711 11:17:48.826" endtime="20210711 11:17:48.847"/>
</kw>
<kw name="Exit For Loop If" library="BuiltIn">
<arg>$registration_form_data is None</arg>
<doc>Stops executing the enclosing for loop if the ``condition`` is true.</doc>
<status status="PASS" starttime="20210711 11:17:48.848" endtime="20210711 11:17:48.848"/>
</kw>
<kw name="Log To Console" library="BuiltIn">
<arg>${index} ${registration_form_data}</arg>
<doc>Logs the given message to the console.</doc>
<status status="PASS" starttime="20210711 11:17:48.848" endtime="20210711 11:17:48.848"/>
</kw>
<status status="PASS" starttime="20210711 11:17:48.826" endtime="20210711 11:17:48.848"/>
</iter>
<iter>
<var name="${index}">1</var>
<kw name="Get Registration Form Data" library="DataManager">
<var>${registration_form_data}</var>
<kw name="Read Registration Form Data" library="RegistrationFormDataReader">
<var>${registration_form_data}</var>
<msg timestamp="20210711 11:17:48.883" level="INFO">1: {'username': {'value': '', 'isValid': False, 'expected_error': 'Minimum 8 characters required. Space character is not allowed'}, 'password': {'value': '0123!?.', 'isValid': False, 'expected_error': 'Min 8 characters. Must contain at least one character from [a-z], [A-Z], [0-9] and [!?.]'}, 'first_name': {'value': 'H Xu', 'isValid': False, 'expected_error': 'Each first name must contain only characters from the set [a-zA-Z]. First names must be seperated by a a single space. First names must have at least 2 characters'}, 'last_name': {'value': 'Cuzdan123!?.', 'isValid': False, 'expected_error': 'Each last name must contain only characters from the set [a-zA-Z]. Last names must be seperated by a a single space. Last names must have at least 2 characters'}, 'phone_number': {'value': '+358506662712', 'isValid': True}}</msg>
<msg timestamp="20210711 11:17:48.883" level="INFO">${registration_form_data} = {'username': {'value': '', 'isValid': False, 'expected_error': 'Minimum 8 characters required. Space character is not allowed'}, 'password': {'value': '0123!?.', 'isValid': False, 'expected_error': 'M...</msg>
<status status="PASS" starttime="20210711 11:17:48.849" endtime="20210711 11:17:48.883"/>
</kw>
<msg timestamp="20210711 11:17:48.883" level="INFO">${registration_form_data} = {'username': {'value': '', 'isValid': False, 'expected_error': 'Minimum 8 characters required. Space character is not allowed'}, 'password': {'value': '0123!?.', 'isValid': False, 'expected_error': 'M...</msg>
<status status="PASS" starttime="20210711 11:17:48.849" endtime="20210711 11:17:48.883"/>
</kw>
<kw name="Exit For Loop If" library="BuiltIn">
<arg>$registration_form_data is None</arg>
<doc>Stops executing the enclosing for loop if the ``condition`` is true.</doc>
<status status="PASS" starttime="20210711 11:17:48.884" endtime="20210711 11:17:48.884"/>
</kw>
<kw name="Log To Console" library="BuiltIn">
<arg>${index} ${registration_form_data}</arg>
<doc>Logs the given message to the console.</doc>
<status status="PASS" starttime="20210711 11:17:48.884" endtime="20210711 11:17:48.884"/>
</kw>
<status status="PASS" starttime="20210711 11:17:48.848" endtime="20210711 11:17:48.884"/>
</iter>
<iter>
<var name="${index}">2</var>
<kw name="Get Registration Form Data" library="DataManager">
<var>${registration_form_data}</var>
<kw name="Read Registration Form Data" library="RegistrationFormDataReader">
<var>${registration_form_data}</var>
<msg timestamp="20210711 11:17:48.895" level="INFO">1: {'username': {'value': '', 'isValid': False, 'expected_error': 'Minimum 8 characters required. Space character is not allowed'}, 'password': {'value': 'abcdAB90abcdAB90abcdAB', 'isValid': False, 'expected_error': 'Min 8 characters. Must contain at least one character from [a-z], [A-Z], [0-9] and [!?.]'}, 'first_name': {'value': 'Helena123', 'isValid': False, 'expected_error': 'Each first name must contain only characters from the set [a-zA-Z]. First names must be seperated by a a single space. First names must have at least 2 characters'}, 'last_name': {'value': 'Holm123', 'isValid': False, 'expected_error': 'Each last name must contain only characters from the set [a-zA-Z]. Last names must be seperated by a a single space. Last names must have at least 2 characters'}, 'phone_number': {'value': '050!?.#662712', 'isValid': False, 'expected_error': 'phone number can only contain numbers [0-9] and optionally a single plus sign at the beginning indicating the country code'}}</msg>
<msg timestamp="20210711 11:17:48.895" level="INFO">${registration_form_data} = {'username': {'value': '', 'isValid': False, 'expected_error': 'Minimum 8 characters required. Space character is not allowed'}, 'password': {'value': 'abcdAB90abcdAB90abcdAB', 'isValid': False, 'expe...</msg>
<status status="PASS" starttime="20210711 11:17:48.885" endtime="20210711 11:17:48.895"/>
</kw>
<msg timestamp="20210711 11:17:48.895" level="INFO">${registration_form_data} = {'username': {'value': '', 'isValid': False, 'expected_error': 'Minimum 8 characters required. Space character is not allowed'}, 'password': {'value': 'abcdAB90abcdAB90abcdAB', 'isValid': False, 'expe...</msg>
<status status="PASS" starttime="20210711 11:17:48.885" endtime="20210711 11:17:48.895"/>
</kw>
<kw name="Exit For Loop If" library="BuiltIn">
<arg>$registration_form_data is None</arg>
<doc>Stops executing the enclosing for loop if the ``condition`` is true.</doc>
<status status="PASS" starttime="20210711 11:17:48.895" endtime="20210711 11:17:48.896"/>
</kw>
<kw name="Log To Console" library="BuiltIn">
<arg>${index} ${registration_form_data}</arg>
<doc>Logs the given message to the console.</doc>
<status status="PASS" starttime="20210711 11:17:48.896" endtime="20210711 11:17:48.896"/>
</kw>
<status status="PASS" starttime="20210711 11:17:48.885" endtime="20210711 11:17:48.896"/>
</iter>
<iter>
<var name="${index}">3</var>
<kw name="Get Registration Form Data" library="DataManager">
<var>${registration_form_data}</var>
<kw name="Read Registration Form Data" library="RegistrationFormDataReader">
<var>${registration_form_data}</var>
<msg timestamp="20210711 11:17:48.932" level="INFO">1: {'username': {'value': '', 'isValid': False, 'expected_error': 'Minimum 8 characters required. Space character is not allowed'}, 'password': {'value': 'ABC456.?', 'isValid': False, 'expected_error': 'Min 8 characters. Must contain at least one character from [a-z], [A-Z], [0-9] and [!?.]'}, 'first_name': {'value': 'Hakan123!?.', 'isValid': False, 'expected_error': 'Each first name must contain only characters from the set [a-zA-Z]. First names must be seperated by a a single space. First names must have at least 2 characters'}, 'last_name': {'value': 'Wi', 'isValid': True}, 'phone_number': {'value': '', 'isValid': False, 'expected_error': 'phone number can only contain numbers [0-9] and optionally a single plus sign at the beginning indicating the country code'}}</msg>
<msg timestamp="20210711 11:17:48.932" level="INFO">${registration_form_data} = {'username': {'value': '', 'isValid': False, 'expected_error': 'Minimum 8 characters required. Space character is not allowed'}, 'password': {'value': 'ABC456.?', 'isValid': False, 'expected_error': '...</msg>
<status status="PASS" starttime="20210711 11:17:48.897" endtime="20210711 11:17:48.932"/>
</kw>
<msg timestamp="20210711 11:17:48.933" level="INFO">${registration_form_data} = {'username': {'value': '', 'isValid': False, 'expected_error': 'Minimum 8 characters required. Space character is not allowed'}, 'password': {'value': 'ABC456.?', 'isValid': False, 'expected_error': '...</msg>
<status status="PASS" starttime="20210711 11:17:48.897" endtime="20210711 11:17:48.933"/>
</kw>
<kw name="Exit For Loop If" library="BuiltIn">
<arg>$registration_form_data is None</arg>
<doc>Stops executing the enclosing for loop if the ``condition`` is true.</doc>
<status status="PASS" starttime="20210711 11:17:48.933" endtime="20210711 11:17:48.933"/>
</kw>
<kw name="Log To Console" library="BuiltIn">
<arg>${index} ${registration_form_data}</arg>
<doc>Logs the given message to the console.</doc>
<status status="PASS" starttime="20210711 11:17:48.933" endtime="20210711 11:17:48.934"/>
</kw>
<status status="PASS" starttime="20210711 11:17:48.896" endtime="20210711 11:17:48.934"/>
</iter>
<iter>
<var name="${index}">4</var>
<kw name="Get Registration Form Data" library="DataManager">
<var>${registration_form_data}</var>
<kw name="Read Registration Form Data" library="RegistrationFormDataReader">
<var>${registration_form_data}</var>
<msg timestamp="20210711 11:17:48.941" level="INFO">1: {'username': {'value': '', 'isValid': False, 'expected_error': 'Minimum 8 characters required. Space character is not allowed'}, 'password': {'value': 'ABC!?.ab', 'isValid': False, 'expected_error': 'Min 8 characters. Must contain at least one character from [a-z], [A-Z], [0-9] and [!?.]'}, 'first_name': {'value': 'Helena', 'isValid': True}, 'last_name': {'value': 'Holm123', 'isValid': False, 'expected_error': 'Each last name must contain only characters from the set [a-zA-Z]. Last names must be seperated by a a single space. Last names must have at least 2 characters'}, 'phone_number': {'value': '0506662712', 'isValid': True}}</msg>
<msg timestamp="20210711 11:17:48.941" level="INFO">${registration_form_data} = {'username': {'value': '', 'isValid': False, 'expected_error': 'Minimum 8 characters required. Space character is not allowed'}, 'password': {'value': 'ABC!?.ab', 'isValid': False, 'expected_error': '...</msg>
<status status="PASS" starttime="20210711 11:17:48.934" endtime="20210711 11:17:48.941"/>
</kw>
<msg timestamp="20210711 11:17:48.941" level="INFO">${registration_form_data} = {'username': {'value': '', 'isValid': False, 'expected_error': 'Minimum 8 characters required. Space character is not allowed'}, 'password': {'value': 'ABC!?.ab', 'isValid': False, 'expected_error': '...</msg>
<status status="PASS" starttime="20210711 11:17:48.934" endtime="20210711 11:17:48.941"/>
</kw>
<kw name="Exit For Loop If" library="BuiltIn">
<arg>$registration_form_data is None</arg>
<doc>Stops executing the enclosing for loop if the ``condition`` is true.</doc>
<status status="PASS" starttime="20210711 11:17:48.941" endtime="20210711 11:17:48.942"/>
</kw>
<kw name="Log To Console" library="BuiltIn">
<arg>${index} ${registration_form_data}</arg>
<doc>Logs the given message to the console.</doc>
<status status="PASS" starttime="20210711 11:17:48.942" endtime="20210711 11:17:48.942"/>
</kw>
<status status="PASS" starttime="20210711 11:17:48.934" endtime="20210711 11:17:48.942"/>
</iter>
<iter>
<var name="${index}">5</var>
<kw name="Get Registration Form Data" library="DataManager">
<var>${registration_form_data}</var>
<kw name="Read Registration Form Data" library="RegistrationFormDataReader">
<var>${registration_form_data}</var>
<msg timestamp="20210711 11:17:48.948" level="INFO">1: {'username': {'value': '', 'isValid': False, 'expected_error': 'Minimum 8 characters required. Space character is not allowed'}, 'password': {'value': 'ABC!?.01', 'isValid': False, 'expected_error': 'Min 8 characters. Must contain at least one character from [a-z], [A-Z], [0-9] and [!?.]'}, 'first_name': {'value': 'Ha X', 'isValid': False, 'expected_error': 'Each first name must contain only characters from the set [a-zA-Z]. First names must be seperated by a a single space. First names must have at least 2 characters'}, 'last_name': {'value': 'Holm123', 'isValid': False, 'expected_error': 'Each last name must contain only characters from the set [a-zA-Z]. Last names must be seperated by a a single space. Last names must have at least 2 characters'}, 'phone_number': {'value': '050!?.#662712', 'isValid': False, 'expected_error': 'phone number can only contain numbers [0-9] and optionally a single plus sign at the beginning indicating the country code'}}</msg>
<msg timestamp="20210711 11:17:48.948" level="INFO">${registration_form_data} = {'username': {'value': '', 'isValid': False, 'expected_error': 'Minimum 8 characters required. Space character is not allowed'}, 'password': {'value': 'ABC!?.01', 'isValid': False, 'expected_error': '...</msg>
<status status="PASS" starttime="20210711 11:17:48.943" endtime="20210711 11:17:48.948"/>
</kw>
<msg timestamp="20210711 11:17:48.948" level="INFO">${registration_form_data} = {'username': {'value': '', 'isValid': False, 'expected_error': 'Minimum 8 characters required. Space character is not allowed'}, 'password': {'value': 'ABC!?.01', 'isValid': False, 'expected_error': '...</msg>
<status status="PASS" starttime="20210711 11:17:48.942" endtime="20210711 11:17:48.948"/>
</kw>
<kw name="Exit For Loop If" library="BuiltIn">
<arg>$registration_form_data is None</arg>
<doc>Stops executing the enclosing for loop if the ``condition`` is true.</doc>
<status status="PASS" starttime="20210711 11:17:48.948" endtime="20210711 11:17:48.949"/>
</kw>
<kw name="Log To Console" library="BuiltIn">
<arg>${index} ${registration_form_data}</arg>
<doc>Logs the given message to the console.</doc>
<status status="PASS" starttime="20210711 11:17:48.949" endtime="20210711 11:17:48.949"/>
</kw>
<status status="PASS" starttime="20210711 11:17:48.942" endtime="20210711 11:17:48.949"/>
</iter>
<iter>
<var name="${index}">6</var>
<kw name="Get Registration Form Data" library="DataManager">
<var>${registration_form_data}</var>
<kw name="Read Registration Form Data" library="RegistrationFormDataReader">
<var>${registration_form_data}</var>
<msg timestamp="20210711 11:17:48.960" level="INFO">1: {'username': {'value': '', 'isValid': False, 'expected_error': 'Minimum 8 characters required. Space character is not allowed'}, 'password': {'value': '012!?.AB', 'isValid': False, 'expected_error': 'Min 8 characters. Must contain at least one character from [a-z], [A-Z], [0-9] and [!?.]'}, 'first_name': {'value': 'Hakan', 'isValid': True}, 'last_name': {'value': 'Holm      Cuzdan', 'isValid': False, 'expected_error': 'Each last name must contain only characters from the set [a-zA-Z]. Last names must be seperated by a a single space. Last names must have at least 2 characters'}, 'phone_number': {'value': '+358+50666+2712', 'isValid': False, 'expected_error': 'phone number can only contain numbers [0-9] and optionally a single plus sign at the beginning indicating the country code'}}</msg>
<msg timestamp="20210711 11:17:48.961" level="INFO">${registration_form_data} = {'username': {'value': '', 'isValid': False, 'expected_error': 'Minimum 8 characters required. Space character is not allowed'}, 'password': {'value': '012!?.AB', 'isValid': False, 'expected_error': '...</msg>
<status status="PASS" starttime="20210711 11:17:48.950" endtime="20210711 11:17:48.961"/>
</kw>
<msg timestamp="20210711 11:17:48.961" level="INFO">${registration_form_data} = {'username': {'value': '', 'isValid': False, 'expected_error': 'Minimum 8 characters required. Space character is not allowed'}, 'password': {'value': '012!?.AB', 'isValid': False, 'expected_error': '...</msg>
<status status="PASS" starttime="20210711 11:17:48.949" endtime="20210711 11:17:48.961"/>
</kw>
<kw name="Exit For Loop If" library="BuiltIn">
<arg>$registration_form_data is None</arg>
<doc>Stops executing the enclosing for loop if the ``condition`` is true.</doc>
<status status="PASS" starttime="20210711 11:17:48.961" endtime="20210711 11:17:48.961"/>
</kw>
<kw name="Log To Console" library="BuiltIn">
<arg>${index} ${registration_form_data}</arg>
<doc>Logs the given message to the console.</doc>
<status status="PASS" starttime="20210711 11:17:48.962" endtime="20210711 11:17:48.962"/>
</kw>
<status status="PASS" starttime="20210711 11:17:48.949" endtime="20210711 11:17:48.962"/>
</iter>
<iter>
<var name="${index}">7</var>
<kw name="Get Registration Form Data" library="DataManager">
<var>${registration_form_data}</var>
<kw name="Read Registration Form Data" library="RegistrationFormDataReader">
<var>${registration_form_data}</var>
<msg timestamp="20210711 11:17:48.979" level="INFO">1: {'username': {'value': '!#%&amp;/¤%', 'isValid': False, 'expected_error': 'Minimum 8 characters required. Space character is not allowed'}, 'password': {'value': 'ABCDEFG', 'isValid': False, 'expected_error': 'Min 8 characters. Must contain at least one character from [a-z], [A-Z], [0-9] and [!?.]'}, 'first_name': {'value': '', 'isValid': False, 'expected_error': 'Each first name must contain only characters from the set [a-zA-Z]. First names must be seperated by a a single space. First names must have at least 2 characters'}, 'last_name': {'value': 'Cuzdan', 'isValid': True}, 'phone_number': {'value': '', 'isValid': False, 'expected_error': 'phone number can only contain numbers [0-9] and optionally a single plus sign at the beginning indicating the country code'}}</msg>
<msg timestamp="20210711 11:17:48.979" level="INFO">${registration_form_data} = {'username': {'value': '!#%&amp;/¤%', 'isValid': False, 'expected_error': 'Minimum 8 characters required. Space character is not allowed'}, 'password': {'value': 'ABCDEFG', 'isValid': False, 'expected_err...</msg>
<status status="PASS" starttime="20210711 11:17:48.962" endtime="20210711 11:17:48.979"/>
</kw>
<msg timestamp="20210711 11:17:48.979" level="INFO">${registration_form_data} = {'username': {'value': '!#%&amp;/¤%', 'isValid': False, 'expected_error': 'Minimum 8 characters required. Space character is not allowed'}, 'password': {'value': 'ABCDEFG', 'isValid': False, 'expected_err...</msg>
<status status="PASS" starttime="20210711 11:17:48.962" endtime="20210711 11:17:48.979"/>
</kw>
<kw name="Exit For Loop If" library="BuiltIn">
<arg>$registration_form_data is None</arg>
<doc>Stops executing the enclosing for loop if the ``condition`` is true.</doc>
<status status="PASS" starttime="20210711 11:17:48.979" endtime="20210711 11:17:48.980"/>
</kw>
<kw name="Log To Console" library="BuiltIn">
<arg>${index} ${registration_form_data}</arg>
<doc>Logs the given message to the console.</doc>
<status status="PASS" starttime="20210711 11:17:48.980" endtime="20210711 11:17:48.980"/>
</kw>
<status status="PASS" starttime="20210711 11:17:48.962" endtime="20210711 11:17:48.980"/>
</iter>
<iter>
<var name="${index}">8</var>
<kw name="Get Registration Form Data" library="DataManager">
<var>${registration_form_data}</var>
<kw name="Read Registration Form Data" library="RegistrationFormDataReader">
<var>${registration_form_data}</var>
<msg timestamp="20210711 11:17:49.124" level="INFO">1: {'username': {'value': '!#%&amp;/¤%=', 'isValid': True}, 'password': {'value': '!?.?!.!?', 'isValid': False, 'expected_error': 'Min 8 characters. Must contain at least one character from [a-z], [A-Z], [0-9] and [!?.]'}, 'first_name': {'value': 'Helena Margaretha', 'isValid': True}, 'last_name': {'value': 'W Xi', 'isValid': False, 'expected_error': 'Each last name must contain only characters from the set [a-zA-Z]. Last names must be seperated by a a single space. Last names must have at least 2 characters'}, 'phone_number': {'value': '+358506abc!#662712', 'isValid': False, 'expected_error': 'phone number can only contain numbers [0-9] and optionally a single plus sign at the beginning indicating the country code'}}</msg>
<msg timestamp="20210711 11:17:49.124" level="INFO">${registration_form_data} = {'username': {'value': '!#%&amp;/¤%=', 'isValid': True}, 'password': {'value': '!?.?!.!?', 'isValid': False, 'expected_error': 'Min 8 characters. Must contain at least one character from [a-z], [A-Z], [0-...</msg>
<status status="PASS" starttime="20210711 11:17:48.981" endtime="20210711 11:17:49.124"/>
</kw>
<msg timestamp="20210711 11:17:49.125" level="INFO">${registration_form_data} = {'username': {'value': '!#%&amp;/¤%=', 'isValid': True}, 'password': {'value': '!?.?!.!?', 'isValid': False, 'expected_error': 'Min 8 characters. Must contain at least one character from [a-z], [A-Z], [0-...</msg>
<status status="PASS" starttime="20210711 11:17:48.981" endtime="20210711 11:17:49.125"/>
</kw>
<kw name="Exit For Loop If" library="BuiltIn">
<arg>$registration_form_data is None</arg>
<doc>Stops executing the enclosing for loop if the ``condition`` is true.</doc>
<status status="PASS" starttime="20210711 11:17:49.125" endtime="20210711 11:17:49.125"/>
</kw>
<kw name="Log To Console" library="BuiltIn">
<arg>${index} ${registration_form_data}</arg>
<doc>Logs the given message to the console.</doc>
<status status="PASS" starttime="20210711 11:17:49.125" endtime="20210711 11:17:49.126"/>
</kw>
<status status="PASS" starttime="20210711 11:17:48.980" endtime="20210711 11:17:49.126"/>
</iter>
<iter>
<var name="${index}">9</var>
<kw name="Get Registration Form Data" library="DataManager">
<var>${registration_form_data}</var>
<kw name="Read Registration Form Data" library="RegistrationFormDataReader">
<var>${registration_form_data}</var>
<msg timestamp="20210711 11:17:49.208" level="INFO">1: {'username': {'value': '!#%&amp;/¤%=', 'isValid': True}, 'password': {'value': 'ABC!?.a', 'isValid': False, 'expected_error': 'Min 8 characters. Must contain at least one character from [a-z], [A-Z], [0-9] and [!?.]'}, 'first_name': {'value': 'Helena!.?', 'isValid': False, 'expected_error': 'Each first name must contain only characters from the set [a-zA-Z]. First names must be seperated by a a single space. First names must have at least 2 characters'}, 'last_name': {'value': '', 'isValid': False, 'expected_error': 'Each last name must contain only characters from the set [a-zA-Z]. Last names must be seperated by a a single space. Last names must have at least 2 characters'}, 'phone_number': {'value': '0506662712', 'isValid': True}}</msg>
<msg timestamp="20210711 11:17:49.208" level="INFO">${registration_form_data} = {'username': {'value': '!#%&amp;/¤%=', 'isValid': True}, 'password': {'value': 'ABC!?.a', 'isValid': False, 'expected_error': 'Min 8 characters. Must contain at least one character from [a-z], [A-Z], [0-9...</msg>
<status status="PASS" starttime="20210711 11:17:49.126" endtime="20210711 11:17:49.208"/>
</kw>
<msg timestamp="20210711 11:17:49.208" level="INFO">${registration_form_data} = {'username': {'value': '!#%&amp;/¤%=', 'isValid': True}, 'password': {'value': 'ABC!?.a', 'isValid': False, 'expected_error': 'Min 8 characters. Must contain at least one character from [a-z], [A-Z], [0-9...</msg>
<status status="PASS" starttime="20210711 11:17:49.126" endtime="20210711 11:17:49.208"/>
</kw>
<kw name="Exit For Loop If" library="BuiltIn">
<arg>$registration_form_data is None</arg>
<doc>Stops executing the enclosing for loop if the ``condition`` is true.</doc>
<status status="PASS" starttime="20210711 11:17:49.209" endtime="20210711 11:17:49.209"/>
</kw>
<kw name="Log To Console" library="BuiltIn">
<arg>${index} ${registration_form_data}</arg>
<doc>Logs the given message to the console.</doc>
<status status="PASS" starttime="20210711 11:17:49.209" endtime="20210711 11:17:49.209"/>
</kw>
<status status="PASS" starttime="20210711 11:17:49.126" endtime="20210711 11:17:49.209"/>
</iter>
<iter>
<var name="${index}">10</var>
<kw name="Get Registration Form Data" library="DataManager">
<var>${registration_form_data}</var>
<kw name="Read Registration Form Data" library="RegistrationFormDataReader">
<var>${registration_form_data}</var>
<msg timestamp="20210711 11:17:49.261" level="INFO">1: {'username': {'value': '!#%&amp;/¤%=!()=?', 'isValid': True}, 'password': {'value': '!?.?!.!?!?.?!.!?!.!.', 'isValid': False, 'expected_error': 'Min 8 characters. Must contain at least one character from [a-z], [A-Z], [0-9] and [!?.]'}, 'first_name': {'value': 'Helena!.?', 'isValid': False, 'expected_error': 'Each first name must contain only characters from the set [a-zA-Z]. First names must be seperated by a a single space. First names must have at least 2 characters'}, 'last_name': {'value': 'Holm', 'isValid': True}, 'phone_number': {'value': '0+506662712+', 'isValid': False, 'expected_error': 'phone number can only contain numbers [0-9] and optionally a single plus sign at the beginning indicating the country code'}}</msg>
<msg timestamp="20210711 11:17:49.261" level="INFO">${registration_form_data} = {'username': {'value': '!#%&amp;/¤%=!()=?', 'isValid': True}, 'password': {'value': '!?.?!.!?!?.?!.!?!.!.', 'isValid': False, 'expected_error': 'Min 8 characters. Must contain at least one character from ...</msg>
<status status="PASS" starttime="20210711 11:17:49.210" endtime="20210711 11:17:49.261"/>
</kw>
<msg timestamp="20210711 11:17:49.262" level="INFO">${registration_form_data} = {'username': {'value': '!#%&amp;/¤%=!()=?', 'isValid': True}, 'password': {'value': '!?.?!.!?!?.?!.!?!.!.', 'isValid': False, 'expected_error': 'Min 8 characters. Must contain at least one character from ...</msg>
<status status="PASS" starttime="20210711 11:17:49.210" endtime="20210711 11:17:49.262"/>
</kw>
<kw name="Exit For Loop If" library="BuiltIn">
<arg>$registration_form_data is None</arg>
<doc>Stops executing the enclosing for loop if the ``condition`` is true.</doc>
<status status="PASS" starttime="20210711 11:17:49.262" endtime="20210711 11:17:49.262"/>
</kw>
<kw name="Log To Console" library="BuiltIn">
<arg>${index} ${registration_form_data}</arg>
<doc>Logs the given message to the console.</doc>
<status status="PASS" starttime="20210711 11:17:49.263" endtime="20210711 11:17:49.263"/>
</kw>
<status status="PASS" starttime="20210711 11:17:49.209" endtime="20210711 11:17:49.263"/>
</iter>
<iter>
<var name="${index}">11</var>
<kw name="Get Registration Form Data" library="DataManager">
<var>${registration_form_data}</var>
<kw name="Read Registration Form Data" library="RegistrationFormDataReader">
<var>${registration_form_data}</var>
<msg timestamp="20210711 11:17:49.292" level="INFO">1: {'username': {'value': '!#%&amp;/¤%=!()=?', 'isValid': True}, 'password': {'value': 'ABCD!?..ABCD!?..ABCD!?', 'isValid': False, 'expected_error': 'Min 8 characters. Must contain at least one character from [a-z], [A-Z], [0-9] and [!?.]'}, 'first_name': {'value': 'H Xu', 'isValid': False, 'expected_error': 'Each first name must contain only characters from the set [a-zA-Z]. First names must be seperated by a a single space. First names must have at least 2 characters'}, 'last_name': {'value': 'Holm123', 'isValid': False, 'expected_error': 'Each last name must contain only characters from the set [a-zA-Z]. Last names must be seperated by a a single space. Last names must have at least 2 characters'}, 'phone_number': {'value': '0506662712', 'isValid': True}}</msg>
<msg timestamp="20210711 11:17:49.293" level="INFO">${registration_form_data} = {'username': {'value': '!#%&amp;/¤%=!()=?', 'isValid': True}, 'password': {'value': 'ABCD!?..ABCD!?..ABCD!?', 'isValid': False, 'expected_error': 'Min 8 characters. Must contain at least one character fro...</msg>
<status status="PASS" starttime="20210711 11:17:49.264" endtime="20210711 11:17:49.293"/>
</kw>
<msg timestamp="20210711 11:17:49.293" level="INFO">${registration_form_data} = {'username': {'value': '!#%&amp;/¤%=!()=?', 'isValid': True}, 'password': {'value': 'ABCD!?..ABCD!?..ABCD!?', 'isValid': False, 'expected_error': 'Min 8 characters. Must contain at least one character fro...</msg>
<status status="PASS" starttime="20210711 11:17:49.263" endtime="20210711 11:17:49.293"/>
</kw>
<kw name="Exit For Loop If" library="BuiltIn">
<arg>$registration_form_data is None</arg>
<doc>Stops executing the enclosing for loop if the ``condition`` is true.</doc>
<status status="PASS" starttime="20210711 11:17:49.293" endtime="20210711 11:17:49.294"/>
</kw>
<kw name="Log To Console" library="BuiltIn">
<arg>${index} ${registration_form_data}</arg>
<doc>Logs the given message to the console.</doc>
<status status="PASS" starttime="20210711 11:17:49.294" endtime="20210711 11:17:49.294"/>
</kw>
<status status="PASS" starttime="20210711 11:17:49.263" endtime="20210711 11:17:49.294"/>
</iter>
<iter>
<var name="${index}">12</var>
<kw name="Get Registration Form Data" library="DataManager">
<var>${registration_form_data}</var>
<kw name="Read Registration Form Data" library="RegistrationFormDataReader">
<var>${registration_form_data}</var>
<msg timestamp="20210711 11:17:49.299" level="INFO">1: {'username': {'value': '!#%&amp;/¤%=!()=?', 'isValid': True}, 'password': {'value': '0123!?.0', 'isValid': False, 'expected_error': 'Min 8 characters. Must contain at least one character from [a-z], [A-Z], [0-9] and [!?.]'}, 'first_name': {'value': 'Helena', 'isValid': True}, 'last_name': {'value': 'Holm', 'isValid': True}, 'phone_number': {'value': '+358abc662712xyz', 'isValid': False, 'expected_error': 'phone number can only contain numbers [0-9] and optionally a single plus sign at the beginning indicating the country code'}}</msg>
<msg timestamp="20210711 11:17:49.299" level="INFO">${registration_form_data} = {'username': {'value': '!#%&amp;/¤%=!()=?', 'isValid': True}, 'password': {'value': '0123!?.0', 'isValid': False, 'expected_error': 'Min 8 characters. Must contain at least one character from [a-z], [A-Z]...</msg>
<status status="PASS" starttime="20210711 11:17:49.295" endtime="20210711 11:17:49.299"/>
</kw>
<msg timestamp="20210711 11:17:49.300" level="INFO">${registration_form_data} = {'username': {'value': '!#%&amp;/¤%=!()=?', 'isValid': True}, 'password': {'value': '0123!?.0', 'isValid': False, 'expected_error': 'Min 8 characters. Must contain at least one character from [a-z], [A-Z]...</msg>
<status status="PASS" starttime="20210711 11:17:49.294" endtime="20210711 11:17:49.300"/>
</kw>
<kw name="Exit For Loop If" library="BuiltIn">
<arg>$registration_form_data is None</arg>
<doc>Stops executing the enclosing for loop if the ``condition`` is true.</doc>
<status status="PASS" starttime="20210711 11:17:49.300" endtime="20210711 11:17:49.300"/>
</kw>
<kw name="Log To Console" library="BuiltIn">
<arg>${index} ${registration_form_data}</arg>
<doc>Logs the given message to the console.</doc>
<status status="PASS" starttime="20210711 11:17:49.300" endtime="20210711 11:17:49.300"/>
</kw>
<status status="PASS" starttime="20210711 11:17:49.294" endtime="20210711 11:17:49.301"/>
</iter>
<iter>
<var name="${index}">13</var>
<kw name="Get Registration Form Data" library="DataManager">
<var>${registration_form_data}</var>
<kw name="Read Registration Form Data" library="RegistrationFormDataReader">
<var>${registration_form_data}</var>
<msg timestamp="20210711 11:17:49.376" level="INFO">1: {'username': {'value': '!#%&amp;/¤%=!()=?', 'isValid': True}, 'password': {'value': '012!?.AB012!?.AB012!?.', 'isValid': False, 'expected_error': 'Min 8 characters. Must contain at least one character from [a-z], [A-Z], [0-9] and [!?.]'}, 'first_name': {'value': 'Ha', 'isValid': True}, 'last_name': {'value': 'W X', 'isValid': False, 'expected_error': 'Each last name must contain only characters from the set [a-zA-Z]. Last names must be seperated by a a single space. Last names must have at least 2 characters'}, 'phone_number': {'value': '+358abc662712xyz', 'isValid': False, 'expected_error': 'phone number can only contain numbers [0-9] and optionally a single plus sign at the beginning indicating the country code'}}</msg>
<msg timestamp="20210711 11:17:49.376" level="INFO">${registration_form_data} = {'username': {'value': '!#%&amp;/¤%=!()=?', 'isValid': True}, 'password': {'value': '012!?.AB012!?.AB012!?.', 'isValid': False, 'expected_error': 'Min 8 characters. Must contain at least one character fro...</msg>
<status status="PASS" starttime="20210711 11:17:49.301" endtime="20210711 11:17:49.376"/>
</kw>
<msg timestamp="20210711 11:17:49.377" level="INFO">${registration_form_data} = {'username': {'value': '!#%&amp;/¤%=!()=?', 'isValid': True}, 'password': {'value': '012!?.AB012!?.AB012!?.', 'isValid': False, 'expected_error': 'Min 8 characters. Must contain at least one character fro...</msg>
<status status="PASS" starttime="20210711 11:17:49.301" endtime="20210711 11:17:49.377"/>
</kw>
<kw name="Exit For Loop If" library="BuiltIn">
<arg>$registration_form_data is None</arg>
<doc>Stops executing the enclosing for loop if the ``condition`` is true.</doc>
<status status="PASS" starttime="20210711 11:17:49.377" endtime="20210711 11:17:49.377"/>
</kw>
<kw name="Log To Console" library="BuiltIn">
<arg>${index} ${registration_form_data}</arg>
<doc>Logs the given message to the console.</doc>
<status status="PASS" starttime="20210711 11:17:49.377" endtime="20210711 11:17:49.378"/>
</kw>
<status status="PASS" starttime="20210711 11:17:49.301" endtime="20210711 11:17:49.378"/>
</iter>
<iter>
<var name="${index}">14</var>
<kw name="Get Registration Form Data" library="DataManager">
<var>${registration_form_data}</var>
<kw name="Read Registration Form Data" library="RegistrationFormDataReader">
<var>${registration_form_data}</var>
<msg timestamp="20210711 11:17:49.555" level="INFO">1: {'username': {'value': '12345678', 'isValid': True}, 'password': {'value': '!?.?!.!?!?.?!.!?!.!.', 'isValid': False, 'expected_error': 'Min 8 characters. Must contain at least one character from [a-z], [A-Z], [0-9] and [!?.]'}, 'first_name': {'value': 'Helena!.?', 'isValid': False, 'expected_error': 'Each first name must contain only characters from the set [a-zA-Z]. First names must be seperated by a a single space. First names must have at least 2 characters'}, 'last_name': {'value': 'Holm123', 'isValid': False, 'expected_error': 'Each last name must contain only characters from the set [a-zA-Z]. Last names must be seperated by a a single space. Last names must have at least 2 characters'}, 'phone_number': {'value': '0506662712', 'isValid': True}}</msg>
<msg timestamp="20210711 11:17:49.555" level="INFO">${registration_form_data} = {'username': {'value': '12345678', 'isValid': True}, 'password': {'value': '!?.?!.!?!?.?!.!?!.!.', 'isValid': False, 'expected_error': 'Min 8 characters. Must contain at least one character from [a-z]...</msg>
<status status="PASS" starttime="20210711 11:17:49.378" endtime="20210711 11:17:49.555"/>
</kw>
<msg timestamp="20210711 11:17:49.556" level="INFO">${registration_form_data} = {'username': {'value': '12345678', 'isValid': True}, 'password': {'value': '!?.?!.!?!?.?!.!?!.!.', 'isValid': False, 'expected_error': 'Min 8 characters. Must contain at least one character from [a-z]...</msg>
<status status="PASS" starttime="20210711 11:17:49.378" endtime="20210711 11:17:49.556"/>
</kw>
<kw name="Exit For Loop If" library="BuiltIn">
<arg>$registration_form_data is None</arg>
<doc>Stops executing the enclosing for loop if the ``condition`` is true.</doc>
<status status="PASS" starttime="20210711 11:17:49.556" endtime="20210711 11:17:49.556"/>
</kw>
<kw name="Log To Console" library="BuiltIn">
<arg>${index} ${registration_form_data}</arg>
<doc>Logs the given message to the console.</doc>
<status status="PASS" starttime="20210711 11:17:49.556" endtime="20210711 11:17:49.557"/>
</kw>
<status status="PASS" starttime="20210711 11:17:49.378" endtime="20210711 11:17:49.557"/>
</iter>
<iter>
<var name="${index}">15</var>
<kw name="Get Registration Form Data" library="DataManager">
<var>${registration_form_data}</var>
<kw name="Read Registration Form Data" library="RegistrationFormDataReader">
<var>${registration_form_data}</var>
<msg timestamp="20210711 11:17:49.774" level="INFO">1: {'username': {'value': '12345678912345', 'isValid': True}, 'password': {'value': 'ABC!?.abABC!?.abABC!?.', 'isValid': False, 'expected_error': 'Min 8 characters. Must contain at least one character from [a-z], [A-Z], [0-9] and [!?.]'}, 'first_name': {'value': 'H X', 'isValid': False, 'expected_error': 'Each first name must contain only characters from the set [a-zA-Z]. First names must be seperated by a a single space. First names must have at least 2 characters'}, 'last_name': {'value': 'Holm!.?', 'isValid': False, 'expected_error': 'Each last name must contain only characters from the set [a-zA-Z]. Last names must be seperated by a a single space. Last names must have at least 2 characters'}, 'phone_number': {'value': '', 'isValid': False, 'expected_error': 'phone number can only contain numbers [0-9] and optionally a single plus sign at the beginning indicating the country code'}}</msg>
<msg timestamp="20210711 11:17:49.775" level="INFO">${registration_form_data} = {'username': {'value': '12345678912345', 'isValid': True}, 'password': {'value': 'ABC!?.abABC!?.abABC!?.', 'isValid': False, 'expected_error': 'Min 8 characters. Must contain at least one character fr...</msg>
<status status="PASS" starttime="20210711 11:17:49.557" endtime="20210711 11:17:49.775"/>
</kw>
<msg timestamp="20210711 11:17:49.775" level="INFO">${registration_form_data} = {'username': {'value': '12345678912345', 'isValid': True}, 'password': {'value': 'ABC!?.abABC!?.abABC!?.', 'isValid': False, 'expected_error': 'Min 8 characters. Must contain at least one character fr...</msg>
<status status="PASS" starttime="20210711 11:17:49.557" endtime="20210711 11:17:49.775"/>
</kw>
<kw name="Exit For Loop If" library="BuiltIn">
<arg>$registration_form_data is None</arg>
<doc>Stops executing the enclosing for loop if the ``condition`` is true.</doc>
<status status="PASS" starttime="20210711 11:17:49.775" endtime="20210711 11:17:49.775"/>
</kw>
<kw name="Log To Console" library="BuiltIn">
<arg>${index} ${registration_form_data}</arg>
<doc>Logs the given message to the console.</doc>
<status status="PASS" starttime="20210711 11:17:49.776" endtime="20210711 11:17:49.776"/>
</kw>
<status status="PASS" starttime="20210711 11:17:49.557" endtime="20210711 11:17:49.776"/>
</iter>
<iter>
<var name="${index}">16</var>
<kw name="Get Registration Form Data" library="DataManager">
<var>${registration_form_data}</var>
<kw name="Read Registration Form Data" library="RegistrationFormDataReader">
<var>${registration_form_data}</var>
<msg timestamp="20210711 11:17:49.832" level="INFO">1: {'username': {'value': 'abcdefg', 'isValid': False, 'expected_error': 'Minimum 8 characters required. Space character is not allowed'}, 'password': {'value': 'abcd0123456789defghjk4', 'isValid': False, 'expected_error': 'Min 8 characters. Must contain at least one character from [a-z], [A-Z], [0-9] and [!?.]'}, 'first_name': {'value': 'Ha', 'isValid': True}, 'last_name': {'value': '', 'isValid': False, 'expected_error': 'Each last name must contain only characters from the set [a-zA-Z]. Last names must be seperated by a a single space. Last names must have at least 2 characters'}, 'phone_number': {'value': '+358abc662712xyz', 'isValid': False, 'expected_error': 'phone number can only contain numbers [0-9] and optionally a single plus sign at the beginning indicating the country code'}}</msg>
<msg timestamp="20210711 11:17:49.832" level="INFO">${registration_form_data} = {'username': {'value': 'abcdefg', 'isValid': False, 'expected_error': 'Minimum 8 characters required. Space character is not allowed'}, 'password': {'value': 'abcd0123456789defghjk4', 'isValid': False...</msg>
<status status="PASS" starttime="20210711 11:17:49.777" endtime="20210711 11:17:49.832"/>
</kw>
<msg timestamp="20210711 11:17:49.833" level="INFO">${registration_form_data} = {'username': {'value': 'abcdefg', 'isValid': False, 'expected_error': 'Minimum 8 characters required. Space character is not allowed'}, 'password': {'value': 'abcd0123456789defghjk4', 'isValid': False...</msg>
<status status="PASS" starttime="20210711 11:17:49.776" endtime="20210711 11:17:49.833"/>
</kw>
<kw name="Exit For Loop If" library="BuiltIn">
<arg>$registration_form_data is None</arg>
<doc>Stops executing the enclosing for loop if the ``condition`` is true.</doc>
<status status="PASS" starttime="20210711 11:17:49.833" endtime="20210711 11:17:49.833"/>
</kw>
<kw name="Log To Console" library="BuiltIn">
<arg>${index} ${registration_form_data}</arg>
<doc>Logs the given message to the console.</doc>
<status status="PASS" starttime="20210711 11:17:49.833" endtime="20210711 11:17:49.834"/>
</kw>
<status status="PASS" starttime="20210711 11:17:49.776" endtime="20210711 11:17:49.834"/>
</iter>
<iter>
<var name="${index}">17</var>
<kw name="Get Registration Form Data" library="DataManager">
<var>${registration_form_data}</var>
<kw name="Read Registration Form Data" library="RegistrationFormDataReader">
<var>${registration_form_data}</var>
<msg timestamp="20210711 11:17:49.880" level="INFO">1: {'username': {'value': 'abcdefg', 'isValid': False, 'expected_error': 'Minimum 8 characters required. Space character is not allowed'}, 'password': {'value': 'abc!?.Z', 'isValid': False, 'expected_error': 'Min 8 characters. Must contain at least one character from [a-z], [A-Z], [0-9] and [!?.]'}, 'first_name': {'value': 'Hakan123!?.', 'isValid': False, 'expected_error': 'Each first name must contain only characters from the set [a-zA-Z]. First names must be seperated by a a single space. First names must have at least 2 characters'}, 'last_name': {'value': 'Cuzdan123!?.', 'isValid': False, 'expected_error': 'Each last name must contain only characters from the set [a-zA-Z]. Last names must be seperated by a a single space. Last names must have at least 2 characters'}, 'phone_number': {'value': '+358+50666+2712', 'isValid': False, 'expected_error': 'phone number can only contain numbers [0-9] and optionally a single plus sign at the beginning indicating the country code'}}</msg>
<msg timestamp="20210711 11:17:49.881" level="INFO">${registration_form_data} = {'username': {'value': 'abcdefg', 'isValid': False, 'expected_error': 'Minimum 8 characters required. Space character is not allowed'}, 'password': {'value': 'abc!?.Z', 'isValid': False, 'expected_err...</msg>
<status status="PASS" starttime="20210711 11:17:49.834" endtime="20210711 11:17:49.881"/>
</kw>
<msg timestamp="20210711 11:17:49.881" level="INFO">${registration_form_data} = {'username': {'value': 'abcdefg', 'isValid': False, 'expected_error': 'Minimum 8 characters required. Space character is not allowed'}, 'password': {'value': 'abc!?.Z', 'isValid': False, 'expected_err...</msg>
<status status="PASS" starttime="20210711 11:17:49.834" endtime="20210711 11:17:49.881"/>
</kw>
<kw name="Exit For Loop If" library="BuiltIn">
<arg>$registration_form_data is None</arg>
<doc>Stops executing the enclosing for loop if the ``condition`` is true.</doc>
<status status="PASS" starttime="20210711 11:17:49.881" endtime="20210711 11:17:49.882"/>
</kw>
<kw name="Log To Console" library="BuiltIn">
<arg>${index} ${registration_form_data}</arg>
<doc>Logs the given message to the console.</doc>
<status status="PASS" starttime="20210711 11:17:49.882" endtime="20210711 11:17:49.882"/>
</kw>
<status status="PASS" starttime="20210711 11:17:49.834" endtime="20210711 11:17:49.882"/>
</iter>
<iter>
<var name="${index}">18</var>
<kw name="Get Registration Form Data" library="DataManager">
<var>${registration_form_data}</var>
<kw name="Read Registration Form Data" library="RegistrationFormDataReader">
<var>${registration_form_data}</var>
<msg timestamp="20210711 11:17:49.992" level="INFO">1: {'username': {'value': 'abcdefgh', 'isValid': True}, 'password': {'value': 'abcdAB9', 'isValid': False, 'expected_error': 'Min 8 characters. Must contain at least one character from [a-z], [A-Z], [0-9] and [!?.]'}, 'first_name': {'value': 'Ha', 'isValid': True}, 'last_name': {'value': 'Cuzdan', 'isValid': True}, 'phone_number': {'value': '0+506662712+', 'isValid': False, 'expected_error': 'phone number can only contain numbers [0-9] and optionally a single plus sign at the beginning indicating the country code'}}</msg>
<msg timestamp="20210711 11:17:49.992" level="INFO">${registration_form_data} = {'username': {'value': 'abcdefgh', 'isValid': True}, 'password': {'value': 'abcdAB9', 'isValid': False, 'expected_error': 'Min 8 characters. Must contain at least one character from [a-z], [A-Z], [0-9...</msg>
<status status="PASS" starttime="20210711 11:17:49.883" endtime="20210711 11:17:49.992"/>
</kw>
<msg timestamp="20210711 11:17:49.993" level="INFO">${registration_form_data} = {'username': {'value': 'abcdefgh', 'isValid': True}, 'password': {'value': 'abcdAB9', 'isValid': False, 'expected_error': 'Min 8 characters. Must contain at least one character from [a-z], [A-Z], [0-9...</msg>
<status status="PASS" starttime="20210711 11:17:49.882" endtime="20210711 11:17:49.993"/>
</kw>
<kw name="Exit For Loop If" library="BuiltIn">
<arg>$registration_form_data is None</arg>
<doc>Stops executing the enclosing for loop if the ``condition`` is true.</doc>
<status status="PASS" starttime="20210711 11:17:49.993" endtime="20210711 11:17:49.993"/>
</kw>
<kw name="Log To Console" library="BuiltIn">
<arg>${index} ${registration_form_data}</arg>
<doc>Logs the given message to the console.</doc>
<status status="PASS" starttime="20210711 11:17:49.993" endtime="20210711 11:17:49.994"/>
</kw>
<status status="PASS" starttime="20210711 11:17:49.882" endtime="20210711 11:17:49.994"/>
</iter>
<iter>
<var name="${index}">19</var>
<kw name="Get Registration Form Data" library="DataManager">
<var>${registration_form_data}</var>
<kw name="Read Registration Form Data" library="RegistrationFormDataReader">
<var>${registration_form_data}</var>
<msg timestamp="20210711 11:17:50.023" level="INFO">1: {'username': {'value': 'abcdefgh', 'isValid': True}, 'password': {'value': 'abc!?.67', 'isValid': False, 'expected_error': 'Min 8 characters. Must contain at least one character from [a-z], [A-Z], [0-9] and [!?.]'}, 'first_name': {'value': 'H Xu', 'isValid': False, 'expected_error': 'Each first name must contain only characters from the set [a-zA-Z]. First names must be seperated by a a single space. First names must have at least 2 characters'}, 'last_name': {'value': 'Cuzdan123!?.', 'isValid': False, 'expected_error': 'Each last name must contain only characters from the set [a-zA-Z]. Last names must be seperated by a a single space. Last names must have at least 2 characters'}, 'phone_number': {'value': '0+506662712+', 'isValid': False, 'expected_error': 'phone number can only contain numbers [0-9] and optionally a single plus sign at the beginning indicating the country code'}}</msg>
<msg timestamp="20210711 11:17:50.024" level="INFO">${registration_form_data} = {'username': {'value': 'abcdefgh', 'isValid': True}, 'password': {'value': 'abc!?.67', 'isValid': False, 'expected_error': 'Min 8 characters. Must contain at least one character from [a-z], [A-Z], [0-...</msg>
<status status="PASS" starttime="20210711 11:17:49.994" endtime="20210711 11:17:50.024"/>
</kw>
<msg timestamp="20210711 11:17:50.024" level="INFO">${registration_form_data} = {'username': {'value': 'abcdefgh', 'isValid': True}, 'password': {'value': 'abc!?.67', 'isValid': False, 'expected_error': 'Min 8 characters. Must contain at least one character from [a-z], [A-Z], [0-...</msg>
<status status="PASS" starttime="20210711 11:17:49.994" endtime="20210711 11:17:50.024"/>
</kw>
<kw name="Exit For Loop If" library="BuiltIn">
<arg>$registration_form_data is None</arg>
<doc>Stops executing the enclosing for loop if the ``condition`` is true.</doc>
<status status="PASS" starttime="20210711 11:17:50.024" endtime="20210711 11:17:50.025"/>
</kw>
<kw name="Log To Console" library="BuiltIn">
<arg>${index} ${registration_form_data}</arg>
<doc>Logs the given message to the console.</doc>
<status status="PASS" starttime="20210711 11:17:50.025" endtime="20210711 11:17:50.025"/>
</kw>
<status status="PASS" starttime="20210711 11:17:49.994" endtime="20210711 11:17:50.025"/>
</iter>
<iter>
<var name="${index}">20</var>
<kw name="Get Registration Form Data" library="DataManager">
<var>${registration_form_data}</var>
<kw name="Read Registration Form Data" library="RegistrationFormDataReader">
<var>${registration_form_data}</var>
<msg timestamp="20210711 11:17:50.206" level="INFO">1: {'username': {'value': 'hakan12', 'isValid': False, 'expected_error': 'Minimum 8 characters required. Space character is not allowed'}, 'password': {'value': 'abcdefg', 'isValid': False, 'expected_error': 'Min 8 characters. Must contain at least one character from [a-z], [A-Z], [0-9] and [!?.]'}, 'first_name': {'value': 'Ha', 'isValid': True}, 'last_name': {'value': 'Holm Cuzdan', 'isValid': True}, 'phone_number': {'value': '+358506662712', 'isValid': True}}</msg>
<msg timestamp="20210711 11:17:50.206" level="INFO">${registration_form_data} = {'username': {'value': 'hakan12', 'isValid': False, 'expected_error': 'Minimum 8 characters required. Space character is not allowed'}, 'password': {'value': 'abcdefg', 'isValid': False, 'expected_err...</msg>
<status status="PASS" starttime="20210711 11:17:50.026" endtime="20210711 11:17:50.206"/>
</kw>
<msg timestamp="20210711 11:17:50.206" level="INFO">${registration_form_data} = {'username': {'value': 'hakan12', 'isValid': False, 'expected_error': 'Minimum 8 characters required. Space character is not allowed'}, 'password': {'value': 'abcdefg', 'isValid': False, 'expected_err...</msg>
<status status="PASS" starttime="20210711 11:17:50.025" endtime="20210711 11:17:50.206"/>
</kw>
<kw name="Exit For Loop If" library="BuiltIn">
<arg>$registration_form_data is None</arg>
<doc>Stops executing the enclosing for loop if the ``condition`` is true.</doc>
<status status="PASS" starttime="20210711 11:17:50.206" endtime="20210711 11:17:50.207"/>
</kw>
<kw name="Log To Console" library="BuiltIn">
<arg>${index} ${registration_form_data}</arg>
<doc>Logs the given message to the console.</doc>
<status status="PASS" starttime="20210711 11:17:50.207" endtime="20210711 11:17:50.207"/>
</kw>
<status status="PASS" starttime="20210711 11:17:50.025" endtime="20210711 11:17:50.207"/>
</iter>
<iter>
<var name="${index}">21</var>
<kw name="Get Registration Form Data" library="DataManager">
<var>${registration_form_data}</var>
<kw name="Read Registration Form Data" library="RegistrationFormDataReader">
<var>${registration_form_data}</var>
<msg timestamp="20210711 11:17:50.232" level="INFO">1: {'username': {'value': 'hakan12', 'isValid': False, 'expected_error': 'Minimum 8 characters required. Space character is not allowed'}, 'password': {'value': 'abcdABC', 'isValid': False, 'expected_error': 'Min 8 characters. Must contain at least one character from [a-z], [A-Z], [0-9] and [!?.]'}, 'first_name': {'value': 'Helena', 'isValid': True}, 'last_name': {'value': 'Cuzdan123!?.', 'isValid': False, 'expected_error': 'Each last name must contain only characters from the set [a-zA-Z]. Last names must be seperated by a a single space. Last names must have at least 2 characters'}, 'phone_number': {'value': '0506662712', 'isValid': True}}</msg>
<msg timestamp="20210711 11:17:50.232" level="INFO">${registration_form_data} = {'username': {'value': 'hakan12', 'isValid': False, 'expected_error': 'Minimum 8 characters required. Space character is not allowed'}, 'password': {'value': 'abcdABC', 'isValid': False, 'expected_err...</msg>
<status status="PASS" starttime="20210711 11:17:50.208" endtime="20210711 11:17:50.232"/>
</kw>
<msg timestamp="20210711 11:17:50.232" level="INFO">${registration_form_data} = {'username': {'value': 'hakan12', 'isValid': False, 'expected_error': 'Minimum 8 characters required. Space character is not allowed'}, 'password': {'value': 'abcdABC', 'isValid': False, 'expected_err...</msg>
<status status="PASS" starttime="20210711 11:17:50.207" endtime="20210711 11:17:50.232"/>
</kw>
<kw name="Exit For Loop If" library="BuiltIn">
<arg>$registration_form_data is None</arg>
<doc>Stops executing the enclosing for loop if the ``condition`` is true.</doc>
<status status="PASS" starttime="20210711 11:17:50.232" endtime="20210711 11:17:50.233"/>
</kw>
<kw name="Log To Console" library="BuiltIn">
<arg>${index} ${registration_form_data}</arg>
<doc>Logs the given message to the console.</doc>
<status status="PASS" starttime="20210711 11:17:50.233" endtime="20210711 11:17:50.233"/>
</kw>
<status status="PASS" starttime="20210711 11:17:50.207" endtime="20210711 11:17:50.233"/>
</iter>
<iter>
<var name="${index}">22</var>
<kw name="Get Registration Form Data" library="DataManager">
<var>${registration_form_data}</var>
<kw name="Read Registration Form Data" library="RegistrationFormDataReader">
<var>${registration_form_data}</var>
<msg timestamp="20210711 11:17:50.331" level="INFO">1: {'username': {'value': 'hakan12', 'isValid': False, 'expected_error': 'Minimum 8 characters required. Space character is not allowed'}, 'password': {'value': 'ABC!?.01ABC!?.01ABC!?.', 'isValid': False, 'expected_error': 'Min 8 characters. Must contain at least one character from [a-z], [A-Z], [0-9] and [!?.]'}, 'first_name': {'value': 'Ha Xu', 'isValid': True}, 'last_name': {'value': 'Holm123', 'isValid': False, 'expected_error': 'Each last name must contain only characters from the set [a-zA-Z]. Last names must be seperated by a a single space. Last names must have at least 2 characters'}, 'phone_number': {'value': '', 'isValid': False, 'expected_error': 'phone number can only contain numbers [0-9] and optionally a single plus sign at the beginning indicating the country code'}}</msg>
<msg timestamp="20210711 11:17:50.331" level="INFO">${registration_form_data} = {'username': {'value': 'hakan12', 'isValid': False, 'expected_error': 'Minimum 8 characters required. Space character is not allowed'}, 'password': {'value': 'ABC!?.01ABC!?.01ABC!?.', 'isValid': False...</msg>
<status status="PASS" starttime="20210711 11:17:50.234" endtime="20210711 11:17:50.331"/>
</kw>
<msg timestamp="20210711 11:17:50.331" level="INFO">${registration_form_data} = {'username': {'value': 'hakan12', 'isValid': False, 'expected_error': 'Minimum 8 characters required. Space character is not allowed'}, 'password': {'value': 'ABC!?.01ABC!?.01ABC!?.', 'isValid': False...</msg>
<status status="PASS" starttime="20210711 11:17:50.234" endtime="20210711 11:17:50.331"/>
</kw>
<kw name="Exit For Loop If" library="BuiltIn">
<arg>$registration_form_data is None</arg>
<doc>Stops executing the enclosing for loop if the ``condition`` is true.</doc>
<status status="PASS" starttime="20210711 11:17:50.332" endtime="20210711 11:17:50.332"/>
</kw>
<kw name="Log To Console" library="BuiltIn">
<arg>${index} ${registration_form_data}</arg>
<doc>Logs the given message to the console.</doc>
<status status="PASS" starttime="20210711 11:17:50.332" endtime="20210711 11:17:50.332"/>
</kw>
<status status="PASS" starttime="20210711 11:17:50.233" endtime="20210711 11:17:50.332"/>
</iter>
<iter>
<var name="${index}">23</var>
<kw name="Get Registration Form Data" library="DataManager">
<var>${registration_form_data}</var>
<kw name="Read Registration Form Data" library="RegistrationFormDataReader">
<var>${registration_form_data}</var>
<msg timestamp="20210711 11:17:50.495" level="INFO">1: {'username': {'value': 'hakan123456789123456789', 'isValid': True}, 'password': {'value': 'abcdefg', 'isValid': False, 'expected_error': 'Min 8 characters. Must contain at least one character from [a-z], [A-Z], [0-9] and [!?.]'}, 'first_name': {'value': 'H Xu', 'isValid': False, 'expected_error': 'Each first name must contain only characters from the set [a-zA-Z]. First names must be seperated by a a single space. First names must have at least 2 characters'}, 'last_name': {'value': 'Holm', 'isValid': True}, 'phone_number': {'value': '0506662712', 'isValid': True}}</msg>
<msg timestamp="20210711 11:17:50.495" level="INFO">${registration_form_data} = {'username': {'value': 'hakan123456789123456789', 'isValid': True}, 'password': {'value': 'abcdefg', 'isValid': False, 'expected_error': 'Min 8 characters. Must contain at least one character from [a-...</msg>
<status status="PASS" starttime="20210711 11:17:50.333" endtime="20210711 11:17:50.495"/>
</kw>
<msg timestamp="20210711 11:17:50.495" level="INFO">${registration_form_data} = {'username': {'value': 'hakan123456789123456789', 'isValid': True}, 'password': {'value': 'abcdefg', 'isValid': False, 'expected_error': 'Min 8 characters. Must contain at least one character from [a-...</msg>
<status status="PASS" starttime="20210711 11:17:50.333" endtime="20210711 11:17:50.495"/>
</kw>
<kw name="Exit For Loop If" library="BuiltIn">
<arg>$registration_form_data is None</arg>
<doc>Stops executing the enclosing for loop if the ``condition`` is true.</doc>
<status status="PASS" starttime="20210711 11:17:50.495" endtime="20210711 11:17:50.496"/>
</kw>
<kw name="Log To Console" library="BuiltIn">
<arg>${index} ${registration_form_data}</arg>
<doc>Logs the given message to the console.</doc>
<status status="PASS" starttime="20210711 11:17:50.496" endtime="20210711 11:17:50.496"/>
</kw>
<status status="PASS" starttime="20210711 11:17:50.333" endtime="20210711 11:17:50.496"/>
</iter>
<iter>
<var name="${index}">24</var>
<kw name="Get Registration Form Data" library="DataManager">
<var>${registration_form_data}</var>
<kw name="Read Registration Form Data" library="RegistrationFormDataReader">
<var>${registration_form_data}</var>
<msg timestamp="20210711 11:17:50.633" level="INFO">1: {'username': {'value': '#¤%123!', 'isValid': False, 'expected_error': 'Minimum 8 characters required. Space character is not allowed'}, 'password': {'value': '', 'isValid': False, 'expected_error': 'Min 8 characters. Must contain at least one character from [a-z], [A-Z], [0-9] and [!?.]'}, 'first_name': {'value': 'Ha', 'isValid': True}, 'last_name': {'value': 'Holm Cuzdan', 'isValid': True}, 'phone_number': {'value': '+358506abc!#662712', 'isValid': False, 'expected_error': 'phone number can only contain numbers [0-9] and optionally a single plus sign at the beginning indicating the country code'}}</msg>
<msg timestamp="20210711 11:17:50.634" level="INFO">${registration_form_data} = {'username': {'value': '#¤%123!', 'isValid': False, 'expected_error': 'Minimum 8 characters required. Space character is not allowed'}, 'password': {'value': '', 'isValid': False, 'expected_error': 'M...</msg>
<status status="PASS" starttime="20210711 11:17:50.497" endtime="20210711 11:17:50.634"/>
</kw>
<msg timestamp="20210711 11:17:50.634" level="INFO">${registration_form_data} = {'username': {'value': '#¤%123!', 'isValid': False, 'expected_error': 'Minimum 8 characters required. Space character is not allowed'}, 'password': {'value': '', 'isValid': False, 'expected_error': 'M...</msg>
<status status="PASS" starttime="20210711 11:17:50.497" endtime="20210711 11:17:50.634"/>
</kw>
<kw name="Exit For Loop If" library="BuiltIn">
<arg>$registration_form_data is None</arg>
<doc>Stops executing the enclosing for loop if the ``condition`` is true.</doc>
<status status="PASS" starttime="20210711 11:17:50.634" endtime="20210711 11:17:50.635"/>
</kw>
<kw name="Log To Console" library="BuiltIn">
<arg>${index} ${registration_form_data}</arg>
<doc>Logs the given message to the console.</doc>
<status status="PASS" starttime="20210711 11:17:50.635" endtime="20210711 11:17:50.635"/>
</kw>
<status status="PASS" starttime="20210711 11:17:50.496" endtime="20210711 11:17:50.635"/>
</iter>
<iter>
<var name="${index}">25</var>
<kw name="Get Registration Form Data" library="DataManager">
<var>${registration_form_data}</var>
<kw name="Read Registration Form Data" library="RegistrationFormDataReader">
<var>${registration_form_data}</var>
<msg timestamp="20210711 11:17:50.722" level="INFO">1: {'username': {'value': '#¤%123!', 'isValid': False, 'expected_error': 'Minimum 8 characters required. Space character is not allowed'}, 'password': {'value': 'abc!?.ZAabc!?.ZAabc!?.', 'isValid': False, 'expected_error': 'Min 8 characters. Must contain at least one character from [a-z], [A-Z], [0-9] and [!?.]'}, 'first_name': {'value': 'Ha Xu', 'isValid': True}, 'last_name': {'value': 'Holm      Cuzdan', 'isValid': False, 'expected_error': 'Each last name must contain only characters from the set [a-zA-Z]. Last names must be seperated by a a single space. Last names must have at least 2 characters'}, 'phone_number': {'value': '0+506662712+', 'isValid': False, 'expected_error': 'phone number can only contain numbers [0-9] and optionally a single plus sign at the beginning indicating the country code'}}</msg>
<msg timestamp="20210711 11:17:50.723" level="INFO">${registration_form_data} = {'username': {'value': '#¤%123!', 'isValid': False, 'expected_error': 'Minimum 8 characters required. Space character is not allowed'}, 'password': {'value': 'abc!?.ZAabc!?.ZAabc!?.', 'isValid': False...</msg>
<status status="PASS" starttime="20210711 11:17:50.636" endtime="20210711 11:17:50.723"/>
</kw>
<msg timestamp="20210711 11:17:50.723" level="INFO">${registration_form_data} = {'username': {'value': '#¤%123!', 'isValid': False, 'expected_error': 'Minimum 8 characters required. Space character is not allowed'}, 'password': {'value': 'abc!?.ZAabc!?.ZAabc!?.', 'isValid': False...</msg>
<status status="PASS" starttime="20210711 11:17:50.635" endtime="20210711 11:17:50.723"/>
</kw>
<kw name="Exit For Loop If" library="BuiltIn">
<arg>$registration_form_data is None</arg>
<doc>Stops executing the enclosing for loop if the ``condition`` is true.</doc>
<status status="PASS" starttime="20210711 11:17:50.723" endtime="20210711 11:17:50.723"/>
</kw>
<kw name="Log To Console" library="BuiltIn">
<arg>${index} ${registration_form_data}</arg>
<doc>Logs the given message to the console.</doc>
<status status="PASS" starttime="20210711 11:17:50.724" endtime="20210711 11:17:50.724"/>
</kw>
<status status="PASS" starttime="20210711 11:17:50.635" endtime="20210711 11:17:50.724"/>
</iter>
<iter>
<var name="${index}">26</var>
<kw name="Get Registration Form Data" library="DataManager">
<var>${registration_form_data}</var>
<kw name="Read Registration Form Data" library="RegistrationFormDataReader">
<var>${registration_form_data}</var>
<msg timestamp="20210711 11:17:50.755" level="INFO">1: {'username': {'value': '#¤%123!', 'isValid': False, 'expected_error': 'Minimum 8 characters required. Space character is not allowed'}, 'password': {'value': '012!?.a', 'isValid': False, 'expected_error': 'Min 8 characters. Must contain at least one character from [a-z], [A-Z], [0-9] and [!?.]'}, 'first_name': {'value': 'H Xu', 'isValid': False, 'expected_error': 'Each first name must contain only characters from the set [a-zA-Z]. First names must be seperated by a a single space. First names must have at least 2 characters'}, 'last_name': {'value': 'W X', 'isValid': False, 'expected_error': 'Each last name must contain only characters from the set [a-zA-Z]. Last names must be seperated by a a single space. Last names must have at least 2 characters'}, 'phone_number': {'value': '050!?.#662712', 'isValid': False, 'expected_error': 'phone number can only contain numbers [0-9] and optionally a single plus sign at the beginning indicating the country code'}}</msg>
<msg timestamp="20210711 11:17:50.755" level="INFO">${registration_form_data} = {'username': {'value': '#¤%123!', 'isValid': False, 'expected_error': 'Minimum 8 characters required. Space character is not allowed'}, 'password': {'value': '012!?.a', 'isValid': False, 'expected_err...</msg>
<status status="PASS" starttime="20210711 11:17:50.724" endtime="20210711 11:17:50.755"/>
</kw>
<msg timestamp="20210711 11:17:50.756" level="INFO">${registration_form_data} = {'username': {'value': '#¤%123!', 'isValid': False, 'expected_error': 'Minimum 8 characters required. Space character is not allowed'}, 'password': {'value': '012!?.a', 'isValid': False, 'expected_err...</msg>
<status status="PASS" starttime="20210711 11:17:50.724" endtime="20210711 11:17:50.756"/>
</kw>
<kw name="Exit For Loop If" library="BuiltIn">
<arg>$registration_form_data is None</arg>
<doc>Stops executing the enclosing for loop if the ``condition`` is true.</doc>
<status status="PASS" starttime="20210711 11:17:50.756" endtime="20210711 11:17:50.756"/>
</kw>
<kw name="Log To Console" library="BuiltIn">
<arg>${index} ${registration_form_data}</arg>
<doc>Logs the given message to the console.</doc>
<status status="PASS" starttime="20210711 11:17:50.756" endtime="20210711 11:17:50.757"/>
</kw>
<status status="PASS" starttime="20210711 11:17:50.724" endtime="20210711 11:17:50.757"/>
</iter>
<iter>
<var name="${index}">27</var>
<kw name="Get Registration Form Data" library="DataManager">
<var>${registration_form_data}</var>
<kw name="Read Registration Form Data" library="RegistrationFormDataReader">
<var>${registration_form_data}</var>
<msg timestamp="20210711 11:17:50.883" level="INFO">1: {'username': {'value': '#¤%123!&amp;', 'isValid': True}, 'password': {'value': 'ABC456.?ABC456.?ABC456', 'isValid': False, 'expected_error': 'Min 8 characters. Must contain at least one character from [a-z], [A-Z], [0-9] and [!?.]'}, 'first_name': {'value': 'Helena      Margaretha', 'isValid': False, 'expected_error': 'Each first name must contain only characters from the set [a-zA-Z]. First names must be seperated by a a single space. First names must have at least 2 characters'}, 'last_name': {'value': 'Cuzdan123!?.', 'isValid': False, 'expected_error': 'Each last name must contain only characters from the set [a-zA-Z]. Last names must be seperated by a a single space. Last names must have at least 2 characters'}, 'phone_number': {'value': '+358506662712', 'isValid': True}}</msg>
<msg timestamp="20210711 11:17:50.883" level="INFO">${registration_form_data} = {'username': {'value': '#¤%123!&amp;', 'isValid': True}, 'password': {'value': 'ABC456.?ABC456.?ABC456', 'isValid': False, 'expected_error': 'Min 8 characters. Must contain at least one character from [a-...</msg>
<status status="PASS" starttime="20210711 11:17:50.757" endtime="20210711 11:17:50.883"/>
</kw>
<msg timestamp="20210711 11:17:50.883" level="INFO">${registration_form_data} = {'username': {'value': '#¤%123!&amp;', 'isValid': True}, 'password': {'value': 'ABC456.?ABC456.?ABC456', 'isValid': False, 'expected_error': 'Min 8 characters. Must contain at least one character from [a-...</msg>
<status status="PASS" starttime="20210711 11:17:50.757" endtime="20210711 11:17:50.883"/>
</kw>
<kw name="Exit For Loop If" library="BuiltIn">
<arg>$registration_form_data is None</arg>
<doc>Stops executing the enclosing for loop if the ``condition`` is true.</doc>
<status status="PASS" starttime="20210711 11:17:50.884" endtime="20210711 11:17:50.884"/>
</kw>
<kw name="Log To Console" library="BuiltIn">
<arg>${index} ${registration_form_data}</arg>
<doc>Logs the given message to the console.</doc>
<status status="PASS" starttime="20210711 11:17:50.884" endtime="20210711 11:17:50.884"/>
</kw>
<status status="PASS" starttime="20210711 11:17:50.757" endtime="20210711 11:17:50.884"/>
</iter>
<iter>
<var name="${index}">28</var>
<kw name="Get Registration Form Data" library="DataManager">
<var>${registration_form_data}</var>
<kw name="Read Registration Form Data" library="RegistrationFormDataReader">
<var>${registration_form_data}</var>
<msg timestamp="20210711 11:17:50.891" level="INFO">1: {'username': {'value': '#¤%123!&amp;', 'isValid': True}, 'password': {'value': 'ABC!?.abABC!?.abABC!?.', 'isValid': False, 'expected_error': 'Min 8 characters. Must contain at least one character from [a-z], [A-Z], [0-9] and [!?.]'}, 'first_name': {'value': 'Helena      Margaretha', 'isValid': False, 'expected_error': 'Each first name must contain only characters from the set [a-zA-Z]. First names must be seperated by a a single space. First names must have at least 2 characters'}, 'last_name': {'value': '', 'isValid': False, 'expected_error': 'Each last name must contain only characters from the set [a-zA-Z]. Last names must be seperated by a a single space. Last names must have at least 2 characters'}, 'phone_number': {'value': '+358506abc!#662712', 'isValid': False, 'expected_error': 'phone number can only contain numbers [0-9] and optionally a single plus sign at the beginning indicating the country code'}}</msg>
<msg timestamp="20210711 11:17:50.891" level="INFO">${registration_form_data} = {'username': {'value': '#¤%123!&amp;', 'isValid': True}, 'password': {'value': 'ABC!?.abABC!?.abABC!?.', 'isValid': False, 'expected_error': 'Min 8 characters. Must contain at least one character from [a-...</msg>
<status status="PASS" starttime="20210711 11:17:50.885" endtime="20210711 11:17:50.891"/>
</kw>
<msg timestamp="20210711 11:17:50.891" level="INFO">${registration_form_data} = {'username': {'value': '#¤%123!&amp;', 'isValid': True}, 'password': {'value': 'ABC!?.abABC!?.abABC!?.', 'isValid': False, 'expected_error': 'Min 8 characters. Must contain at least one character from [a-...</msg>
<status status="PASS" starttime="20210711 11:17:50.885" endtime="20210711 11:17:50.891"/>
</kw>
<kw name="Exit For Loop If" library="BuiltIn">
<arg>$registration_form_data is None</arg>
<doc>Stops executing the enclosing for loop if the ``condition`` is true.</doc>
<status status="PASS" starttime="20210711 11:17:50.891" endtime="20210711 11:17:50.892"/>
</kw>
<kw name="Log To Console" library="BuiltIn">
<arg>${index} ${registration_form_data}</arg>
<doc>Logs the given message to the console.</doc>
<status status="PASS" starttime="20210711 11:17:50.892" endtime="20210711 11:17:50.892"/>
</kw>
<status status="PASS" starttime="20210711 11:17:50.885" endtime="20210711 11:17:50.892"/>
</iter>
<iter>
<var name="${index}">29</var>
<kw name="Get Registration Form Data" library="DataManager">
<var>${registration_form_data}</var>
<kw name="Read Registration Form Data" library="RegistrationFormDataReader">
<var>${registration_form_data}</var>
<msg timestamp="20210711 11:17:50.936" level="INFO">1: {'username': {'value': '#¤%123!&amp;7683##()=?@#¤%&amp;34567', 'isValid': True}, 'password': {'value': '!?.?!.!', 'isValid': False, 'expected_error': 'Min 8 characters. Must contain at least one character from [a-z], [A-Z], [0-9] and [!?.]'}, 'first_name': {'value': 'Hakan', 'isValid': True}, 'last_name': {'value': 'Cuzdan', 'isValid': True}, 'phone_number': {'value': '+358abc662712xyz', 'isValid': False, 'expected_error': 'phone number can only contain numbers [0-9] and optionally a single plus sign at the beginning indicating the country code'}}</msg>
<msg timestamp="20210711 11:17:50.936" level="INFO">${registration_form_data} = {'username': {'value': '#¤%123!&amp;7683##()=?@#¤%&amp;34567', 'isValid': True}, 'password': {'value': '!?.?!.!', 'isValid': False, 'expected_error': 'Min 8 characters. Must contain at least one character fro...</msg>
<status status="PASS" starttime="20210711 11:17:50.893" endtime="20210711 11:17:50.936"/>
</kw>
<msg timestamp="20210711 11:17:50.936" level="INFO">${registration_form_data} = {'username': {'value': '#¤%123!&amp;7683##()=?@#¤%&amp;34567', 'isValid': True}, 'password': {'value': '!?.?!.!', 'isValid': False, 'expected_error': 'Min 8 characters. Must contain at least one character fro...</msg>
<status status="PASS" starttime="20210711 11:17:50.892" endtime="20210711 11:17:50.936"/>
</kw>
<kw name="Exit For Loop If" library="BuiltIn">
<arg>$registration_form_data is None</arg>
<doc>Stops executing the enclosing for loop if the ``condition`` is true.</doc>
<status status="PASS" starttime="20210711 11:17:50.937" endtime="20210711 11:17:50.937"/>
</kw>
<kw name="Log To Console" library="BuiltIn">
<arg>${index} ${registration_form_data}</arg>
<doc>Logs the given message to the console.</doc>
<status status="PASS" starttime="20210711 11:17:50.937" endtime="20210711 11:17:50.938"/>
</kw>
<status status="PASS" starttime="20210711 11:17:50.892" endtime="20210711 11:17:50.938"/>
</iter>
<iter>
<var name="${index}">30</var>
<kw name="Get Registration Form Data" library="DataManager">
<var>${registration_form_data}</var>
<kw name="Read Registration Form Data" library="RegistrationFormDataReader">
<var>${registration_form_data}</var>
<msg timestamp="20210711 11:17:50.952" level="INFO">1: {'username': {'value': '#¤%123!&amp;7683##()=?@#¤%&amp;34567', 'isValid': True}, 'password': {'value': 'abcd0123', 'isValid': False, 'expected_error': 'Min 8 characters. Must contain at least one character from [a-z], [A-Z], [0-9] and [!?.]'}, 'first_name': {'value': 'Ha X', 'isValid': False, 'expected_error': 'Each first name must contain only characters from the set [a-zA-Z]. First names must be seperated by a a single space. First names must have at least 2 characters'}, 'last_name': {'value': 'W Xi', 'isValid': False, 'expected_error': 'Each last name must contain only characters from the set [a-zA-Z]. Last names must be seperated by a a single space. Last names must have at least 2 characters'}, 'phone_number': {'value': '0506662712', 'isValid': True}}</msg>
<msg timestamp="20210711 11:17:50.952" level="INFO">${registration_form_data} = {'username': {'value': '#¤%123!&amp;7683##()=?@#¤%&amp;34567', 'isValid': True}, 'password': {'value': 'abcd0123', 'isValid': False, 'expected_error': 'Min 8 characters. Must contain at least one character fr...</msg>
<status status="PASS" starttime="20210711 11:17:50.938" endtime="20210711 11:17:50.953"/>
</kw>
<msg timestamp="20210711 11:17:50.953" level="INFO">${registration_form_data} = {'username': {'value': '#¤%123!&amp;7683##()=?@#¤%&amp;34567', 'isValid': True}, 'password': {'value': 'abcd0123', 'isValid': False, 'expected_error': 'Min 8 characters. Must contain at least one character fr...</msg>
<status status="PASS" starttime="20210711 11:17:50.938" endtime="20210711 11:17:50.953"/>
</kw>
<kw name="Exit For Loop If" library="BuiltIn">
<arg>$registration_form_data is None</arg>
<doc>Stops executing the enclosing for loop if the ``condition`` is true.</doc>
<status status="PASS" starttime="20210711 11:17:50.953" endtime="20210711 11:17:50.953"/>
</kw>
<kw name="Log To Console" library="BuiltIn">
<arg>${index} ${registration_form_data}</arg>
<doc>Logs the given message to the console.</doc>
[...]
</iter>
<iter>
<var name="${index}">93</var>
<kw name="Get Registration Form Data" library="DataManager">
<var>${registration_form_data}</var>
<kw name="Read Registration Form Data" library="RegistrationFormDataReader">
<var>${registration_form_data}</var>
<msg timestamp="20210711 11:17:54.671" level="INFO">1: {'username': {'value': '#¤ abc!', 'isValid': False, 'expected_error': 'Minimum 8 characters required. Space character is not allowed'}, 'password': {'value': 'abc!?.67', 'isValid': False, 'expected_error': 'Min 8 characters. Must contain at least one character from [a-z], [A-Z], [0-9] and [!?.]'}, 'first_name': {'value': 'Helena', 'isValid': True}, 'last_name': {'value': 'Wi', 'isValid': True}, 'phone_number': {'value': '0+506662712+', 'isValid': False, 'expected_error': 'phone number can only contain numbers [0-9] and optionally a single plus sign at the beginning indicating the country code'}}</msg>
<msg timestamp="20210711 11:17:54.672" level="INFO">${registration_form_data} = {'username': {'value': '#¤ abc!', 'isValid': False, 'expected_error': 'Minimum 8 characters required. Space character is not allowed'}, 'password': {'value': 'abc!?.67', 'isValid': False, 'expected_er...</msg>
<status status="PASS" starttime="20210711 11:17:54.550" endtime="20210711 11:17:54.672"/>
</kw>
<msg timestamp="20210711 11:17:54.672" level="INFO">${registration_form_data} = {'username': {'value': '#¤ abc!', 'isValid': False, 'expected_error': 'Minimum 8 characters required. Space character is not allowed'}, 'password': {'value': 'abc!?.67', 'isValid': False, 'expected_er...</msg>
<status status="PASS" starttime="20210711 11:17:54.550" endtime="20210711 11:17:54.672"/>
</kw>
<kw name="Exit For Loop If" library="BuiltIn">
<arg>$registration_form_data is None</arg>
<doc>Stops executing the enclosing for loop if the ``condition`` is true.</doc>
<status status="PASS" starttime="20210711 11:17:54.672" endtime="20210711 11:17:54.673"/>
</kw>
<kw name="Log To Console" library="BuiltIn">
<arg>${index} ${registration_form_data}</arg>
<doc>Logs the given message to the console.</doc>
<status status="PASS" starttime="20210711 11:17:54.673" endtime="20210711 11:17:54.673"/>
</kw>
<status status="PASS" starttime="20210711 11:17:54.550" endtime="20210711 11:17:54.673"/>
</iter>
<iter>
<var name="${index}">94</var>
<kw name="Get Registration Form Data" library="DataManager">
<var>${registration_form_data}</var>
<kw name="Read Registration Form Data" library="RegistrationFormDataReader">
<var>${registration_form_data}</var>
<msg timestamp="20210711 11:17:54.743" level="INFO">1: {'username': {'value': '#¤ abc!g', 'isValid': False, 'expected_error': 'Minimum 8 characters required. Space character is not allowed'}, 'password': {'value': '!?.?!.!', 'isValid': False, 'expected_error': 'Min 8 characters. Must contain at least one character from [a-z], [A-Z], [0-9] and [!?.]'}, 'first_name': {'value': '', 'isValid': False, 'expected_error': 'Each first name must contain only characters from the set [a-zA-Z]. First names must be seperated by a a single space. First names must have at least 2 characters'}, 'last_name': {'value': 'Wi', 'isValid': True}, 'phone_number': {'value': '+358+50666+2712', 'isValid': False, 'expected_error': 'phone number can only contain numbers [0-9] and optionally a single plus sign at the beginning indicating the country code'}}</msg>
<msg timestamp="20210711 11:17:54.743" level="INFO">${registration_form_data} = {'username': {'value': '#¤ abc!g', 'isValid': False, 'expected_error': 'Minimum 8 characters required. Space character is not allowed'}, 'password': {'value': '!?.?!.!', 'isValid': False, 'expected_er...</msg>
<status status="PASS" starttime="20210711 11:17:54.674" endtime="20210711 11:17:54.743"/>
</kw>
<msg timestamp="20210711 11:17:54.744" level="INFO">${registration_form_data} = {'username': {'value': '#¤ abc!g', 'isValid': False, 'expected_error': 'Minimum 8 characters required. Space character is not allowed'}, 'password': {'value': '!?.?!.!', 'isValid': False, 'expected_er...</msg>
<status status="PASS" starttime="20210711 11:17:54.674" endtime="20210711 11:17:54.744"/>
</kw>
<kw name="Exit For Loop If" library="BuiltIn">
<arg>$registration_form_data is None</arg>
<doc>Stops executing the enclosing for loop if the ``condition`` is true.</doc>
<status status="PASS" starttime="20210711 11:17:54.744" endtime="20210711 11:17:54.744"/>
</kw>
<kw name="Log To Console" library="BuiltIn">
<arg>${index} ${registration_form_data}</arg>
<doc>Logs the given message to the console.</doc>
<status status="PASS" starttime="20210711 11:17:54.744" endtime="20210711 11:17:54.745"/>
</kw>
<status status="PASS" starttime="20210711 11:17:54.673" endtime="20210711 11:17:54.745"/>
</iter>
<iter>
<var name="${index}">95</var>
<kw name="Get Registration Form Data" library="DataManager">
<var>${registration_form_data}</var>
<kw name="Read Registration Form Data" library="RegistrationFormDataReader">
<var>${registration_form_data}</var>
<msg timestamp="20210711 11:17:54.846" level="INFO">1: {'username': {'value': '#¤ abc!g', 'isValid': False, 'expected_error': 'Minimum 8 characters required. Space character is not allowed'}, 'password': {'value': '012!?.a', 'isValid': False, 'expected_error': 'Min 8 characters. Must contain at least one character from [a-z], [A-Z], [0-9] and [!?.]'}, 'first_name': {'value': 'Helena123', 'isValid': False, 'expected_error': 'Each first name must contain only characters from the set [a-zA-Z]. First names must be seperated by a a single space. First names must have at least 2 characters'}, 'last_name': {'value': 'W Xi', 'isValid': False, 'expected_error': 'Each last name must contain only characters from the set [a-zA-Z]. Last names must be seperated by a a single space. Last names must have at least 2 characters'}, 'phone_number': {'value': '+358+50666+2712', 'isValid': False, 'expected_error': 'phone number can only contain numbers [0-9] and optionally a single plus sign at the beginning indicating the country code'}}</msg>
<msg timestamp="20210711 11:17:54.846" level="INFO">${registration_form_data} = {'username': {'value': '#¤ abc!g', 'isValid': False, 'expected_error': 'Minimum 8 characters required. Space character is not allowed'}, 'password': {'value': '012!?.a', 'isValid': False, 'expected_er...</msg>
<status status="PASS" starttime="20210711 11:17:54.746" endtime="20210711 11:17:54.846"/>
</kw>
<msg timestamp="20210711 11:17:54.846" level="INFO">${registration_form_data} = {'username': {'value': '#¤ abc!g', 'isValid': False, 'expected_error': 'Minimum 8 characters required. Space character is not allowed'}, 'password': {'value': '012!?.a', 'isValid': False, 'expected_er...</msg>
<status status="PASS" starttime="20210711 11:17:54.745" endtime="20210711 11:17:54.846"/>
</kw>
<kw name="Exit For Loop If" library="BuiltIn">
<arg>$registration_form_data is None</arg>
<doc>Stops executing the enclosing for loop if the ``condition`` is true.</doc>
<status status="PASS" starttime="20210711 11:17:54.847" endtime="20210711 11:17:54.847"/>
</kw>
<kw name="Log To Console" library="BuiltIn">
<arg>${index} ${registration_form_data}</arg>
<doc>Logs the given message to the console.</doc>
<status status="PASS" starttime="20210711 11:17:54.847" endtime="20210711 11:17:54.847"/>
</kw>
<status status="PASS" starttime="20210711 11:17:54.745" endtime="20210711 11:17:54.847"/>
</iter>
<iter>
<var name="${index}">96</var>
<kw name="Get Registration Form Data" library="DataManager">
<var>${registration_form_data}</var>
<kw name="Read Registration Form Data" library="RegistrationFormDataReader">
<var>${registration_form_data}</var>
<msg timestamp="20210711 11:17:54.898" level="INFO">1: {'username': {'value': '#¤/abc!g() &amp;%¤fghjklQWERTY', 'isValid': False, 'expected_error': 'Minimum 8 characters required. Space character is not allowed'}, 'password': {'value': 'abcd0123456789defghjk4', 'isValid': False, 'expected_error': 'Min 8 characters. Must contain at least one character from [a-z], [A-Z], [0-9] and [!?.]'}, 'first_name': {'value': '', 'isValid': False, 'expected_error': 'Each first name must contain only characters from the set [a-zA-Z]. First names must be seperated by a a single space. First names must have at least 2 characters'}, 'last_name': {'value': 'Wi', 'isValid': True}, 'phone_number': {'value': '', 'isValid': False, 'expected_error': 'phone number can only contain numbers [0-9] and optionally a single plus sign at the beginning indicating the country code'}}</msg>
<msg timestamp="20210711 11:17:54.898" level="INFO">${registration_form_data} = {'username': {'value': '#¤/abc!g() &amp;%¤fghjklQWERTY', 'isValid': False, 'expected_error': 'Minimum 8 characters required. Space character is not allowed'}, 'password': {'value': 'abcd0123456789defghjk4...</msg>
<status status="PASS" starttime="20210711 11:17:54.848" endtime="20210711 11:17:54.898"/>
</kw>
<msg timestamp="20210711 11:17:54.899" level="INFO">${registration_form_data} = {'username': {'value': '#¤/abc!g() &amp;%¤fghjklQWERTY', 'isValid': False, 'expected_error': 'Minimum 8 characters required. Space character is not allowed'}, 'password': {'value': 'abcd0123456789defghjk4...</msg>
<status status="PASS" starttime="20210711 11:17:54.848" endtime="20210711 11:17:54.899"/>
</kw>
<kw name="Exit For Loop If" library="BuiltIn">
<arg>$registration_form_data is None</arg>
<doc>Stops executing the enclosing for loop if the ``condition`` is true.</doc>
<status status="PASS" starttime="20210711 11:17:54.899" endtime="20210711 11:17:54.899"/>
</kw>
<kw name="Log To Console" library="BuiltIn">
<arg>${index} ${registration_form_data}</arg>
<doc>Logs the given message to the console.</doc>
<status status="PASS" starttime="20210711 11:17:54.899" endtime="20210711 11:17:54.900"/>
</kw>
<status status="PASS" starttime="20210711 11:17:54.848" endtime="20210711 11:17:54.900"/>
</iter>
<iter>
<var name="${index}">97</var>
<kw name="Get Registration Form Data" library="DataManager">
<var>${registration_form_data}</var>
<kw name="Read Registration Form Data" library="RegistrationFormDataReader">
<var>${registration_form_data}</var>
<msg timestamp="20210711 11:17:54.907" level="INFO">1: {'username': {'value': '#¤/abc!g() &amp;%¤fghjklQWERTY', 'isValid': False, 'expected_error': 'Minimum 8 characters required. Space character is not allowed'}, 'password': {'value': 'abcd!?.!abcd!?.!abcd??', 'isValid': False, 'expected_error': 'Min 8 characters. Must contain at least one character from [a-z], [A-Z], [0-9] and [!?.]'}, 'first_name': {'value': 'Ha', 'isValid': True}, 'last_name': {'value': 'Holm      Cuzdan', 'isValid': False, 'expected_error': 'Each last name must contain only characters from the set [a-zA-Z]. Last names must be seperated by a a single space. Last names must have at least 2 characters'}, 'phone_number': {'value': '050!?.#662712', 'isValid': False, 'expected_error': 'phone number can only contain numbers [0-9] and optionally a single plus sign at the beginning indicating the country code'}}</msg>
<msg timestamp="20210711 11:17:54.907" level="INFO">${registration_form_data} = {'username': {'value': '#¤/abc!g() &amp;%¤fghjklQWERTY', 'isValid': False, 'expected_error': 'Minimum 8 characters required. Space character is not allowed'}, 'password': {'value': 'abcd!?.!abcd!?.!abcd??...</msg>
<status status="PASS" starttime="20210711 11:17:54.900" endtime="20210711 11:17:54.907"/>
</kw>
<msg timestamp="20210711 11:17:54.907" level="INFO">${registration_form_data} = {'username': {'value': '#¤/abc!g() &amp;%¤fghjklQWERTY', 'isValid': False, 'expected_error': 'Minimum 8 characters required. Space character is not allowed'}, 'password': {'value': 'abcd!?.!abcd!?.!abcd??...</msg>
<status status="PASS" starttime="20210711 11:17:54.900" endtime="20210711 11:17:54.907"/>
</kw>
<kw name="Exit For Loop If" library="BuiltIn">
<arg>$registration_form_data is None</arg>
<doc>Stops executing the enclosing for loop if the ``condition`` is true.</doc>
<status status="PASS" starttime="20210711 11:17:54.907" endtime="20210711 11:17:54.908"/>
</kw>
<kw name="Log To Console" library="BuiltIn">
<arg>${index} ${registration_form_data}</arg>
<doc>Logs the given message to the console.</doc>
<status status="PASS" starttime="20210711 11:17:54.908" endtime="20210711 11:17:54.908"/>
</kw>
<status status="PASS" starttime="20210711 11:17:54.900" endtime="20210711 11:17:54.908"/>
</iter>
<iter>
<var name="${index}">98</var>
<kw name="Get Registration Form Data" library="DataManager">
<var>${registration_form_data}</var>
<kw name="Read Registration Form Data" library="RegistrationFormDataReader">
<var>${registration_form_data}</var>
<msg timestamp="20210711 11:17:54.976" level="INFO">1: {'username': {'value': '#¤/abc!g() &amp;%¤fghjklQWERTY', 'isValid': False, 'expected_error': 'Minimum 8 characters required. Space character is not allowed'}, 'password': {'value': 'ABC456.?', 'isValid': False, 'expected_error': 'Min 8 characters. Must contain at least one character from [a-z], [A-Z], [0-9] and [!?.]'}, 'first_name': {'value': 'Ha X', 'isValid': False, 'expected_error': 'Each first name must contain only characters from the set [a-zA-Z]. First names must be seperated by a a single space. First names must have at least 2 characters'}, 'last_name': {'value': 'Cuzdan123!?.', 'isValid': False, 'expected_error': 'Each last name must contain only characters from the set [a-zA-Z]. Last names must be seperated by a a single space. Last names must have at least 2 characters'}, 'phone_number': {'value': '050!?.#662712', 'isValid': False, 'expected_error': 'phone number can only contain numbers [0-9] and optionally a single plus sign at the beginning indicating the country code'}}</msg>
<msg timestamp="20210711 11:17:54.977" level="INFO">${registration_form_data} = {'username': {'value': '#¤/abc!g() &amp;%¤fghjklQWERTY', 'isValid': False, 'expected_error': 'Minimum 8 characters required. Space character is not allowed'}, 'password': {'value': 'ABC456.?', 'isValid': ...</msg>
<status status="PASS" starttime="20210711 11:17:54.909" endtime="20210711 11:17:54.977"/>
</kw>
<msg timestamp="20210711 11:17:54.977" level="INFO">${registration_form_data} = {'username': {'value': '#¤/abc!g() &amp;%¤fghjklQWERTY', 'isValid': False, 'expected_error': 'Minimum 8 characters required. Space character is not allowed'}, 'password': {'value': 'ABC456.?', 'isValid': ...</msg>
<status status="PASS" starttime="20210711 11:17:54.909" endtime="20210711 11:17:54.977"/>
</kw>
<kw name="Exit For Loop If" library="BuiltIn">
<arg>$registration_form_data is None</arg>
<doc>Stops executing the enclosing for loop if the ``condition`` is true.</doc>
<status status="PASS" starttime="20210711 11:17:54.977" endtime="20210711 11:17:54.978"/>
</kw>
<kw name="Log To Console" library="BuiltIn">
<arg>${index} ${registration_form_data}</arg>
<doc>Logs the given message to the console.</doc>
<status status="PASS" starttime="20210711 11:17:54.978" endtime="20210711 11:17:54.978"/>
</kw>
<status status="PASS" starttime="20210711 11:17:54.908" endtime="20210711 11:17:54.978"/>
</iter>
<iter>
<var name="${index}">99</var>
<kw name="Get Registration Form Data" library="DataManager">
<var>${registration_form_data}</var>
<kw name="Read Registration Form Data" library="RegistrationFormDataReader">
<var>${registration_form_data}</var>
<msg timestamp="20210711 11:17:55.008" level="INFO">1: {'username': {'value': '#¤/abc!g() &amp;%¤fghjklQWERTY', 'isValid': False, 'expected_error': 'Minimum 8 characters required. Space character is not allowed'}, 'password': {'value': '012!.Aab', 'isValid': True}, 'first_name': {'value': 'Helena Margaretha', 'isValid': True}, 'last_name': {'value': 'Holm      Cuzdan', 'isValid': False, 'expected_error': 'Each last name must contain only characters from the set [a-zA-Z]. Last names must be seperated by a a single space. Last names must have at least 2 characters'}, 'phone_number': {'value': '+358506662712', 'isValid': True}}</msg>
<msg timestamp="20210711 11:17:55.009" level="INFO">${registration_form_data} = {'username': {'value': '#¤/abc!g() &amp;%¤fghjklQWERTY', 'isValid': False, 'expected_error': 'Minimum 8 characters required. Space character is not allowed'}, 'password': {'value': '012!.Aab', 'isValid': ...</msg>
<status status="PASS" starttime="20210711 11:17:54.979" endtime="20210711 11:17:55.009"/>
</kw>
<msg timestamp="20210711 11:17:55.009" level="INFO">${registration_form_data} = {'username': {'value': '#¤/abc!g() &amp;%¤fghjklQWERTY', 'isValid': False, 'expected_error': 'Minimum 8 characters required. Space character is not allowed'}, 'password': {'value': '012!.Aab', 'isValid': ...</msg>
<status status="PASS" starttime="20210711 11:17:54.978" endtime="20210711 11:17:55.009"/>
</kw>
<kw name="Exit For Loop If" library="BuiltIn">
<arg>$registration_form_data is None</arg>
<doc>Stops executing the enclosing for loop if the ``condition`` is true.</doc>
<status status="PASS" starttime="20210711 11:17:55.009" endtime="20210711 11:17:55.010"/>
</kw>
<kw name="Log To Console" library="BuiltIn">
<arg>${index} ${registration_form_data}</arg>
<doc>Logs the given message to the console.</doc>
<status status="PASS" starttime="20210711 11:17:55.010" endtime="20210711 11:17:55.010"/>
</kw>
<status status="PASS" starttime="20210711 11:17:54.978" endtime="20210711 11:17:55.010"/>
</iter>
<iter>
<var name="${index}">100</var>
<kw name="Get Registration Form Data" library="DataManager">
<var>${registration_form_data}</var>
<kw name="Read Registration Form Data" library="RegistrationFormDataReader">
<var>${registration_form_data}</var>
<msg timestamp="20210711 11:17:55.018" level="INFO">${registration_form_data} = None</msg>
<status status="PASS" starttime="20210711 11:17:55.011" endtime="20210711 11:17:55.018"/>
</kw>
<msg timestamp="20210711 11:17:55.019" level="INFO">${registration_form_data} = None</msg>
<status status="PASS" starttime="20210711 11:17:55.011" endtime="20210711 11:17:55.019"/>
</kw>
<kw name="Exit For Loop If" library="BuiltIn">
<arg>$registration_form_data is None</arg>
<doc>Stops executing the enclosing for loop if the ``condition`` is true.</doc>
<msg timestamp="20210711 11:17:55.019" level="INFO">Exiting for loop altogether.</msg>
<status status="PASS" starttime="20210711 11:17:55.019" endtime="20210711 11:17:55.019"/>
</kw>
<status status="PASS" starttime="20210711 11:17:55.010" endtime="20210711 11:17:55.019"/>
</iter>
<status status="PASS" starttime="20210711 11:17:48.807" endtime="20210711 11:17:55.031"/>
</for>
<status status="PASS" starttime="20210711 11:17:48.804" endtime="20210711 11:17:55.031"/>
</test>
<kw name="End Web Test" library="Common" type="TEARDOWN">
<kw name="No Operation" library="BuiltIn">
<doc>Does absolutely nothing.</doc>
<status status="PASS" starttime="20210711 11:17:55.032" endtime="20210711 11:17:55.033"/>
</kw>
<status status="PASS" starttime="20210711 11:17:55.032" endtime="20210711 11:17:55.033"/>
</kw>
<doc>This test suite contains test cases for CRF Demo Web Application.
Documentation for the application can be found:
https://github.com/Interview-demoapp/Flasky</doc>
<status status="PASS" starttime="20210711 11:17:48.334" endtime="20210711 11:17:55.033"/>
</suite>
<status status="PASS" starttime="20210711 11:17:48.333" endtime="20210711 11:17:55.041"/>
</suite>
<status status="PASS" starttime="20210711 11:17:48.313" endtime="20210711 11:17:55.042"/>
</suite>
<statistics>
<total>
<stat pass="1" fail="0" skip="0">All Tests</stat>
</total>
<tag>
</tag>
<suite>
<stat pass="1" fail="0" skip="0" id="s1" name="Tests">Tests</stat>
<stat pass="1" fail="0" skip="0" id="s1-s1" name="Registration">Tests.Registration</stat>
<stat pass="1" fail="0" skip="0" id="s1-s1-s1" name="CrfDemoAppRegistrationTestSuite">Tests.Registration.CrfDemoAppRegistrationTestSuite</stat>
</suite>
</statistics>
<errors>
</errors>
</robot>
