<?xml version="1.0" encoding="UTF-8"?>
<robot generator="Robot 4.0.1 (Python 3.7.4 on linux)" generated="20210711 12:13:27.808" rpa="false" schemaversion="2">
<suite id="s1" name="Tests" source="/home/hakan/Python/Robot/CRF_Demo_Solution/WebUiTests/Tests">
<suite id="s1-s1" name="Registration" source="/home/hakan/Python/Robot/CRF_Demo_Solution/WebUiTests/Tests/Registration.robot">
<kw name="Begin Web Test" library="Common" type="SETUP">
<kw name="Convert Suite Variables To Correct Types" library="Common">
<kw name="Evaluate" library="BuiltIn">
<var>${DATA_SET_LENGTH}</var>
<arg>int($DATA_SET_LENGTH)</arg>
<doc>Evaluates the given expression in Python and returns the result.</doc>
<msg timestamp="20210711 12:13:28.276" level="INFO">${DATA_SET_LENGTH} = 100</msg>
<status status="PASS" starttime="20210711 12:13:28.273" endtime="20210711 12:13:28.276"/>
</kw>
<kw name="Evaluate" library="BuiltIn">
<var>${USE_EXISTING_FORM_DATA_SET}</var>
<arg>$USE_EXISTING_FORM_DATA_SET=='True'</arg>
<doc>Evaluates the given expression in Python and returns the result.</doc>
<msg timestamp="20210711 12:13:28.277" level="INFO">${USE_EXISTING_FORM_DATA_SET} = True</msg>
<status status="PASS" starttime="20210711 12:13:28.276" endtime="20210711 12:13:28.277"/>
</kw>
<kw name="Set Suite Variable" library="BuiltIn">
<arg>${DATA_SET_LENGTH}</arg>
<doc>Makes a variable available everywhere within the scope of the current suite.</doc>
<msg timestamp="20210711 12:13:28.277" level="INFO">${DATA_SET_LENGTH} = 100</msg>
<status status="PASS" starttime="20210711 12:13:28.277" endtime="20210711 12:13:28.277"/>
</kw>
<kw name="Set Suite Variable" library="BuiltIn">
<arg>${USE_EXISTING_FORM_DATA_SET}</arg>
<doc>Makes a variable available everywhere within the scope of the current suite.</doc>
<msg timestamp="20210711 12:13:28.277" level="INFO">${USE_EXISTING_FORM_DATA_SET} = True</msg>
<status status="PASS" starttime="20210711 12:13:28.277" endtime="20210711 12:13:28.277"/>
</kw>
<status status="PASS" starttime="20210711 12:13:28.273" endtime="20210711 12:13:28.277"/>
</kw>
<kw name="Import Resource" library="BuiltIn">
<arg>${EXECDIR}${/}Resources${/}DataManager.robot</arg>
<doc>Imports a resource file with the given path.</doc>
<status status="PASS" starttime="20210711 12:13:28.278" endtime="20210711 12:13:28.283"/>
</kw>
<status status="PASS" starttime="20210711 12:13:28.272" endtime="20210711 12:13:28.283"/>
</kw>
<test id="s1-s1-t1" name="Read Registration Form Data">
<kw name="Evaluate" library="BuiltIn">
<var>${type}</var>
<arg>type($DATA_SET_LENGTH)</arg>
<doc>Evaluates the given expression in Python and returns the result.</doc>
<msg timestamp="20210711 12:13:28.284" level="INFO">${type} = &lt;class 'int'&gt;</msg>
<status status="PASS" starttime="20210711 12:13:28.283" endtime="20210711 12:13:28.284"/>
</kw>
<kw name="Log To Console" library="BuiltIn">
<arg>type(DATA_SET_LENGTH): ${type}</arg>
<doc>Logs the given message to the console.</doc>
<status status="PASS" starttime="20210711 12:13:28.284" endtime="20210711 12:13:28.284"/>
</kw>
<kw name="Log To Console" library="BuiltIn">
<arg>${DATA_SET_LENGTH}</arg>
<doc>Logs the given message to the console.</doc>
<status status="PASS" starttime="20210711 12:13:28.284" endtime="20210711 12:13:28.285"/>
</kw>
<kw name="Evaluate" library="BuiltIn">
<var>${type}</var>
<arg>type($USE_EXISTING_FORM_DATA_SET)</arg>
<doc>Evaluates the given expression in Python and returns the result.</doc>
<msg timestamp="20210711 12:13:28.285" level="INFO">${type} = &lt;class 'bool'&gt;</msg>
<status status="PASS" starttime="20210711 12:13:28.285" endtime="20210711 12:13:28.285"/>
</kw>
<kw name="Log To Console" library="BuiltIn">
<arg>type(USE_EXISTING_FORM_DATA_SET): ${type}</arg>
<doc>Logs the given message to the console.</doc>
<status status="PASS" starttime="20210711 12:13:28.285" endtime="20210711 12:13:28.286"/>
</kw>
<kw name="Log To Console" library="BuiltIn">
<arg>${USE_EXISTING_FORM_DATA_SET}</arg>
<doc>Logs the given message to the console.</doc>
<status status="PASS" starttime="20210711 12:13:28.286" endtime="20210711 12:13:28.286"/>
</kw>
<for flavor="IN RANGE">
<var>${index}</var>
<value>999999</value>
<iter>
<var name="${index}">0</var>
<kw name="Get Registration Form Data" library="DataManager">
<var>${registration_form_data}</var>
<kw name="Read Registration Form Data" library="RegistrationFormDataReader">
<var>${registration_form_data}</var>
<msg timestamp="20210711 12:13:28.319" level="INFO">${registration_form_data} = {'username': {'value': '', 'isValid': False, 'expected_error': 'Minimum 8 characters required. Space character is not allowed'}, 'password': {'value': 'abcd0123', 'isValid': False, 'expected_error': '...</msg>
<status status="PASS" starttime="20210711 12:13:28.307" endtime="20210711 12:13:28.319"/>
</kw>
<msg timestamp="20210711 12:13:28.319" level="INFO">${registration_form_data} = {'username': {'value': '', 'isValid': False, 'expected_error': 'Minimum 8 characters required. Space character is not allowed'}, 'password': {'value': 'abcd0123', 'isValid': False, 'expected_error': '...</msg>
<status status="PASS" starttime="20210711 12:13:28.307" endtime="20210711 12:13:28.319"/>
</kw>
<kw name="Exit For Loop If" library="BuiltIn">
<arg>$registration_form_data is None</arg>
<doc>Stops executing the enclosing for loop if the ``condition`` is true.</doc>
<status status="PASS" starttime="20210711 12:13:28.319" endtime="20210711 12:13:28.320"/>
</kw>
<kw name="Log To Console" library="BuiltIn">
<arg>${index} ${registration_form_data}</arg>
<doc>Logs the given message to the console.</doc>
<status status="PASS" starttime="20210711 12:13:28.320" endtime="20210711 12:13:28.320"/>
</kw>
<status status="PASS" starttime="20210711 12:13:28.307" endtime="20210711 12:13:28.320"/>
</iter>
<iter>
<var name="${index}">1</var>
<kw name="Get Registration Form Data" library="DataManager">
<var>${registration_form_data}</var>
<kw name="Read Registration Form Data" library="RegistrationFormDataReader">
<var>${registration_form_data}</var>
<msg timestamp="20210711 12:13:28.324" level="INFO">${registration_form_data} = {'username': {'value': '', 'isValid': False, 'expected_error': 'Minimum 8 characters required. Space character is not allowed'}, 'password': {'value': 'ABCD!?..', 'isValid': False, 'expected_error': '...</msg>
<status status="PASS" starttime="20210711 12:13:28.321" endtime="20210711 12:13:28.324"/>
</kw>
<msg timestamp="20210711 12:13:28.325" level="INFO">${registration_form_data} = {'username': {'value': '', 'isValid': False, 'expected_error': 'Minimum 8 characters required. Space character is not allowed'}, 'password': {'value': 'ABCD!?..', 'isValid': False, 'expected_error': '...</msg>
<status status="PASS" starttime="20210711 12:13:28.320" endtime="20210711 12:13:28.325"/>
</kw>
<kw name="Exit For Loop If" library="BuiltIn">
<arg>$registration_form_data is None</arg>
<doc>Stops executing the enclosing for loop if the ``condition`` is true.</doc>
<status status="PASS" starttime="20210711 12:13:28.325" endtime="20210711 12:13:28.325"/>
</kw>
<kw name="Log To Console" library="BuiltIn">
<arg>${index} ${registration_form_data}</arg>
<doc>Logs the given message to the console.</doc>
<status status="PASS" starttime="20210711 12:13:28.325" endtime="20210711 12:13:28.326"/>
</kw>
<status status="PASS" starttime="20210711 12:13:28.320" endtime="20210711 12:13:28.326"/>
</iter>
<iter>
<var name="${index}">2</var>
<kw name="Get Registration Form Data" library="DataManager">
<var>${registration_form_data}</var>
<kw name="Read Registration Form Data" library="RegistrationFormDataReader">
<var>${registration_form_data}</var>
<msg timestamp="20210711 12:13:28.329" level="INFO">${registration_form_data} = {'username': {'value': '', 'isValid': False, 'expected_error': 'Minimum 8 characters required. Space character is not allowed'}, 'password': {'value': '0123!?.0', 'isValid': False, 'expected_error': '...</msg>
<status status="PASS" starttime="20210711 12:13:28.326" endtime="20210711 12:13:28.329"/>
</kw>
<msg timestamp="20210711 12:13:28.330" level="INFO">${registration_form_data} = {'username': {'value': '', 'isValid': False, 'expected_error': 'Minimum 8 characters required. Space character is not allowed'}, 'password': {'value': '0123!?.0', 'isValid': False, 'expected_error': '...</msg>
<status status="PASS" starttime="20210711 12:13:28.326" endtime="20210711 12:13:28.330"/>
</kw>
<kw name="Exit For Loop If" library="BuiltIn">
<arg>$registration_form_data is None</arg>
<doc>Stops executing the enclosing for loop if the ``condition`` is true.</doc>
<status status="PASS" starttime="20210711 12:13:28.330" endtime="20210711 12:13:28.330"/>
</kw>
<kw name="Log To Console" library="BuiltIn">
<arg>${index} ${registration_form_data}</arg>
<doc>Logs the given message to the console.</doc>
<status status="PASS" starttime="20210711 12:13:28.330" endtime="20210711 12:13:28.331"/>
</kw>
<status status="PASS" starttime="20210711 12:13:28.326" endtime="20210711 12:13:28.331"/>
</iter>
<iter>
<var name="${index}">3</var>
<kw name="Get Registration Form Data" library="DataManager">
<var>${registration_form_data}</var>
<kw name="Read Registration Form Data" library="RegistrationFormDataReader">
<var>${registration_form_data}</var>
<msg timestamp="20210711 12:13:28.335" level="INFO">${registration_form_data} = {'username': {'value': '!#%&amp;/¤%', 'isValid': False, 'expected_error': 'Minimum 8 characters required. Space character is not allowed'}, 'password': {'value': '01234567890123456789', 'isValid': False, ...</msg>
<status status="PASS" starttime="20210711 12:13:28.331" endtime="20210711 12:13:28.335"/>
</kw>
<msg timestamp="20210711 12:13:28.335" level="INFO">${registration_form_data} = {'username': {'value': '!#%&amp;/¤%', 'isValid': False, 'expected_error': 'Minimum 8 characters required. Space character is not allowed'}, 'password': {'value': '01234567890123456789', 'isValid': False, ...</msg>
<status status="PASS" starttime="20210711 12:13:28.331" endtime="20210711 12:13:28.335"/>
</kw>
<kw name="Exit For Loop If" library="BuiltIn">
<arg>$registration_form_data is None</arg>
<doc>Stops executing the enclosing for loop if the ``condition`` is true.</doc>
<status status="PASS" starttime="20210711 12:13:28.335" endtime="20210711 12:13:28.335"/>
</kw>
<kw name="Log To Console" library="BuiltIn">
<arg>${index} ${registration_form_data}</arg>
<doc>Logs the given message to the console.</doc>
<status status="PASS" starttime="20210711 12:13:28.336" endtime="20210711 12:13:28.336"/>
</kw>
<status status="PASS" starttime="20210711 12:13:28.331" endtime="20210711 12:13:28.336"/>
</iter>
<iter>
<var name="${index}">4</var>
<kw name="Get Registration Form Data" library="DataManager">
<var>${registration_form_data}</var>
<kw name="Read Registration Form Data" library="RegistrationFormDataReader">
<var>${registration_form_data}</var>
<msg timestamp="20210711 12:13:28.340" level="INFO">${registration_form_data} = {'username': {'value': '!#%&amp;/¤%', 'isValid': False, 'expected_error': 'Minimum 8 characters required. Space character is not allowed'}, 'password': {'value': '0123!?.', 'isValid': False, 'expected_err...</msg>
<status status="PASS" starttime="20210711 12:13:28.337" endtime="20210711 12:13:28.340"/>
</kw>
<msg timestamp="20210711 12:13:28.341" level="INFO">${registration_form_data} = {'username': {'value': '!#%&amp;/¤%', 'isValid': False, 'expected_error': 'Minimum 8 characters required. Space character is not allowed'}, 'password': {'value': '0123!?.', 'isValid': False, 'expected_err...</msg>
<status status="PASS" starttime="20210711 12:13:28.336" endtime="20210711 12:13:28.341"/>
</kw>
<kw name="Exit For Loop If" library="BuiltIn">
<arg>$registration_form_data is None</arg>
<doc>Stops executing the enclosing for loop if the ``condition`` is true.</doc>
<status status="PASS" starttime="20210711 12:13:28.341" endtime="20210711 12:13:28.342"/>
</kw>
<kw name="Log To Console" library="BuiltIn">
<arg>${index} ${registration_form_data}</arg>
<doc>Logs the given message to the console.</doc>
<status status="PASS" starttime="20210711 12:13:28.342" endtime="20210711 12:13:28.343"/>
</kw>
<status status="PASS" starttime="20210711 12:13:28.336" endtime="20210711 12:13:28.343"/>
</iter>
<iter>
<var name="${index}">5</var>
<kw name="Get Registration Form Data" library="DataManager">
<var>${registration_form_data}</var>
<kw name="Read Registration Form Data" library="RegistrationFormDataReader">
<var>${registration_form_data}</var>
<msg timestamp="20210711 12:13:28.347" level="INFO">${registration_form_data} = {'username': {'value': '!#%&amp;/¤%=', 'isValid': True}, 'password': {'value': 'abcd!?.!', 'isValid': False, 'expected_error': 'Min 8 characters. Must contain at least one character from [a-z], [A-Z], [0-...</msg>
<status status="PASS" starttime="20210711 12:13:28.343" endtime="20210711 12:13:28.347"/>
</kw>
<msg timestamp="20210711 12:13:28.348" level="INFO">${registration_form_data} = {'username': {'value': '!#%&amp;/¤%=', 'isValid': True}, 'password': {'value': 'abcd!?.!', 'isValid': False, 'expected_error': 'Min 8 characters. Must contain at least one character from [a-z], [A-Z], [0-...</msg>
<status status="PASS" starttime="20210711 12:13:28.343" endtime="20210711 12:13:28.348"/>
</kw>
<kw name="Exit For Loop If" library="BuiltIn">
<arg>$registration_form_data is None</arg>
<doc>Stops executing the enclosing for loop if the ``condition`` is true.</doc>
<status status="PASS" starttime="20210711 12:13:28.348" endtime="20210711 12:13:28.348"/>
</kw>
<kw name="Log To Console" library="BuiltIn">
<arg>${index} ${registration_form_data}</arg>
<doc>Logs the given message to the console.</doc>
<status status="PASS" starttime="20210711 12:13:28.348" endtime="20210711 12:13:28.349"/>
</kw>
<status status="PASS" starttime="20210711 12:13:28.343" endtime="20210711 12:13:28.349"/>
</iter>
<iter>
<var name="${index}">6</var>
<kw name="Get Registration Form Data" library="DataManager">
<var>${registration_form_data}</var>
<kw name="Read Registration Form Data" library="RegistrationFormDataReader">
<var>${registration_form_data}</var>
<msg timestamp="20210711 12:13:28.354" level="INFO">${registration_form_data} = {'username': {'value': '!#%&amp;/¤%=', 'isValid': True}, 'password': {'value': 'ABCabc!?ABCabc!?ABCab.', 'isValid': False, 'expected_error': 'Min 8 characters. Must contain at least one character from [a-...</msg>
<status status="PASS" starttime="20210711 12:13:28.349" endtime="20210711 12:13:28.354"/>
</kw>
<msg timestamp="20210711 12:13:28.354" level="INFO">${registration_form_data} = {'username': {'value': '!#%&amp;/¤%=', 'isValid': True}, 'password': {'value': 'ABCabc!?ABCabc!?ABCab.', 'isValid': False, 'expected_error': 'Min 8 characters. Must contain at least one character from [a-...</msg>
<status status="PASS" starttime="20210711 12:13:28.349" endtime="20210711 12:13:28.354"/>
</kw>
<kw name="Exit For Loop If" library="BuiltIn">
<arg>$registration_form_data is None</arg>
<doc>Stops executing the enclosing for loop if the ``condition`` is true.</doc>
<status status="PASS" starttime="20210711 12:13:28.355" endtime="20210711 12:13:28.355"/>
</kw>
<kw name="Log To Console" library="BuiltIn">
<arg>${index} ${registration_form_data}</arg>
<doc>Logs the given message to the console.</doc>
<status status="PASS" starttime="20210711 12:13:28.355" endtime="20210711 12:13:28.356"/>
</kw>
<status status="PASS" starttime="20210711 12:13:28.349" endtime="20210711 12:13:28.356"/>
</iter>
<iter>
<var name="${index}">7</var>
<kw name="Get Registration Form Data" library="DataManager">
<var>${registration_form_data}</var>
<kw name="Read Registration Form Data" library="RegistrationFormDataReader">
<var>${registration_form_data}</var>
<msg timestamp="20210711 12:13:28.361" level="INFO">${registration_form_data} = {'username': {'value': '1234567', 'isValid': False, 'expected_error': 'Minimum 8 characters required. Space character is not allowed'}, 'password': {'value': 'abc012AB', 'isValid': False, 'expected_er...</msg>
<status status="PASS" starttime="20210711 12:13:28.357" endtime="20210711 12:13:28.361"/>
</kw>
<msg timestamp="20210711 12:13:28.362" level="INFO">${registration_form_data} = {'username': {'value': '1234567', 'isValid': False, 'expected_error': 'Minimum 8 characters required. Space character is not allowed'}, 'password': {'value': 'abc012AB', 'isValid': False, 'expected_er...</msg>
<status status="PASS" starttime="20210711 12:13:28.357" endtime="20210711 12:13:28.362"/>
</kw>
<kw name="Exit For Loop If" library="BuiltIn">
<arg>$registration_form_data is None</arg>
<doc>Stops executing the enclosing for loop if the ``condition`` is true.</doc>
<status status="PASS" starttime="20210711 12:13:28.362" endtime="20210711 12:13:28.362"/>
</kw>
<kw name="Log To Console" library="BuiltIn">
<arg>${index} ${registration_form_data}</arg>
<doc>Logs the given message to the console.</doc>
<status status="PASS" starttime="20210711 12:13:28.362" endtime="20210711 12:13:28.363"/>
</kw>
<status status="PASS" starttime="20210711 12:13:28.356" endtime="20210711 12:13:28.363"/>
</iter>
<iter>
<var name="${index}">8</var>
<kw name="Get Registration Form Data" library="DataManager">
<var>${registration_form_data}</var>
<kw name="Read Registration Form Data" library="RegistrationFormDataReader">
<var>${registration_form_data}</var>
<msg timestamp="20210711 12:13:28.367" level="INFO">${registration_form_data} = {'username': {'value': '12345678', 'isValid': True}, 'password': {'value': 'ABCD!?.', 'isValid': False, 'expected_error': 'Min 8 characters. Must contain at least one character from [a-z], [A-Z], [0-9...</msg>
<status status="PASS" starttime="20210711 12:13:28.363" endtime="20210711 12:13:28.367"/>
</kw>
<msg timestamp="20210711 12:13:28.367" level="INFO">${registration_form_data} = {'username': {'value': '12345678', 'isValid': True}, 'password': {'value': 'ABCD!?.', 'isValid': False, 'expected_error': 'Min 8 characters. Must contain at least one character from [a-z], [A-Z], [0-9...</msg>
<status status="PASS" starttime="20210711 12:13:28.363" endtime="20210711 12:13:28.367"/>
</kw>
<kw name="Exit For Loop If" library="BuiltIn">
<arg>$registration_form_data is None</arg>
<doc>Stops executing the enclosing for loop if the ``condition`` is true.</doc>
<status status="PASS" starttime="20210711 12:13:28.367" endtime="20210711 12:13:28.367"/>
</kw>
<kw name="Log To Console" library="BuiltIn">
<arg>${index} ${registration_form_data}</arg>
<doc>Logs the given message to the console.</doc>
<status status="PASS" starttime="20210711 12:13:28.367" endtime="20210711 12:13:28.368"/>
</kw>
<status status="PASS" starttime="20210711 12:13:28.363" endtime="20210711 12:13:28.368"/>
</iter>
<iter>
<var name="${index}">9</var>
<kw name="Get Registration Form Data" library="DataManager">
<var>${registration_form_data}</var>
<kw name="Read Registration Form Data" library="RegistrationFormDataReader">
<var>${registration_form_data}</var>
<msg timestamp="20210711 12:13:28.372" level="INFO">${registration_form_data} = {'username': {'value': '12345678', 'isValid': True}, 'password': {'value': 'abc012!?', 'isValid': False, 'expected_error': 'Min 8 characters. Must contain at least one character from [a-z], [A-Z], [0-...</msg>
<status status="PASS" starttime="20210711 12:13:28.368" endtime="20210711 12:13:28.372"/>
</kw>
<msg timestamp="20210711 12:13:28.372" level="INFO">${registration_form_data} = {'username': {'value': '12345678', 'isValid': True}, 'password': {'value': 'abc012!?', 'isValid': False, 'expected_error': 'Min 8 characters. Must contain at least one character from [a-z], [A-Z], [0-...</msg>
<status status="PASS" starttime="20210711 12:13:28.368" endtime="20210711 12:13:28.372"/>
</kw>
<kw name="Exit For Loop If" library="BuiltIn">
<arg>$registration_form_data is None</arg>
<doc>Stops executing the enclosing for loop if the ``condition`` is true.</doc>
<status status="PASS" starttime="20210711 12:13:28.372" endtime="20210711 12:13:28.373"/>
</kw>
<kw name="Log To Console" library="BuiltIn">
<arg>${index} ${registration_form_data}</arg>
<doc>Logs the given message to the console.</doc>
<status status="PASS" starttime="20210711 12:13:28.373" endtime="20210711 12:13:28.374"/>
</kw>
<status status="PASS" starttime="20210711 12:13:28.368" endtime="20210711 12:13:28.374"/>
</iter>
<iter>
<var name="${index}">10</var>
<kw name="Get Registration Form Data" library="DataManager">
<var>${registration_form_data}</var>
<kw name="Read Registration Form Data" library="RegistrationFormDataReader">
<var>${registration_form_data}</var>
<msg timestamp="20210711 12:13:28.378" level="INFO">${registration_form_data} = {'username': {'value': '12345678912345', 'isValid': True}, 'password': {'value': '', 'isValid': False, 'expected_error': 'Min 8 characters. Must contain at least one character from [a-z], [A-Z], [0-9]...</msg>
<status status="PASS" starttime="20210711 12:13:28.375" endtime="20210711 12:13:28.378"/>
</kw>
<msg timestamp="20210711 12:13:28.378" level="INFO">${registration_form_data} = {'username': {'value': '12345678912345', 'isValid': True}, 'password': {'value': '', 'isValid': False, 'expected_error': 'Min 8 characters. Must contain at least one character from [a-z], [A-Z], [0-9]...</msg>
<status status="PASS" starttime="20210711 12:13:28.374" endtime="20210711 12:13:28.378"/>
</kw>
<kw name="Exit For Loop If" library="BuiltIn">
<arg>$registration_form_data is None</arg>
<doc>Stops executing the enclosing for loop if the ``condition`` is true.</doc>
<status status="PASS" starttime="20210711 12:13:28.379" endtime="20210711 12:13:28.379"/>
</kw>
<kw name="Log To Console" library="BuiltIn">
<arg>${index} ${registration_form_data}</arg>
<doc>Logs the given message to the console.</doc>
<status status="PASS" starttime="20210711 12:13:28.379" endtime="20210711 12:13:28.379"/>
</kw>
<status status="PASS" starttime="20210711 12:13:28.374" endtime="20210711 12:13:28.379"/>
</iter>
<iter>
<var name="${index}">11</var>
<kw name="Get Registration Form Data" library="DataManager">
<var>${registration_form_data}</var>
<kw name="Read Registration Form Data" library="RegistrationFormDataReader">
<var>${registration_form_data}</var>
<msg timestamp="20210711 12:13:28.385" level="INFO">${registration_form_data} = {'username': {'value': '12345678912345', 'isValid': True}, 'password': {'value': 'ABC!?.01', 'isValid': False, 'expected_error': 'Min 8 characters. Must contain at least one character from [a-z], [A-Z...</msg>
<status status="PASS" starttime="20210711 12:13:28.380" endtime="20210711 12:13:28.385"/>
</kw>
<msg timestamp="20210711 12:13:28.386" level="INFO">${registration_form_data} = {'username': {'value': '12345678912345', 'isValid': True}, 'password': {'value': 'ABC!?.01', 'isValid': False, 'expected_error': 'Min 8 characters. Must contain at least one character from [a-z], [A-Z...</msg>
<status status="PASS" starttime="20210711 12:13:28.380" endtime="20210711 12:13:28.386"/>
</kw>
<kw name="Exit For Loop If" library="BuiltIn">
<arg>$registration_form_data is None</arg>
<doc>Stops executing the enclosing for loop if the ``condition`` is true.</doc>
<status status="PASS" starttime="20210711 12:13:28.386" endtime="20210711 12:13:28.386"/>
</kw>
<kw name="Log To Console" library="BuiltIn">
<arg>${index} ${registration_form_data}</arg>
<doc>Logs the given message to the console.</doc>
<status status="PASS" starttime="20210711 12:13:28.387" endtime="20210711 12:13:28.387"/>
</kw>
<status status="PASS" starttime="20210711 12:13:28.379" endtime="20210711 12:13:28.387"/>
</iter>
<iter>
<var name="${index}">12</var>
<kw name="Get Registration Form Data" library="DataManager">
<var>${registration_form_data}</var>
<kw name="Read Registration Form Data" library="RegistrationFormDataReader">
<var>${registration_form_data}</var>
<msg timestamp="20210711 12:13:28.391" level="INFO">${registration_form_data} = {'username': {'value': 'abcdefg', 'isValid': False, 'expected_error': 'Minimum 8 characters required. Space character is not allowed'}, 'password': {'value': 'ABCDEFGH', 'isValid': False, 'expected_er...</msg>
<status status="PASS" starttime="20210711 12:13:28.388" endtime="20210711 12:13:28.391"/>
</kw>
<msg timestamp="20210711 12:13:28.392" level="INFO">${registration_form_data} = {'username': {'value': 'abcdefg', 'isValid': False, 'expected_error': 'Minimum 8 characters required. Space character is not allowed'}, 'password': {'value': 'ABCDEFGH', 'isValid': False, 'expected_er...</msg>
<status status="PASS" starttime="20210711 12:13:28.387" endtime="20210711 12:13:28.392"/>
</kw>
<kw name="Exit For Loop If" library="BuiltIn">
<arg>$registration_form_data is None</arg>
<doc>Stops executing the enclosing for loop if the ``condition`` is true.</doc>
<status status="PASS" starttime="20210711 12:13:28.392" endtime="20210711 12:13:28.392"/>
</kw>
<kw name="Log To Console" library="BuiltIn">
<arg>${index} ${registration_form_data}</arg>
<doc>Logs the given message to the console.</doc>
<status status="PASS" starttime="20210711 12:13:28.392" endtime="20210711 12:13:28.393"/>
</kw>
<status status="PASS" starttime="20210711 12:13:28.387" endtime="20210711 12:13:28.393"/>
</iter>
<iter>
<var name="${index}">13</var>
<kw name="Get Registration Form Data" library="DataManager">
<var>${registration_form_data}</var>
<kw name="Read Registration Form Data" library="RegistrationFormDataReader">
<var>${registration_form_data}</var>
<msg timestamp="20210711 12:13:28.399" level="INFO">${registration_form_data} = {'username': {'value': 'abcdefg', 'isValid': False, 'expected_error': 'Minimum 8 characters required. Space character is not allowed'}, 'password': {'value': 'ABC456.?', 'isValid': False, 'expected_er...</msg>
<status status="PASS" starttime="20210711 12:13:28.393" endtime="20210711 12:13:28.399"/>
</kw>
<msg timestamp="20210711 12:13:28.399" level="INFO">${registration_form_data} = {'username': {'value': 'abcdefg', 'isValid': False, 'expected_error': 'Minimum 8 characters required. Space character is not allowed'}, 'password': {'value': 'ABC456.?', 'isValid': False, 'expected_er...</msg>
<status status="PASS" starttime="20210711 12:13:28.393" endtime="20210711 12:13:28.399"/>
</kw>
<kw name="Exit For Loop If" library="BuiltIn">
<arg>$registration_form_data is None</arg>
<doc>Stops executing the enclosing for loop if the ``condition`` is true.</doc>
<status status="PASS" starttime="20210711 12:13:28.399" endtime="20210711 12:13:28.399"/>
</kw>
<kw name="Log To Console" library="BuiltIn">
<arg>${index} ${registration_form_data}</arg>
<doc>Logs the given message to the console.</doc>
<status status="PASS" starttime="20210711 12:13:28.400" endtime="20210711 12:13:28.400"/>
</kw>
<status status="PASS" starttime="20210711 12:13:28.393" endtime="20210711 12:13:28.400"/>
</iter>
<iter>
<var name="${index}">14</var>
<kw name="Get Registration Form Data" library="DataManager">
<var>${registration_form_data}</var>
<kw name="Read Registration Form Data" library="RegistrationFormDataReader">
<var>${registration_form_data}</var>
<msg timestamp="20210711 12:13:28.404" level="INFO">${registration_form_data} = {'username': {'value': 'abcdefg', 'isValid': False, 'expected_error': 'Minimum 8 characters required. Space character is not allowed'}, 'password': {'value': '012!.Aab', 'isValid': True}, 'first_name'...</msg>
<status status="PASS" starttime="20210711 12:13:28.400" endtime="20210711 12:13:28.404"/>
</kw>
<msg timestamp="20210711 12:13:28.404" level="INFO">${registration_form_data} = {'username': {'value': 'abcdefg', 'isValid': False, 'expected_error': 'Minimum 8 characters required. Space character is not allowed'}, 'password': {'value': '012!.Aab', 'isValid': True}, 'first_name'...</msg>
<status status="PASS" starttime="20210711 12:13:28.400" endtime="20210711 12:13:28.404"/>
</kw>
<kw name="Exit For Loop If" library="BuiltIn">
<arg>$registration_form_data is None</arg>
<doc>Stops executing the enclosing for loop if the ``condition`` is true.</doc>
<status status="PASS" starttime="20210711 12:13:28.405" endtime="20210711 12:13:28.405"/>
</kw>
<kw name="Log To Console" library="BuiltIn">
<arg>${index} ${registration_form_data}</arg>
<doc>Logs the given message to the console.</doc>
<status status="PASS" starttime="20210711 12:13:28.405" endtime="20210711 12:13:28.405"/>
</kw>
<status status="PASS" starttime="20210711 12:13:28.400" endtime="20210711 12:13:28.405"/>
</iter>
<iter>
<var name="${index}">15</var>
<kw name="Get Registration Form Data" library="DataManager">
<var>${registration_form_data}</var>
<kw name="Read Registration Form Data" library="RegistrationFormDataReader">
<var>${registration_form_data}</var>
<msg timestamp="20210711 12:13:28.410" level="INFO">${registration_form_data} = {'username': {'value': 'abcdefg', 'isValid': False, 'expected_error': 'Minimum 8 characters required. Space character is not allowed'}, 'password': {'value': '012!.Aab', 'isValid': True}, 'first_name'...</msg>
<status status="PASS" starttime="20210711 12:13:28.406" endtime="20210711 12:13:28.410"/>
</kw>
<msg timestamp="20210711 12:13:28.410" level="INFO">${registration_form_data} = {'username': {'value': 'abcdefg', 'isValid': False, 'expected_error': 'Minimum 8 characters required. Space character is not allowed'}, 'password': {'value': '012!.Aab', 'isValid': True}, 'first_name'...</msg>
<status status="PASS" starttime="20210711 12:13:28.406" endtime="20210711 12:13:28.410"/>
</kw>
<kw name="Exit For Loop If" library="BuiltIn">
<arg>$registration_form_data is None</arg>
<doc>Stops executing the enclosing for loop if the ``condition`` is true.</doc>
<status status="PASS" starttime="20210711 12:13:28.410" endtime="20210711 12:13:28.411"/>
</kw>
<kw name="Log To Console" library="BuiltIn">
<arg>${index} ${registration_form_data}</arg>
<doc>Logs the given message to the console.</doc>
<status status="PASS" starttime="20210711 12:13:28.411" endtime="20210711 12:13:28.411"/>
</kw>
<status status="PASS" starttime="20210711 12:13:28.406" endtime="20210711 12:13:28.411"/>
</iter>
<iter>
<var name="${index}">16</var>
<kw name="Get Registration Form Data" library="DataManager">
<var>${registration_form_data}</var>
<kw name="Read Registration Form Data" library="RegistrationFormDataReader">
<var>${registration_form_data}</var>
<msg timestamp="20210711 12:13:28.418" level="INFO">${registration_form_data} = {'username': {'value': 'abcdefgh', 'isValid': True}, 'password': {'value': 'ABCD0123ABCD0123ABCD01', 'isValid': False, 'expected_error': 'Min 8 characters. Must contain at least one character from [a-...</msg>
<status status="PASS" starttime="20210711 12:13:28.412" endtime="20210711 12:13:28.418"/>
</kw>
<msg timestamp="20210711 12:13:28.418" level="INFO">${registration_form_data} = {'username': {'value': 'abcdefgh', 'isValid': True}, 'password': {'value': 'ABCD0123ABCD0123ABCD01', 'isValid': False, 'expected_error': 'Min 8 characters. Must contain at least one character from [a-...</msg>
<status status="PASS" starttime="20210711 12:13:28.411" endtime="20210711 12:13:28.418"/>
</kw>
<kw name="Exit For Loop If" library="BuiltIn">
<arg>$registration_form_data is None</arg>
<doc>Stops executing the enclosing for loop if the ``condition`` is true.</doc>
<status status="PASS" starttime="20210711 12:13:28.418" endtime="20210711 12:13:28.419"/>
</kw>
<kw name="Log To Console" library="BuiltIn">
<arg>${index} ${registration_form_data}</arg>
<doc>Logs the given message to the console.</doc>
<status status="PASS" starttime="20210711 12:13:28.419" endtime="20210711 12:13:28.419"/>
</kw>
<status status="PASS" starttime="20210711 12:13:28.411" endtime="20210711 12:13:28.419"/>
</iter>
<iter>
<var name="${index}">17</var>
<kw name="Get Registration Form Data" library="DataManager">
<var>${registration_form_data}</var>
<kw name="Read Registration Form Data" library="RegistrationFormDataReader">
<var>${registration_form_data}</var>
<msg timestamp="20210711 12:13:28.423" level="INFO">${registration_form_data} = {'username': {'value': 'abcdefgh', 'isValid': True}, 'password': {'value': 'abcdAB9', 'isValid': False, 'expected_error': 'Min 8 characters. Must contain at least one character from [a-z], [A-Z], [0-9...</msg>
<status status="PASS" starttime="20210711 12:13:28.420" endtime="20210711 12:13:28.423"/>
</kw>
<msg timestamp="20210711 12:13:28.424" level="INFO">${registration_form_data} = {'username': {'value': 'abcdefgh', 'isValid': True}, 'password': {'value': 'abcdAB9', 'isValid': False, 'expected_error': 'Min 8 characters. Must contain at least one character from [a-z], [A-Z], [0-9...</msg>
<status status="PASS" starttime="20210711 12:13:28.420" endtime="20210711 12:13:28.424"/>
</kw>
<kw name="Exit For Loop If" library="BuiltIn">
<arg>$registration_form_data is None</arg>
<doc>Stops executing the enclosing for loop if the ``condition`` is true.</doc>
<status status="PASS" starttime="20210711 12:13:28.424" endtime="20210711 12:13:28.425"/>
</kw>
<kw name="Log To Console" library="BuiltIn">
<arg>${index} ${registration_form_data}</arg>
<doc>Logs the given message to the console.</doc>
<status status="PASS" starttime="20210711 12:13:28.425" endtime="20210711 12:13:28.425"/>
</kw>
<status status="PASS" starttime="20210711 12:13:28.420" endtime="20210711 12:13:28.425"/>
</iter>
<iter>
<var name="${index}">18</var>
<kw name="Get Registration Form Data" library="DataManager">
<var>${registration_form_data}</var>
<kw name="Read Registration Form Data" library="RegistrationFormDataReader">
<var>${registration_form_data}</var>
<msg timestamp="20210711 12:13:28.429" level="INFO">${registration_form_data} = {'username': {'value': 'abcdefgh', 'isValid': True}, 'password': {'value': 'ABC!?.01ABC!?.01ABC!?.', 'isValid': False, 'expected_error': 'Min 8 characters. Must contain at least one character from [a-...</msg>
<status status="PASS" starttime="20210711 12:13:28.426" endtime="20210711 12:13:28.429"/>
</kw>
<msg timestamp="20210711 12:13:28.429" level="INFO">${registration_form_data} = {'username': {'value': 'abcdefgh', 'isValid': True}, 'password': {'value': 'ABC!?.01ABC!?.01ABC!?.', 'isValid': False, 'expected_error': 'Min 8 characters. Must contain at least one character from [a-...</msg>
<status status="PASS" starttime="20210711 12:13:28.425" endtime="20210711 12:13:28.429"/>
</kw>
<kw name="Exit For Loop If" library="BuiltIn">
<arg>$registration_form_data is None</arg>
<doc>Stops executing the enclosing for loop if the ``condition`` is true.</doc>
<status status="PASS" starttime="20210711 12:13:28.429" endtime="20210711 12:13:28.429"/>
</kw>
<kw name="Log To Console" library="BuiltIn">
<arg>${index} ${registration_form_data}</arg>
<doc>Logs the given message to the console.</doc>
<status status="PASS" starttime="20210711 12:13:28.429" endtime="20210711 12:13:28.430"/>
</kw>
<status status="PASS" starttime="20210711 12:13:28.425" endtime="20210711 12:13:28.430"/>
</iter>
<iter>
<var name="${index}">19</var>
<kw name="Get Registration Form Data" library="DataManager">
<var>${registration_form_data}</var>
<kw name="Read Registration Form Data" library="RegistrationFormDataReader">
<var>${registration_form_data}</var>
<msg timestamp="20210711 12:13:28.434" level="INFO">${registration_form_data} = {'username': {'value': 'hakan12', 'isValid': False, 'expected_error': 'Minimum 8 characters required. Space character is not allowed'}, 'password': {'value': 'abc012A', 'isValid': False, 'expected_err...</msg>
<status status="PASS" starttime="20210711 12:13:28.430" endtime="20210711 12:13:28.435"/>
</kw>
<msg timestamp="20210711 12:13:28.435" level="INFO">${registration_form_data} = {'username': {'value': 'hakan12', 'isValid': False, 'expected_error': 'Minimum 8 characters required. Space character is not allowed'}, 'password': {'value': 'abc012A', 'isValid': False, 'expected_err...</msg>
<status status="PASS" starttime="20210711 12:13:28.430" endtime="20210711 12:13:28.435"/>
</kw>
<kw name="Exit For Loop If" library="BuiltIn">
<arg>$registration_form_data is None</arg>
<doc>Stops executing the enclosing for loop if the ``condition`` is true.</doc>
<status status="PASS" starttime="20210711 12:13:28.435" endtime="20210711 12:13:28.435"/>
</kw>
<kw name="Log To Console" library="BuiltIn">
<arg>${index} ${registration_form_data}</arg>
<doc>Logs the given message to the console.</doc>
<status status="PASS" starttime="20210711 12:13:28.435" endtime="20210711 12:13:28.436"/>
</kw>
<status status="PASS" starttime="20210711 12:13:28.430" endtime="20210711 12:13:28.436"/>
</iter>
<iter>
<var name="${index}">20</var>
<kw name="Get Registration Form Data" library="DataManager">
<var>${registration_form_data}</var>
<kw name="Read Registration Form Data" library="RegistrationFormDataReader">
<var>${registration_form_data}</var>
<msg timestamp="20210711 12:13:28.439" level="INFO">${registration_form_data} = {'username': {'value': 'hakan12', 'isValid': False, 'expected_error': 'Minimum 8 characters required. Space character is not allowed'}, 'password': {'value': 'abc!?.ZAabc!?.ZAabc!?.', 'isValid': False...</msg>
<status status="PASS" starttime="20210711 12:13:28.436" endtime="20210711 12:13:28.439"/>
</kw>
<msg timestamp="20210711 12:13:28.440" level="INFO">${registration_form_data} = {'username': {'value': 'hakan12', 'isValid': False, 'expected_error': 'Minimum 8 characters required. Space character is not allowed'}, 'password': {'value': 'abc!?.ZAabc!?.ZAabc!?.', 'isValid': False...</msg>
<status status="PASS" starttime="20210711 12:13:28.436" endtime="20210711 12:13:28.440"/>
</kw>
<kw name="Exit For Loop If" library="BuiltIn">
<arg>$registration_form_data is None</arg>
<doc>Stops executing the enclosing for loop if the ``condition`` is true.</doc>
<status status="PASS" starttime="20210711 12:13:28.440" endtime="20210711 12:13:28.441"/>
</kw>
<kw name="Log To Console" library="BuiltIn">
<arg>${index} ${registration_form_data}</arg>
<doc>Logs the given message to the console.</doc>
<status status="PASS" starttime="20210711 12:13:28.441" endtime="20210711 12:13:28.441"/>
</kw>
<status status="PASS" starttime="20210711 12:13:28.436" endtime="20210711 12:13:28.441"/>
</iter>
<iter>
<var name="${index}">21</var>
<kw name="Get Registration Form Data" library="DataManager">
<var>${registration_form_data}</var>
<kw name="Read Registration Form Data" library="RegistrationFormDataReader">
<var>${registration_form_data}</var>
<msg timestamp="20210711 12:13:28.448" level="INFO">${registration_form_data} = {'username': {'value': 'hakan12', 'isValid': False, 'expected_error': 'Minimum 8 characters required. Space character is not allowed'}, 'password': {'value': 'ABC!?.abABC!?.abABC!?.', 'isValid': False...</msg>
<status status="PASS" starttime="20210711 12:13:28.442" endtime="20210711 12:13:28.448"/>
</kw>
<msg timestamp="20210711 12:13:28.449" level="INFO">${registration_form_data} = {'username': {'value': 'hakan12', 'isValid': False, 'expected_error': 'Minimum 8 characters required. Space character is not allowed'}, 'password': {'value': 'ABC!?.abABC!?.abABC!?.', 'isValid': False...</msg>
<status status="PASS" starttime="20210711 12:13:28.442" endtime="20210711 12:13:28.449"/>
</kw>
<kw name="Exit For Loop If" library="BuiltIn">
<arg>$registration_form_data is None</arg>
<doc>Stops executing the enclosing for loop if the ``condition`` is true.</doc>
<status status="PASS" starttime="20210711 12:13:28.449" endtime="20210711 12:13:28.449"/>
</kw>
<kw name="Log To Console" library="BuiltIn">
<arg>${index} ${registration_form_data}</arg>
<doc>Logs the given message to the console.</doc>
<status status="PASS" starttime="20210711 12:13:28.450" endtime="20210711 12:13:28.450"/>
</kw>
<status status="PASS" starttime="20210711 12:13:28.441" endtime="20210711 12:13:28.450"/>
</iter>
<iter>
<var name="${index}">22</var>
<kw name="Get Registration Form Data" library="DataManager">
<var>${registration_form_data}</var>
<kw name="Read Registration Form Data" library="RegistrationFormDataReader">
<var>${registration_form_data}</var>
<msg timestamp="20210711 12:13:28.454" level="INFO">${registration_form_data} = {'username': {'value': 'hakan123', 'isValid': True}, 'password': {'value': 'abc012.', 'isValid': False, 'expected_error': 'Min 8 characters. Must contain at least one character from [a-z], [A-Z], [0-9...</msg>
<status status="PASS" starttime="20210711 12:13:28.451" endtime="20210711 12:13:28.454"/>
</kw>
<msg timestamp="20210711 12:13:28.455" level="INFO">${registration_form_data} = {'username': {'value': 'hakan123', 'isValid': True}, 'password': {'value': 'abc012.', 'isValid': False, 'expected_error': 'Min 8 characters. Must contain at least one character from [a-z], [A-Z], [0-9...</msg>
<status status="PASS" starttime="20210711 12:13:28.450" endtime="20210711 12:13:28.455"/>
</kw>
<kw name="Exit For Loop If" library="BuiltIn">
<arg>$registration_form_data is None</arg>
<doc>Stops executing the enclosing for loop if the ``condition`` is true.</doc>
<status status="PASS" starttime="20210711 12:13:28.455" endtime="20210711 12:13:28.455"/>
</kw>
<kw name="Log To Console" library="BuiltIn">
<arg>${index} ${registration_form_data}</arg>
<doc>Logs the given message to the console.</doc>
<status status="PASS" starttime="20210711 12:13:28.455" endtime="20210711 12:13:28.456"/>
</kw>
<status status="PASS" starttime="20210711 12:13:28.450" endtime="20210711 12:13:28.456"/>
</iter>
<iter>
<var name="${index}">23</var>
<kw name="Get Registration Form Data" library="DataManager">
<var>${registration_form_data}</var>
<kw name="Read Registration Form Data" library="RegistrationFormDataReader">
<var>${registration_form_data}</var>
<msg timestamp="20210711 12:13:28.460" level="INFO">${registration_form_data} = {'username': {'value': 'hakan123', 'isValid': True}, 'password': {'value': 'abc!?.67', 'isValid': False, 'expected_error': 'Min 8 characters. Must contain at least one character from [a-z], [A-Z], [0-...</msg>
<status status="PASS" starttime="20210711 12:13:28.456" endtime="20210711 12:13:28.460"/>
</kw>
<msg timestamp="20210711 12:13:28.460" level="INFO">${registration_form_data} = {'username': {'value': 'hakan123', 'isValid': True}, 'password': {'value': 'abc!?.67', 'isValid': False, 'expected_error': 'Min 8 characters. Must contain at least one character from [a-z], [A-Z], [0-...</msg>
<status status="PASS" starttime="20210711 12:13:28.456" endtime="20210711 12:13:28.460"/>
</kw>
<kw name="Exit For Loop If" library="BuiltIn">
<arg>$registration_form_data is None</arg>
<doc>Stops executing the enclosing for loop if the ``condition`` is true.</doc>
<status status="PASS" starttime="20210711 12:13:28.460" endtime="20210711 12:13:28.460"/>
</kw>
<kw name="Log To Console" library="BuiltIn">
<arg>${index} ${registration_form_data}</arg>
<doc>Logs the given message to the console.</doc>
<status status="PASS" starttime="20210711 12:13:28.461" endtime="20210711 12:13:28.461"/>
</kw>
<status status="PASS" starttime="20210711 12:13:28.456" endtime="20210711 12:13:28.461"/>
</iter>
<iter>
<var name="${index}">24</var>
<kw name="Get Registration Form Data" library="DataManager">
<var>${registration_form_data}</var>
<kw name="Read Registration Form Data" library="RegistrationFormDataReader">
<var>${registration_form_data}</var>
<msg timestamp="20210711 12:13:28.464" level="INFO">${registration_form_data} = {'username': {'value': 'hakan123456789123456789', 'isValid': True}, 'password': {'value': 'ABCD!?.', 'isValid': False, 'expected_error': 'Min 8 characters. Must contain at least one character from [a-...</msg>
<status status="PASS" starttime="20210711 12:13:28.462" endtime="20210711 12:13:28.465"/>
</kw>
<msg timestamp="20210711 12:13:28.465" level="INFO">${registration_form_data} = {'username': {'value': 'hakan123456789123456789', 'isValid': True}, 'password': {'value': 'ABCD!?.', 'isValid': False, 'expected_error': 'Min 8 characters. Must contain at least one character from [a-...</msg>
<status status="PASS" starttime="20210711 12:13:28.461" endtime="20210711 12:13:28.465"/>
</kw>
<kw name="Exit For Loop If" library="BuiltIn">
<arg>$registration_form_data is None</arg>
<doc>Stops executing the enclosing for loop if the ``condition`` is true.</doc>
<status status="PASS" starttime="20210711 12:13:28.465" endtime="20210711 12:13:28.465"/>
</kw>
<kw name="Log To Console" library="BuiltIn">
<arg>${index} ${registration_form_data}</arg>
<doc>Logs the given message to the console.</doc>
<status status="PASS" starttime="20210711 12:13:28.465" endtime="20210711 12:13:28.466"/>
</kw>
<status status="PASS" starttime="20210711 12:13:28.461" endtime="20210711 12:13:28.466"/>
</iter>
<iter>
<var name="${index}">25</var>
<kw name="Get Registration Form Data" library="DataManager">
<var>${registration_form_data}</var>
<kw name="Read Registration Form Data" library="RegistrationFormDataReader">
<var>${registration_form_data}</var>
<msg timestamp="20210711 12:13:28.470" level="INFO">${registration_form_data} = {'username': {'value': '#¤%123!', 'isValid': False, 'expected_error': 'Minimum 8 characters required. Space character is not allowed'}, 'password': {'value': 'ABC456.', 'isValid': False, 'expected_err...</msg>
<status status="PASS" starttime="20210711 12:13:28.466" endtime="20210711 12:13:28.470"/>
</kw>
<msg timestamp="20210711 12:13:28.470" level="INFO">${registration_form_data} = {'username': {'value': '#¤%123!', 'isValid': False, 'expected_error': 'Minimum 8 characters required. Space character is not allowed'}, 'password': {'value': 'ABC456.', 'isValid': False, 'expected_err...</msg>
<status status="PASS" starttime="20210711 12:13:28.466" endtime="20210711 12:13:28.470"/>
</kw>
<kw name="Exit For Loop If" library="BuiltIn">
<arg>$registration_form_data is None</arg>
<doc>Stops executing the enclosing for loop if the ``condition`` is true.</doc>
<status status="PASS" starttime="20210711 12:13:28.470" endtime="20210711 12:13:28.470"/>
</kw>
<kw name="Log To Console" library="BuiltIn">
<arg>${index} ${registration_form_data}</arg>
<doc>Logs the given message to the console.</doc>
<status status="PASS" starttime="20210711 12:13:28.471" endtime="20210711 12:13:28.471"/>
</kw>
<status status="PASS" starttime="20210711 12:13:28.466" endtime="20210711 12:13:28.471"/>
</iter>
<iter>
<var name="${index}">26</var>
<kw name="Get Registration Form Data" library="DataManager">
<var>${registration_form_data}</var>
<kw name="Read Registration Form Data" library="RegistrationFormDataReader">
<var>${registration_form_data}</var>
<msg timestamp="20210711 12:13:28.475" level="INFO">${registration_form_data} = {'username': {'value': '#¤%123!&amp;', 'isValid': True}, 'password': {'value': 'abcd0123456789defghjk4', 'isValid': False, 'expected_error': 'Min 8 characters. Must contain at least one character from [a-...</msg>
<status status="PASS" starttime="20210711 12:13:28.471" endtime="20210711 12:13:28.475"/>
</kw>
<msg timestamp="20210711 12:13:28.476" level="INFO">${registration_form_data} = {'username': {'value': '#¤%123!&amp;', 'isValid': True}, 'password': {'value': 'abcd0123456789defghjk4', 'isValid': False, 'expected_error': 'Min 8 characters. Must contain at least one character from [a-...</msg>
<status status="PASS" starttime="20210711 12:13:28.471" endtime="20210711 12:13:28.476"/>
</kw>
<kw name="Exit For Loop If" library="BuiltIn">
<arg>$registration_form_data is None</arg>
<doc>Stops executing the enclosing for loop if the ``condition`` is true.</doc>
<status status="PASS" starttime="20210711 12:13:28.476" endtime="20210711 12:13:28.476"/>
</kw>
<kw name="Log To Console" library="BuiltIn">
<arg>${index} ${registration_form_data}</arg>
<doc>Logs the given message to the console.</doc>
<status status="PASS" starttime="20210711 12:13:28.476" endtime="20210711 12:13:28.477"/>
</kw>
<status status="PASS" starttime="20210711 12:13:28.471" endtime="20210711 12:13:28.478"/>
</iter>
<iter>
<var name="${index}">27</var>
<kw name="Get Registration Form Data" library="DataManager">
<var>${registration_form_data}</var>
<kw name="Read Registration Form Data" library="RegistrationFormDataReader">
<var>${registration_form_data}</var>
<msg timestamp="20210711 12:13:28.482" level="INFO">${registration_form_data} = {'username': {'value': '#¤%123!&amp;', 'isValid': True}, 'password': {'value': 'ABC456.?', 'isValid': False, 'expected_error': 'Min 8 characters. Must contain at least one character from [a-z], [A-Z], [0-...</msg>
<status status="PASS" starttime="20210711 12:13:28.479" endtime="20210711 12:13:28.482"/>
</kw>
<msg timestamp="20210711 12:13:28.483" level="INFO">${registration_form_data} = {'username': {'value': '#¤%123!&amp;', 'isValid': True}, 'password': {'value': 'ABC456.?', 'isValid': False, 'expected_error': 'Min 8 characters. Must contain at least one character from [a-z], [A-Z], [0-...</msg>
<status status="PASS" starttime="20210711 12:13:28.478" endtime="20210711 12:13:28.483"/>
</kw>
<kw name="Exit For Loop If" library="BuiltIn">
<arg>$registration_form_data is None</arg>
<doc>Stops executing the enclosing for loop if the ``condition`` is true.</doc>
<status status="PASS" starttime="20210711 12:13:28.483" endtime="20210711 12:13:28.483"/>
</kw>
<kw name="Log To Console" library="BuiltIn">
<arg>${index} ${registration_form_data}</arg>
<doc>Logs the given message to the console.</doc>
<status status="PASS" starttime="20210711 12:13:28.483" endtime="20210711 12:13:28.484"/>
</kw>
<status status="PASS" starttime="20210711 12:13:28.478" endtime="20210711 12:13:28.484"/>
</iter>
<iter>
<var name="${index}">28</var>
<kw name="Get Registration Form Data" library="DataManager">
<var>${registration_form_data}</var>
<kw name="Read Registration Form Data" library="RegistrationFormDataReader">
<var>${registration_form_data}</var>
<msg timestamp="20210711 12:13:28.487" level="INFO">${registration_form_data} = {'username': {'value': '#¤%123!&amp;7683##()=?@#¤%&amp;34567', 'isValid': True}, 'password': {'value': 'ABCabc!?', 'isValid': False, 'expected_error': 'Min 8 characters. Must contain at least one character fr...</msg>
<status status="PASS" starttime="20210711 12:13:28.484" endtime="20210711 12:13:28.487"/>
</kw>
<msg timestamp="20210711 12:13:28.488" level="INFO">${registration_form_data} = {'username': {'value': '#¤%123!&amp;7683##()=?@#¤%&amp;34567', 'isValid': True}, 'password': {'value': 'ABCabc!?', 'isValid': False, 'expected_error': 'Min 8 characters. Must contain at least one character fr...</msg>
<status status="PASS" starttime="20210711 12:13:28.484" endtime="20210711 12:13:28.488"/>
</kw>
<kw name="Exit For Loop If" library="BuiltIn">
<arg>$registration_form_data is None</arg>
<doc>Stops executing the enclosing for loop if the ``condition`` is true.</doc>
<status status="PASS" starttime="20210711 12:13:28.488" endtime="20210711 12:13:28.488"/>
</kw>
<kw name="Log To Console" library="BuiltIn">
<arg>${index} ${registration_form_data}</arg>
<doc>Logs the given message to the console.</doc>
<status status="PASS" starttime="20210711 12:13:28.488" endtime="20210711 12:13:28.489"/>
</kw>
<status status="PASS" starttime="20210711 12:13:28.484" endtime="20210711 12:13:28.489"/>
</iter>
<iter>
<var name="${index}">29</var>
<kw name="Get Registration Form Data" library="DataManager">
<var>${registration_form_data}</var>
<kw name="Read Registration Form Data" library="RegistrationFormDataReader">
<var>${registration_form_data}</var>
<msg timestamp="20210711 12:13:28.493" level="INFO">${registration_form_data} = {'username': {'value': '#¤%123!&amp;7683##()=?@#¤%&amp;34567', 'isValid': True}, 'password': {'value': 'abc!?.67', 'isValid': False, 'expected_error': 'Min 8 characters. Must contain at least one character fr...</msg>
<status status="PASS" starttime="20210711 12:13:28.489" endtime="20210711 12:13:28.493"/>
</kw>
<msg timestamp="20210711 12:13:28.493" level="INFO">${registration_form_data} = {'username': {'value': '#¤%123!&amp;7683##()=?@#¤%&amp;34567', 'isValid': True}, 'password': {'value': 'abc!?.67', 'isValid': False, 'expected_error': 'Min 8 characters. Must contain at least one character fr...</msg>
<status status="PASS" starttime="20210711 12:13:28.489" endtime="20210711 12:13:28.493"/>
</kw>
<kw name="Exit For Loop If" library="BuiltIn">
<arg>$registration_form_data is None</arg>
<doc>Stops executing the enclosing for loop if the ``condition`` is true.</doc>
<status status="PASS" starttime="20210711 12:13:28.494" endtime="20210711 12:13:28.494"/>
</kw>
<kw name="Log To Console" library="BuiltIn">
<arg>${index} ${registration_form_data}</arg>
<doc>Logs the given message to the console.</doc>
<status status="PASS" starttime="20210711 12:13:28.494" endtime="20210711 12:13:28.494"/>
</kw>
<status status="PASS" starttime="20210711 12:13:28.489" endtime="20210711 12:13:28.495"/>
</iter>
<iter>
<var name="${index}">30</var>
<kw name="Get Registration Form Data" library="DataManager">
<var>${registration_form_data}</var>
<kw name="Read Registration Form Data" library="RegistrationFormDataReader">
<var>${registration_form_data}</var>
<msg timestamp="20210711 12:13:28.502" level="INFO">${registration_form_data} = {'username': {'value': '#¤123ab', 'isValid': False, 'expected_error': 'Minimum 8 characters required. Space character is not allowed'}, 'password': {'value': 'abc012ABabc012ABabc012', 'isValid': False...</msg>
<status status="PASS" starttime="20210711 12:13:28.498" endtime="20210711 12:13:28.502"/>
</kw>
<msg timestamp="20210711 12:13:28.502" level="INFO">${registration_form_data} = {'username': {'value': '#¤123ab', 'isValid': False, 'expected_error': 'Minimum 8 characters required. Space character is not allowed'}, 'password': {'value': 'abc012ABabc012ABabc012', 'isValid': False...</msg>
<status status="PASS" starttime="20210711 12:13:28.495" endtime="20210711 12:13:28.502"/>
</kw>
<kw name="Exit For Loop If" library="BuiltIn">
<arg>$registration_form_data is None</arg>
<doc>Stops executing the enclosing for loop if the ``condition`` is true.</doc>
<status status="PASS" starttime="20210711 12:13:28.502" endtime="20210711 12:13:28.503"/>
</kw>
<kw name="Log To Console" library="BuiltIn">
<arg>${index} ${registration_form_data}</arg>
<doc>Logs the given message to the console.</doc>
<status status="PASS" starttime="20210711 12:13:28.503" endtime="20210711 12:13:28.503"/>
</kw>
<status status="PASS" starttime="20210711 12:13:28.495" endtime="20210711 12:13:28.503"/>
</iter>
<iter>
<var name="${index}">31</var>
<kw name="Get Registration Form Data" library="DataManager">
<var>${registration_form_data}</var>
<kw name="Read Registration Form Data" library="RegistrationFormDataReader">
<var>${registration_form_data}</var>
<msg timestamp="20210711 12:13:28.508" level="INFO">${registration_form_data} = {'username': {'value': '#¤123ab', 'isValid': False, 'expected_error': 'Minimum 8 characters required. Space character is not allowed'}, 'password': {'value': 'ABC!?.01ABC!?.01ABC!?.', 'isValid': False...</msg>
<status status="PASS" starttime="20210711 12:13:28.504" endtime="20210711 12:13:28.508"/>
</kw>
<msg timestamp="20210711 12:13:28.508" level="INFO">${registration_form_data} = {'username': {'value': '#¤123ab', 'isValid': False, 'expected_error': 'Minimum 8 characters required. Space character is not allowed'}, 'password': {'value': 'ABC!?.01ABC!?.01ABC!?.', 'isValid': False...</msg>
<status status="PASS" starttime="20210711 12:13:28.503" endtime="20210711 12:13:28.508"/>
</kw>
<kw name="Exit For Loop If" library="BuiltIn">
<arg>$registration_form_data is None</arg>
<doc>Stops executing the enclosing for loop if the ``condition`` is true.</doc>
<status status="PASS" starttime="20210711 12:13:28.509" endtime="20210711 12:13:28.509"/>
</kw>
<kw name="Log To Console" library="BuiltIn">
<arg>${index} ${registration_form_data}</arg>
<doc>Logs the given message to the console.</doc>
<status status="PASS" starttime="20210711 12:13:28.509" endtime="20210711 12:13:28.510"/>
</kw>
<status status="PASS" starttime="20210711 12:13:28.503" endtime="20210711 12:13:28.510"/>
</iter>
<iter>
<var name="${index}">32</var>
<kw name="Get Registration Form Data" library="DataManager">
<var>${registration_form_data}</var>
<kw name="Read Registration Form Data" library="RegistrationFormDataReader">
<var>${registration_form_data}</var>
<msg timestamp="20210711 12:13:28.513" level="INFO">${registration_form_data} = {'username': {'value': '#¤123abc', 'isValid': True}, 'password': {'value': '!?.?!.!?!?.?!.!?!.!.', 'isValid': False, 'expected_error': 'Min 8 characters. Must contain at least one character from [a-z]...</msg>
<status status="PASS" starttime="20210711 12:13:28.510" endtime="20210711 12:13:28.513"/>
</kw>
<msg timestamp="20210711 12:13:28.513" level="INFO">${registration_form_data} = {'username': {'value': '#¤123abc', 'isValid': True}, 'password': {'value': '!?.?!.!?!?.?!.!?!.!.', 'isValid': False, 'expected_error': 'Min 8 characters. Must contain at least one character from [a-z]...</msg>
<status status="PASS" starttime="20210711 12:13:28.510" endtime="20210711 12:13:28.513"/>
</kw>
<kw name="Exit For Loop If" library="BuiltIn">
<arg>$registration_form_data is None</arg>
<doc>Stops executing the enclosing for loop if the ``condition`` is true.</doc>
<status status="PASS" starttime="20210711 12:13:28.514" endtime="20210711 12:13:28.514"/>
</kw>
<kw name="Log To Console" library="BuiltIn">
<arg>${index} ${registration_form_data}</arg>
<doc>Logs the given message to the console.</doc>
<status status="PASS" starttime="20210711 12:13:28.514" endtime="20210711 12:13:28.515"/>
</kw>
<status status="PASS" starttime="20210711 12:13:28.510" endtime="20210711 12:13:28.515"/>
</iter>
<iter>
<var name="${index}">33</var>
<kw name="Get Registration Form Data" library="DataManager">
<var>${registration_form_data}</var>
<kw name="Read Registration Form Data" library="RegistrationFormDataReader">
<var>${registration_form_data}</var>
<msg timestamp="20210711 12:13:28.518" level="INFO">${registration_form_data} = {'username': {'value': '#¤123abc', 'isValid': True}, 'password': {'value': 'ABCD!?..ABCD!?..ABCD!?', 'isValid': False, 'expected_error': 'Min 8 characters. Must contain at least one character from [a-...</msg>
<status status="PASS" starttime="20210711 12:13:28.515" endtime="20210711 12:13:28.519"/>
</kw>
<msg timestamp="20210711 12:13:28.519" level="INFO">${registration_form_data} = {'username': {'value': '#¤123abc', 'isValid': True}, 'password': {'value': 'ABCD!?..ABCD!?..ABCD!?', 'isValid': False, 'expected_error': 'Min 8 characters. Must contain at least one character from [a-...</msg>
<status status="PASS" starttime="20210711 12:13:28.515" endtime="20210711 12:13:28.519"/>
</kw>
<kw name="Exit For Loop If" library="BuiltIn">
<arg>$registration_form_data is None</arg>
<doc>Stops executing the enclosing for loop if the ``condition`` is true.</doc>
<status status="PASS" starttime="20210711 12:13:28.519" endtime="20210711 12:13:28.519"/>
</kw>
<kw name="Log To Console" library="BuiltIn">
<arg>${index} ${registration_form_data}</arg>
<doc>Logs the given message to the console.</doc>
<status status="PASS" starttime="20210711 12:13:28.519" endtime="20210711 12:13:28.520"/>
</kw>
<status status="PASS" starttime="20210711 12:13:28.515" endtime="20210711 12:13:28.520"/>
</iter>
<iter>
<var name="${index}">34</var>
<kw name="Get Registration Form Data" library="DataManager">
<var>${registration_form_data}</var>
<kw name="Read Registration Form Data" library="RegistrationFormDataReader">
<var>${registration_form_data}</var>
<msg timestamp="20210711 12:13:28.524" level="INFO">${registration_form_data} = {'username': {'value': '#¤123abc', 'isValid': True}, 'password': {'value': 'abcdAB90', 'isValid': False, 'expected_error': 'Min 8 characters. Must contain at least one character from [a-z], [A-Z], [0-...</msg>
<status status="PASS" starttime="20210711 12:13:28.520" endtime="20210711 12:13:28.524"/>
</kw>
<msg timestamp="20210711 12:13:28.524" level="INFO">${registration_form_data} = {'username': {'value': '#¤123abc', 'isValid': True}, 'password': {'value': 'abcdAB90', 'isValid': False, 'expected_error': 'Min 8 characters. Must contain at least one character from [a-z], [A-Z], [0-...</msg>
<status status="PASS" starttime="20210711 12:13:28.520" endtime="20210711 12:13:28.524"/>
</kw>
<kw name="Exit For Loop If" library="BuiltIn">
<arg>$registration_form_data is None</arg>
<doc>Stops executing the enclosing for loop if the ``condition`` is true.</doc>
<status status="PASS" starttime="20210711 12:13:28.525" endtime="20210711 12:13:28.525"/>
</kw>
<kw name="Log To Console" library="BuiltIn">
<arg>${index} ${registration_form_data}</arg>
<doc>Logs the given message to the console.</doc>
<status status="PASS" starttime="20210711 12:13:28.525" endtime="20210711 12:13:28.525"/>
</kw>
<status status="PASS" starttime="20210711 12:13:28.520" endtime="20210711 12:13:28.526"/>
</iter>
<iter>
<var name="${index}">35</var>
<kw name="Get Registration Form Data" library="DataManager">
<var>${registration_form_data}</var>
<kw name="Read Registration Form Data" library="RegistrationFormDataReader">
<var>${registration_form_data}</var>
<msg timestamp="20210711 12:13:28.530" level="INFO">${registration_form_data} = {'username': {'value': '#¤123abc', 'isValid': True}, 'password': {'value': 'ABCabc!?ABCabc!?ABCab.', 'isValid': False, 'expected_error': 'Min 8 characters. Must contain at least one character from [a-...</msg>
<status status="PASS" starttime="20210711 12:13:28.526" endtime="20210711 12:13:28.530"/>
</kw>
<msg timestamp="20210711 12:13:28.530" level="INFO">${registration_form_data} = {'username': {'value': '#¤123abc', 'isValid': True}, 'password': {'value': 'ABCabc!?ABCabc!?ABCab.', 'isValid': False, 'expected_error': 'Min 8 characters. Must contain at least one character from [a-...</msg>
<status status="PASS" starttime="20210711 12:13:28.526" endtime="20210711 12:13:28.530"/>
</kw>
<kw name="Exit For Loop If" library="BuiltIn">
<arg>$registration_form_data is None</arg>
<doc>Stops executing the enclosing for loop if the ``condition`` is true.</doc>
<status status="PASS" starttime="20210711 12:13:28.530" endtime="20210711 12:13:28.531"/>
</kw>
<kw name="Log To Console" library="BuiltIn">
<arg>${index} ${registration_form_data}</arg>
<doc>Logs the given message to the console.</doc>
<status status="PASS" starttime="20210711 12:13:28.531" endtime="20210711 12:13:28.531"/>
</kw>
<status status="PASS" starttime="20210711 12:13:28.526" endtime="20210711 12:13:28.531"/>
</iter>
<iter>
<var name="${index}">36</var>
<kw name="Get Registration Form Data" library="DataManager">
<var>${registration_form_data}</var>
<kw name="Read Registration Form Data" library="RegistrationFormDataReader">
<var>${registration_form_data}</var>
<msg timestamp="20210711 12:13:28.535" level="INFO">${registration_form_data} = {'username': {'value': '#¤123abc', 'isValid': True}, 'password': {'value': 'ABC456.?ABC456.?ABC456', 'isValid': False, 'expected_error': 'Min 8 characters. Must contain at least one character from [a-...</msg>
<status status="PASS" starttime="20210711 12:13:28.531" endtime="20210711 12:13:28.535"/>
</kw>
<msg timestamp="20210711 12:13:28.535" level="INFO">${registration_form_data} = {'username': {'value': '#¤123abc', 'isValid': True}, 'password': {'value': 'ABC456.?ABC456.?ABC456', 'isValid': False, 'expected_error': 'Min 8 characters. Must contain at least one character from [a-...</msg>
<status status="PASS" starttime="20210711 12:13:28.531" endtime="20210711 12:13:28.535"/>
</kw>
<kw name="Exit For Loop If" library="BuiltIn">
<arg>$registration_form_data is None</arg>
<doc>Stops executing the enclosing for loop if the ``condition`` is true.</doc>
<status status="PASS" starttime="20210711 12:13:28.536" endtime="20210711 12:13:28.536"/>
</kw>
<kw name="Log To Console" library="BuiltIn">
<arg>${index} ${registration_form_data}</arg>
<doc>Logs the given message to the console.</doc>
<status status="PASS" starttime="20210711 12:13:28.536" endtime="20210711 12:13:28.536"/>
</kw>
<status status="PASS" starttime="20210711 12:13:28.531" endtime="20210711 12:13:28.536"/>
</iter>
<iter>
<var name="${index}">37</var>
<kw name="Get Registration Form Data" library="DataManager">
<var>${registration_form_data}</var>
<kw name="Read Registration Form Data" library="RegistrationFormDataReader">
<var>${registration_form_data}</var>
<msg timestamp="20210711 12:13:28.541" level="INFO">${registration_form_data} = {'username': {'value': '#¤123abc', 'isValid': True}, 'password': {'value': 'ABC!?.a', 'isValid': False, 'expected_error': 'Min 8 characters. Must contain at least one character from [a-z], [A-Z], [0-9...</msg>
<status status="PASS" starttime="20210711 12:13:28.537" endtime="20210711 12:13:28.541"/>
</kw>
<msg timestamp="20210711 12:13:28.541" level="INFO">${registration_form_data} = {'username': {'value': '#¤123abc', 'isValid': True}, 'password': {'value': 'ABC!?.a', 'isValid': False, 'expected_error': 'Min 8 characters. Must contain at least one character from [a-z], [A-Z], [0-9...</msg>
<status status="PASS" starttime="20210711 12:13:28.537" endtime="20210711 12:13:28.541"/>
</kw>
<kw name="Exit For Loop If" library="BuiltIn">
<arg>$registration_form_data is None</arg>
<doc>Stops executing the enclosing for loop if the ``condition`` is true.</doc>
<status status="PASS" starttime="20210711 12:13:28.541" endtime="20210711 12:13:28.542"/>
</kw>
<kw name="Log To Console" library="BuiltIn">
<arg>${index} ${registration_form_data}</arg>
<doc>Logs the given message to the console.</doc>
<status status="PASS" starttime="20210711 12:13:28.542" endtime="20210711 12:13:28.542"/>
</kw>
<status status="PASS" starttime="20210711 12:13:28.536" endtime="20210711 12:13:28.542"/>
</iter>
<iter>
<var name="${index}">38</var>
<kw name="Get Registration Form Data" library="DataManager">
<var>${registration_form_data}</var>
<kw name="Read Registration Form Data" library="RegistrationFormDataReader">
<var>${registration_form_data}</var>
<msg timestamp="20210711 12:13:28.547" level="INFO">${registration_form_data} = {'username': {'value': '#¤/&amp;¤!!123abc456hjk', 'isValid': True}, 'password': {'value': 'ABCabc!?ABCabc!?ABCab.', 'isValid': False, 'expected_error': 'Min 8 characters. Must contain at least one charact...</msg>
<status status="PASS" starttime="20210711 12:13:28.543" endtime="20210711 12:13:28.547"/>
</kw>
<msg timestamp="20210711 12:13:28.547" level="INFO">${registration_form_data} = {'username': {'value': '#¤/&amp;¤!!123abc456hjk', 'isValid': True}, 'password': {'value': 'ABCabc!?ABCabc!?ABCab.', 'isValid': False, 'expected_error': 'Min 8 characters. Must contain at least one charact...</msg>
<status status="PASS" starttime="20210711 12:13:28.543" endtime="20210711 12:13:28.547"/>
</kw>
<kw name="Exit For Loop If" library="BuiltIn">
<arg>$registration_form_data is None</arg>
<doc>Stops executing the enclosing for loop if the ``condition`` is true.</doc>
<status status="PASS" starttime="20210711 12:13:28.547" endtime="20210711 12:13:28.547"/>
</kw>
<kw name="Log To Console" library="BuiltIn">
<arg>${index} ${registration_form_data}</arg>
<doc>Logs the given message to the console.</doc>
<status status="PASS" starttime="20210711 12:13:28.547" endtime="20210711 12:13:28.548"/>
</kw>
<status status="PASS" starttime="20210711 12:13:28.542" endtime="20210711 12:13:28.548"/>
</iter>
<iter>
<var name="${index}">39</var>
<kw name="Get Registration Form Data" library="DataManager">
<var>${registration_form_data}</var>
<kw name="Read Registration Form Data" library="RegistrationFormDataReader">
<var>${registration_form_data}</var>
<msg timestamp="20210711 12:13:28.552" level="INFO">${registration_form_data} = {'username': {'value': '#¤/&amp;¤!!123abc456hjk', 'isValid': True}, 'password': {'value': 'abc012.', 'isValid': False, 'expected_error': 'Min 8 characters. Must contain at least one character from [a-z], ...</msg>
<status status="PASS" starttime="20210711 12:13:28.548" endtime="20210711 12:13:28.552"/>
</kw>
<msg timestamp="20210711 12:13:28.552" level="INFO">${registration_form_data} = {'username': {'value': '#¤/&amp;¤!!123abc456hjk', 'isValid': True}, 'password': {'value': 'abc012.', 'isValid': False, 'expected_error': 'Min 8 characters. Must contain at least one character from [a-z], ...</msg>
<status status="PASS" starttime="20210711 12:13:28.548" endtime="20210711 12:13:28.552"/>
</kw>
<kw name="Exit For Loop If" library="BuiltIn">
<arg>$registration_form_data is None</arg>
<doc>Stops executing the enclosing for loop if the ``condition`` is true.</doc>
<status status="PASS" starttime="20210711 12:13:28.553" endtime="20210711 12:13:28.553"/>
</kw>
<kw name="Log To Console" library="BuiltIn">
<arg>${index} ${registration_form_data}</arg>
<doc>Logs the given message to the console.</doc>
<status status="PASS" starttime="20210711 12:13:28.553" endtime="20210711 12:13:28.553"/>
</kw>
<status status="PASS" starttime="20210711 12:13:28.548" endtime="20210711 12:13:28.553"/>
</iter>
<iter>
<var name="${index}">40</var>
<kw name="Get Registration Form Data" library="DataManager">
<var>${registration_form_data}</var>
<kw name="Read Registration Form Data" library="RegistrationFormDataReader">
<var>${registration_form_data}</var>
<msg timestamp="20210711 12:13:28.558" level="INFO">${registration_form_data} = {'username': {'value': '#¤/abc!', 'isValid': False, 'expected_error': 'Minimum 8 characters required. Space character is not allowed'}, 'password': {'value': 'abcdAB90', 'isValid': False, 'expected_er...</msg>
<status status="PASS" starttime="20210711 12:13:28.554" endtime="20210711 12:13:28.558"/>
</kw>
<msg timestamp="20210711 12:13:28.558" level="INFO">${registration_form_data} = {'username': {'value': '#¤/abc!', 'isValid': False, 'expected_error': 'Minimum 8 characters required. Space character is not allowed'}, 'password': {'value': 'abcdAB90', 'isValid': False, 'expected_er...</msg>
<status status="PASS" starttime="20210711 12:13:28.554" endtime="20210711 12:13:28.558"/>
</kw>
<kw name="Exit For Loop If" library="BuiltIn">
<arg>$registration_form_data is None</arg>
<doc>Stops executing the enclosing for loop if the ``condition`` is true.</doc>
<status status="PASS" starttime="20210711 12:13:28.559" endtime="20210711 12:13:28.559"/>
</kw>
<kw name="Log To Console" library="BuiltIn">
<arg>${index} ${registration_form_data}</arg>
<doc>Logs the given message to the console.</doc>
<status status="PASS" starttime="20210711 12:13:28.559" endtime="20210711 12:13:28.559"/>
</kw>
<status status="PASS" starttime="20210711 12:13:28.554" endtime="20210711 12:13:28.559"/>
</iter>
<iter>
<var name="${index}">41</var>
<kw name="Get Registration Form Data" library="DataManager">
<var>${registration_form_data}</var>
<kw name="Read Registration Form Data" library="RegistrationFormDataReader">
<var>${registration_form_data}</var>
<msg timestamp="20210711 12:13:28.563" level="INFO">${registration_form_data} = {'username': {'value': '#¤/abc!g', 'isValid': True}, 'password': {'value': '01234567890123456789', 'isValid': False, 'expected_error': 'Min 8 characters. Must contain at least one character from [a-z]...</msg>
<status status="PASS" starttime="20210711 12:13:28.560" endtime="20210711 12:13:28.563"/>
</kw>
<msg timestamp="20210711 12:13:28.563" level="INFO">${registration_form_data} = {'username': {'value': '#¤/abc!g', 'isValid': True}, 'password': {'value': '01234567890123456789', 'isValid': False, 'expected_error': 'Min 8 characters. Must contain at least one character from [a-z]...</msg>
<status status="PASS" starttime="20210711 12:13:28.560" endtime="20210711 12:13:28.563"/>
</kw>
<kw name="Exit For Loop If" library="BuiltIn">
<arg>$registration_form_data is None</arg>
<doc>Stops executing the enclosing for loop if the ``condition`` is true.</doc>
<status status="PASS" starttime="20210711 12:13:28.564" endtime="20210711 12:13:28.564"/>
</kw>
<kw name="Log To Console" library="BuiltIn">
<arg>${index} ${registration_form_data}</arg>
<doc>Logs the given message to the console.</doc>
<status status="PASS" starttime="20210711 12:13:28.564" endtime="20210711 12:13:28.564"/>
</kw>
<status status="PASS" starttime="20210711 12:13:28.560" endtime="20210711 12:13:28.564"/>
</iter>
<iter>
<var name="${index}">42</var>
<kw name="Get Registration Form Data" library="DataManager">
<var>${registration_form_data}</var>
<kw name="Read Registration Form Data" library="RegistrationFormDataReader">
<var>${registration_form_data}</var>
<msg timestamp="20210711 12:13:28.569" level="INFO">${registration_form_data} = {'username': {'value': '#¤/abc!g', 'isValid': True}, 'password': {'value': 'abcdABC', 'isValid': False, 'expected_error': 'Min 8 characters. Must contain at least one character from [a-z], [A-Z], [0-9...</msg>
<status status="PASS" starttime="20210711 12:13:28.565" endtime="20210711 12:13:28.569"/>
</kw>
<msg timestamp="20210711 12:13:28.569" level="INFO">${registration_form_data} = {'username': {'value': '#¤/abc!g', 'isValid': True}, 'password': {'value': 'abcdABC', 'isValid': False, 'expected_error': 'Min 8 characters. Must contain at least one character from [a-z], [A-Z], [0-9...</msg>
<status status="PASS" starttime="20210711 12:13:28.565" endtime="20210711 12:13:28.569"/>
</kw>
<kw name="Exit For Loop If" library="BuiltIn">
<arg>$registration_form_data is None</arg>
<doc>Stops executing the enclosing for loop if the ``condition`` is true.</doc>
<status status="PASS" starttime="20210711 12:13:28.569" endtime="20210711 12:13:28.569"/>
</kw>
<kw name="Log To Console" library="BuiltIn">
<arg>${index} ${registration_form_data}</arg>
<doc>Logs the given message to the console.</doc>
<status status="PASS" starttime="20210711 12:13:28.570" endtime="20210711 12:13:28.570"/>
</kw>
<status status="PASS" starttime="20210711 12:13:28.564" endtime="20210711 12:13:28.570"/>
</iter>
<iter>
<var name="${index}">43</var>
<kw name="Get Registration Form Data" library="DataManager">
<var>${registration_form_data}</var>
<kw name="Read Registration Form Data" library="RegistrationFormDataReader">
<var>${registration_form_data}</var>
<msg timestamp="20210711 12:13:28.575" level="INFO">${registration_form_data} = {'username': {'value': '#¤/abc!g', 'isValid': True}, 'password': {'value': 'ABCD!?..', 'isValid': False, 'expected_error': 'Min 8 characters. Must contain at least one character from [a-z], [A-Z], [0-...</msg>
<status status="PASS" starttime="20210711 12:13:28.570" endtime="20210711 12:13:28.575"/>
</kw>
<msg timestamp="20210711 12:13:28.576" level="INFO">${registration_form_data} = {'username': {'value': '#¤/abc!g', 'isValid': True}, 'password': {'value': 'ABCD!?..', 'isValid': False, 'expected_error': 'Min 8 characters. Must contain at least one character from [a-z], [A-Z], [0-...</msg>
<status status="PASS" starttime="20210711 12:13:28.570" endtime="20210711 12:13:28.576"/>
</kw>
<kw name="Exit For Loop If" library="BuiltIn">
<arg>$registration_form_data is None</arg>
<doc>Stops executing the enclosing for loop if the ``condition`` is true.</doc>
<status status="PASS" starttime="20210711 12:13:28.576" endtime="20210711 12:13:28.576"/>
</kw>
<kw name="Log To Console" library="BuiltIn">
<arg>${index} ${registration_form_data}</arg>
<doc>Logs the given message to the console.</doc>
<status status="PASS" starttime="20210711 12:13:28.576" endtime="20210711 12:13:28.577"/>
</kw>
<status status="PASS" starttime="20210711 12:13:28.570" endtime="20210711 12:13:28.577"/>
</iter>
<iter>
<var name="${index}">44</var>
<kw name="Get Registration Form Data" library="DataManager">
<var>${registration_form_data}</var>
<kw name="Read Registration Form Data" library="RegistrationFormDataReader">
<var>${registration_form_data}</var>
<msg timestamp="20210711 12:13:28.582" level="INFO">${registration_form_data} = {'username': {'value': '#¤/abc!g', 'isValid': True}, 'password': {'value': 'abc012.', 'isValid': False, 'expected_error': 'Min 8 characters. Must contain at least one character from [a-z], [A-Z], [0-9...</msg>
<status status="PASS" starttime="20210711 12:13:28.578" endtime="20210711 12:13:28.582"/>
</kw>
<msg timestamp="20210711 12:13:28.582" level="INFO">${registration_form_data} = {'username': {'value': '#¤/abc!g', 'isValid': True}, 'password': {'value': 'abc012.', 'isValid': False, 'expected_error': 'Min 8 characters. Must contain at least one character from [a-z], [A-Z], [0-9...</msg>
<status status="PASS" starttime="20210711 12:13:28.577" endtime="20210711 12:13:28.582"/>
</kw>
<kw name="Exit For Loop If" library="BuiltIn">
<arg>$registration_form_data is None</arg>
<doc>Stops executing the enclosing for loop if the ``condition`` is true.</doc>
<status status="PASS" starttime="20210711 12:13:28.582" endtime="20210711 12:13:28.582"/>
</kw>
<kw name="Log To Console" library="BuiltIn">
<arg>${index} ${registration_form_data}</arg>
<doc>Logs the given message to the console.</doc>
<status status="PASS" starttime="20210711 12:13:28.583" endtime="20210711 12:13:28.583"/>
</kw>
<status status="PASS" starttime="20210711 12:13:28.577" endtime="20210711 12:13:28.583"/>
</iter>
<iter>
<var name="${index}">45</var>
<kw name="Get Registration Form Data" library="DataManager">
<var>${registration_form_data}</var>
<kw name="Read Registration Form Data" library="RegistrationFormDataReader">
<var>${registration_form_data}</var>
<msg timestamp="20210711 12:13:28.587" level="INFO">${registration_form_data} = {'username': {'value': '#¤/abc!g', 'isValid': True}, 'password': {'value': '012!.Aab012!.Aab012!.A', 'isValid': True}, 'first_name': {'value': 'Ha X', 'isValid': False, 'expected_error': 'Each first n...</msg>
<status status="PASS" starttime="20210711 12:13:28.583" endtime="20210711 12:13:28.587"/>
</kw>
<msg timestamp="20210711 12:13:28.587" level="INFO">${registration_form_data} = {'username': {'value': '#¤/abc!g', 'isValid': True}, 'password': {'value': '012!.Aab012!.Aab012!.A', 'isValid': True}, 'first_name': {'value': 'Ha X', 'isValid': False, 'expected_error': 'Each first n...</msg>
<status status="PASS" starttime="20210711 12:13:28.583" endtime="20210711 12:13:28.587"/>
</kw>
<kw name="Exit For Loop If" library="BuiltIn">
<arg>$registration_form_data is None</arg>
<doc>Stops executing the enclosing for loop if the ``condition`` is true.</doc>
<status status="PASS" starttime="20210711 12:13:28.587" endtime="20210711 12:13:28.588"/>
</kw>
<kw name="Log To Console" library="BuiltIn">
<arg>${index} ${registration_form_data}</arg>
<doc>Logs the given message to the console.</doc>
<status status="PASS" starttime="20210711 12:13:28.588" endtime="20210711 12:13:28.588"/>
</kw>
<status status="PASS" starttime="20210711 12:13:28.583" endtime="20210711 12:13:28.588"/>
</iter>
<iter>
<var name="${index}">46</var>
<kw name="Get Registration Form Data" library="DataManager">
<var>${registration_form_data}</var>
<kw name="Read Registration Form Data" library="RegistrationFormDataReader">
<var>${registration_form_data}</var>
<msg timestamp="20210711 12:13:28.593" level="INFO">${registration_form_data} = {'username': {'value': '#¤/abc!g()=&amp;%¤fghjklQWERTY', 'isValid': True}, 'password': {'value': 'abcd0123456789defghjk4', 'isValid': False, 'expected_error': 'Min 8 characters. Must contain at least one ...</msg>
<status status="PASS" starttime="20210711 12:13:28.588" endtime="20210711 12:13:28.593"/>
</kw>
<msg timestamp="20210711 12:13:28.593" level="INFO">${registration_form_data} = {'username': {'value': '#¤/abc!g()=&amp;%¤fghjklQWERTY', 'isValid': True}, 'password': {'value': 'abcd0123456789defghjk4', 'isValid': False, 'expected_error': 'Min 8 characters. Must contain at least one ...</msg>
<status status="PASS" starttime="20210711 12:13:28.588" endtime="20210711 12:13:28.593"/>
</kw>
<kw name="Exit For Loop If" library="BuiltIn">
[...]
<var>${registration_form_data}</var>
<msg timestamp="20210711 12:13:28.874" level="INFO">${registration_form_data} = {'username': {'value': '# 123abc', 'isValid': False, 'expected_error': 'Minimum 8 characters required. Space character is not allowed'}, 'password': {'value': '012!?.AB', 'isValid': False, 'expected_e...</msg>
<status status="PASS" starttime="20210711 12:13:28.870" endtime="20210711 12:13:28.874"/>
</kw>
<msg timestamp="20210711 12:13:28.874" level="INFO">${registration_form_data} = {'username': {'value': '# 123abc', 'isValid': False, 'expected_error': 'Minimum 8 characters required. Space character is not allowed'}, 'password': {'value': '012!?.AB', 'isValid': False, 'expected_e...</msg>
<status status="PASS" starttime="20210711 12:13:28.869" endtime="20210711 12:13:28.874"/>
</kw>
<kw name="Exit For Loop If" library="BuiltIn">
<arg>$registration_form_data is None</arg>
<doc>Stops executing the enclosing for loop if the ``condition`` is true.</doc>
<status status="PASS" starttime="20210711 12:13:28.875" endtime="20210711 12:13:28.875"/>
</kw>
<kw name="Log To Console" library="BuiltIn">
<arg>${index} ${registration_form_data}</arg>
<doc>Logs the given message to the console.</doc>
<status status="PASS" starttime="20210711 12:13:28.876" endtime="20210711 12:13:28.876"/>
</kw>
<status status="PASS" starttime="20210711 12:13:28.869" endtime="20210711 12:13:28.876"/>
</iter>
<iter>
<var name="${index}">90</var>
<kw name="Get Registration Form Data" library="DataManager">
<var>${registration_form_data}</var>
<kw name="Read Registration Form Data" library="RegistrationFormDataReader">
<var>${registration_form_data}</var>
<msg timestamp="20210711 12:13:28.880" level="INFO">${registration_form_data} = {'username': {'value': '#¤/&amp;  !123abc456hjk', 'isValid': False, 'expected_error': 'Minimum 8 characters required. Space character is not allowed'}, 'password': {'value': 'ABCD012', 'isValid': False, '...</msg>
<status status="PASS" starttime="20210711 12:13:28.877" endtime="20210711 12:13:28.880"/>
</kw>
<msg timestamp="20210711 12:13:28.880" level="INFO">${registration_form_data} = {'username': {'value': '#¤/&amp;  !123abc456hjk', 'isValid': False, 'expected_error': 'Minimum 8 characters required. Space character is not allowed'}, 'password': {'value': 'ABCD012', 'isValid': False, '...</msg>
<status status="PASS" starttime="20210711 12:13:28.876" endtime="20210711 12:13:28.880"/>
</kw>
<kw name="Exit For Loop If" library="BuiltIn">
<arg>$registration_form_data is None</arg>
<doc>Stops executing the enclosing for loop if the ``condition`` is true.</doc>
<status status="PASS" starttime="20210711 12:13:28.881" endtime="20210711 12:13:28.881"/>
</kw>
<kw name="Log To Console" library="BuiltIn">
<arg>${index} ${registration_form_data}</arg>
<doc>Logs the given message to the console.</doc>
<status status="PASS" starttime="20210711 12:13:28.881" endtime="20210711 12:13:28.881"/>
</kw>
<status status="PASS" starttime="20210711 12:13:28.876" endtime="20210711 12:13:28.881"/>
</iter>
<iter>
<var name="${index}">91</var>
<kw name="Get Registration Form Data" library="DataManager">
<var>${registration_form_data}</var>
<kw name="Read Registration Form Data" library="RegistrationFormDataReader">
<var>${registration_form_data}</var>
<msg timestamp="20210711 12:13:28.885" level="INFO">${registration_form_data} = {'username': {'value': '#¤/&amp;  !123abc456hjk', 'isValid': False, 'expected_error': 'Minimum 8 characters required. Space character is not allowed'}, 'password': {'value': '0123!?.', 'isValid': False, '...</msg>
<status status="PASS" starttime="20210711 12:13:28.882" endtime="20210711 12:13:28.885"/>
</kw>
<msg timestamp="20210711 12:13:28.886" level="INFO">${registration_form_data} = {'username': {'value': '#¤/&amp;  !123abc456hjk', 'isValid': False, 'expected_error': 'Minimum 8 characters required. Space character is not allowed'}, 'password': {'value': '0123!?.', 'isValid': False, '...</msg>
<status status="PASS" starttime="20210711 12:13:28.882" endtime="20210711 12:13:28.886"/>
</kw>
<kw name="Exit For Loop If" library="BuiltIn">
<arg>$registration_form_data is None</arg>
<doc>Stops executing the enclosing for loop if the ``condition`` is true.</doc>
<status status="PASS" starttime="20210711 12:13:28.886" endtime="20210711 12:13:28.886"/>
</kw>
<kw name="Log To Console" library="BuiltIn">
<arg>${index} ${registration_form_data}</arg>
<doc>Logs the given message to the console.</doc>
<status status="PASS" starttime="20210711 12:13:28.886" endtime="20210711 12:13:28.887"/>
</kw>
<status status="PASS" starttime="20210711 12:13:28.881" endtime="20210711 12:13:28.887"/>
</iter>
<iter>
<var name="${index}">92</var>
<kw name="Get Registration Form Data" library="DataManager">
<var>${registration_form_data}</var>
<kw name="Read Registration Form Data" library="RegistrationFormDataReader">
<var>${registration_form_data}</var>
<msg timestamp="20210711 12:13:28.891" level="INFO">${registration_form_data} = {'username': {'value': '#¤/&amp;  !123abc456hjk', 'isValid': False, 'expected_error': 'Minimum 8 characters required. Space character is not allowed'}, 'password': {'value': 'abc!?.Z', 'isValid': False, '...</msg>
<status status="PASS" starttime="20210711 12:13:28.887" endtime="20210711 12:13:28.891"/>
</kw>
<msg timestamp="20210711 12:13:28.891" level="INFO">${registration_form_data} = {'username': {'value': '#¤/&amp;  !123abc456hjk', 'isValid': False, 'expected_error': 'Minimum 8 characters required. Space character is not allowed'}, 'password': {'value': 'abc!?.Z', 'isValid': False, '...</msg>
<status status="PASS" starttime="20210711 12:13:28.887" endtime="20210711 12:13:28.891"/>
</kw>
<kw name="Exit For Loop If" library="BuiltIn">
<arg>$registration_form_data is None</arg>
<doc>Stops executing the enclosing for loop if the ``condition`` is true.</doc>
<status status="PASS" starttime="20210711 12:13:28.891" endtime="20210711 12:13:28.892"/>
</kw>
<kw name="Log To Console" library="BuiltIn">
<arg>${index} ${registration_form_data}</arg>
<doc>Logs the given message to the console.</doc>
<status status="PASS" starttime="20210711 12:13:28.892" endtime="20210711 12:13:28.892"/>
</kw>
<status status="PASS" starttime="20210711 12:13:28.887" endtime="20210711 12:13:28.892"/>
</iter>
<iter>
<var name="${index}">93</var>
<kw name="Get Registration Form Data" library="DataManager">
<var>${registration_form_data}</var>
<kw name="Read Registration Form Data" library="RegistrationFormDataReader">
<var>${registration_form_data}</var>
<msg timestamp="20210711 12:13:28.896" level="INFO">${registration_form_data} = {'username': {'value': '#¤/&amp;  !123abc456hjk', 'isValid': False, 'expected_error': 'Minimum 8 characters required. Space character is not allowed'}, 'password': {'value': 'abc!?.6', 'isValid': False, '...</msg>
<status status="PASS" starttime="20210711 12:13:28.892" endtime="20210711 12:13:28.896"/>
</kw>
<msg timestamp="20210711 12:13:28.896" level="INFO">${registration_form_data} = {'username': {'value': '#¤/&amp;  !123abc456hjk', 'isValid': False, 'expected_error': 'Minimum 8 characters required. Space character is not allowed'}, 'password': {'value': 'abc!?.6', 'isValid': False, '...</msg>
<status status="PASS" starttime="20210711 12:13:28.892" endtime="20210711 12:13:28.896"/>
</kw>
<kw name="Exit For Loop If" library="BuiltIn">
<arg>$registration_form_data is None</arg>
<doc>Stops executing the enclosing for loop if the ``condition`` is true.</doc>
<status status="PASS" starttime="20210711 12:13:28.896" endtime="20210711 12:13:28.897"/>
</kw>
<kw name="Log To Console" library="BuiltIn">
<arg>${index} ${registration_form_data}</arg>
<doc>Logs the given message to the console.</doc>
<status status="PASS" starttime="20210711 12:13:28.897" endtime="20210711 12:13:28.897"/>
</kw>
<status status="PASS" starttime="20210711 12:13:28.892" endtime="20210711 12:13:28.897"/>
</iter>
<iter>
<var name="${index}">94</var>
<kw name="Get Registration Form Data" library="DataManager">
<var>${registration_form_data}</var>
<kw name="Read Registration Form Data" library="RegistrationFormDataReader">
<var>${registration_form_data}</var>
<msg timestamp="20210711 12:13:28.901" level="INFO">${registration_form_data} = {'username': {'value': '#¤ abc!', 'isValid': False, 'expected_error': 'Minimum 8 characters required. Space character is not allowed'}, 'password': {'value': 'abc!?.6', 'isValid': False, 'expected_err...</msg>
<status status="PASS" starttime="20210711 12:13:28.898" endtime="20210711 12:13:28.902"/>
</kw>
<msg timestamp="20210711 12:13:28.902" level="INFO">${registration_form_data} = {'username': {'value': '#¤ abc!', 'isValid': False, 'expected_error': 'Minimum 8 characters required. Space character is not allowed'}, 'password': {'value': 'abc!?.6', 'isValid': False, 'expected_err...</msg>
<status status="PASS" starttime="20210711 12:13:28.898" endtime="20210711 12:13:28.902"/>
</kw>
<kw name="Exit For Loop If" library="BuiltIn">
<arg>$registration_form_data is None</arg>
<doc>Stops executing the enclosing for loop if the ``condition`` is true.</doc>
<status status="PASS" starttime="20210711 12:13:28.902" endtime="20210711 12:13:28.902"/>
</kw>
<kw name="Log To Console" library="BuiltIn">
<arg>${index} ${registration_form_data}</arg>
<doc>Logs the given message to the console.</doc>
<status status="PASS" starttime="20210711 12:13:28.903" endtime="20210711 12:13:28.903"/>
</kw>
<status status="PASS" starttime="20210711 12:13:28.897" endtime="20210711 12:13:28.903"/>
</iter>
<iter>
<var name="${index}">95</var>
<kw name="Get Registration Form Data" library="DataManager">
<var>${registration_form_data}</var>
<kw name="Read Registration Form Data" library="RegistrationFormDataReader">
<var>${registration_form_data}</var>
<msg timestamp="20210711 12:13:28.908" level="INFO">${registration_form_data} = {'username': {'value': '#¤/abc!g() &amp;%¤fghjklQWERTY', 'isValid': False, 'expected_error': 'Minimum 8 characters required. Space character is not allowed'}, 'password': {'value': 'abcd!?.!abcd!?.!abcd??...</msg>
<status status="PASS" starttime="20210711 12:13:28.903" endtime="20210711 12:13:28.908"/>
</kw>
<msg timestamp="20210711 12:13:28.908" level="INFO">${registration_form_data} = {'username': {'value': '#¤/abc!g() &amp;%¤fghjklQWERTY', 'isValid': False, 'expected_error': 'Minimum 8 characters required. Space character is not allowed'}, 'password': {'value': 'abcd!?.!abcd!?.!abcd??...</msg>
<status status="PASS" starttime="20210711 12:13:28.903" endtime="20210711 12:13:28.908"/>
</kw>
<kw name="Exit For Loop If" library="BuiltIn">
<arg>$registration_form_data is None</arg>
<doc>Stops executing the enclosing for loop if the ``condition`` is true.</doc>
<status status="PASS" starttime="20210711 12:13:28.908" endtime="20210711 12:13:28.908"/>
</kw>
<kw name="Log To Console" library="BuiltIn">
<arg>${index} ${registration_form_data}</arg>
<doc>Logs the given message to the console.</doc>
<status status="PASS" starttime="20210711 12:13:28.909" endtime="20210711 12:13:28.909"/>
</kw>
<status status="PASS" starttime="20210711 12:13:28.903" endtime="20210711 12:13:28.909"/>
</iter>
<iter>
<var name="${index}">96</var>
<kw name="Get Registration Form Data" library="DataManager">
<var>${registration_form_data}</var>
<kw name="Read Registration Form Data" library="RegistrationFormDataReader">
<var>${registration_form_data}</var>
<msg timestamp="20210711 12:13:28.913" level="INFO">${registration_form_data} = {'username': {'value': '#¤/abc!g() &amp;%¤fghjklQWERTY', 'isValid': False, 'expected_error': 'Minimum 8 characters required. Space character is not allowed'}, 'password': {'value': 'ABCD0123', 'isValid': ...</msg>
<status status="PASS" starttime="20210711 12:13:28.909" endtime="20210711 12:13:28.913"/>
</kw>
<msg timestamp="20210711 12:13:28.913" level="INFO">${registration_form_data} = {'username': {'value': '#¤/abc!g() &amp;%¤fghjklQWERTY', 'isValid': False, 'expected_error': 'Minimum 8 characters required. Space character is not allowed'}, 'password': {'value': 'ABCD0123', 'isValid': ...</msg>
<status status="PASS" starttime="20210711 12:13:28.909" endtime="20210711 12:13:28.913"/>
</kw>
<kw name="Exit For Loop If" library="BuiltIn">
<arg>$registration_form_data is None</arg>
<doc>Stops executing the enclosing for loop if the ``condition`` is true.</doc>
<status status="PASS" starttime="20210711 12:13:28.914" endtime="20210711 12:13:28.914"/>
</kw>
<kw name="Log To Console" library="BuiltIn">
<arg>${index} ${registration_form_data}</arg>
<doc>Logs the given message to the console.</doc>
<status status="PASS" starttime="20210711 12:13:28.914" endtime="20210711 12:13:28.914"/>
</kw>
<status status="PASS" starttime="20210711 12:13:28.909" endtime="20210711 12:13:28.914"/>
</iter>
<iter>
<var name="${index}">97</var>
<kw name="Get Registration Form Data" library="DataManager">
<var>${registration_form_data}</var>
<kw name="Read Registration Form Data" library="RegistrationFormDataReader">
<var>${registration_form_data}</var>
<msg timestamp="20210711 12:13:28.919" level="INFO">${registration_form_data} = {'username': {'value': '#¤/abc!g() &amp;%¤fghjklQWERTY', 'isValid': False, 'expected_error': 'Minimum 8 characters required. Space character is not allowed'}, 'password': {'value': 'ABCD0123ABCD0123ABCD01...</msg>
<status status="PASS" starttime="20210711 12:13:28.915" endtime="20210711 12:13:28.919"/>
</kw>
<msg timestamp="20210711 12:13:28.919" level="INFO">${registration_form_data} = {'username': {'value': '#¤/abc!g() &amp;%¤fghjklQWERTY', 'isValid': False, 'expected_error': 'Minimum 8 characters required. Space character is not allowed'}, 'password': {'value': 'ABCD0123ABCD0123ABCD01...</msg>
<status status="PASS" starttime="20210711 12:13:28.915" endtime="20210711 12:13:28.919"/>
</kw>
<kw name="Exit For Loop If" library="BuiltIn">
<arg>$registration_form_data is None</arg>
<doc>Stops executing the enclosing for loop if the ``condition`` is true.</doc>
<status status="PASS" starttime="20210711 12:13:28.920" endtime="20210711 12:13:28.920"/>
</kw>
<kw name="Log To Console" library="BuiltIn">
<arg>${index} ${registration_form_data}</arg>
<doc>Logs the given message to the console.</doc>
<status status="PASS" starttime="20210711 12:13:28.920" endtime="20210711 12:13:28.920"/>
</kw>
<status status="PASS" starttime="20210711 12:13:28.914" endtime="20210711 12:13:28.920"/>
</iter>
<iter>
<var name="${index}">98</var>
<kw name="Get Registration Form Data" library="DataManager">
<var>${registration_form_data}</var>
<kw name="Read Registration Form Data" library="RegistrationFormDataReader">
<var>${registration_form_data}</var>
<msg timestamp="20210711 12:13:28.925" level="INFO">${registration_form_data} = {'username': {'value': '#¤/abc!g() &amp;%¤fghjklQWERTY', 'isValid': False, 'expected_error': 'Minimum 8 characters required. Space character is not allowed'}, 'password': {'value': 'ABCD!?.', 'isValid': F...</msg>
<status status="PASS" starttime="20210711 12:13:28.921" endtime="20210711 12:13:28.926"/>
</kw>
<msg timestamp="20210711 12:13:28.926" level="INFO">${registration_form_data} = {'username': {'value': '#¤/abc!g() &amp;%¤fghjklQWERTY', 'isValid': False, 'expected_error': 'Minimum 8 characters required. Space character is not allowed'}, 'password': {'value': 'ABCD!?.', 'isValid': F...</msg>
<status status="PASS" starttime="20210711 12:13:28.921" endtime="20210711 12:13:28.926"/>
</kw>
<kw name="Exit For Loop If" library="BuiltIn">
<arg>$registration_form_data is None</arg>
<doc>Stops executing the enclosing for loop if the ``condition`` is true.</doc>
<status status="PASS" starttime="20210711 12:13:28.926" endtime="20210711 12:13:28.927"/>
</kw>
<kw name="Log To Console" library="BuiltIn">
<arg>${index} ${registration_form_data}</arg>
<doc>Logs the given message to the console.</doc>
<status status="PASS" starttime="20210711 12:13:28.927" endtime="20210711 12:13:28.927"/>
</kw>
<status status="PASS" starttime="20210711 12:13:28.921" endtime="20210711 12:13:28.927"/>
</iter>
<iter>
<var name="${index}">99</var>
<kw name="Get Registration Form Data" library="DataManager">
<var>${registration_form_data}</var>
<kw name="Read Registration Form Data" library="RegistrationFormDataReader">
<var>${registration_form_data}</var>
<msg timestamp="20210711 12:13:28.931" level="INFO">${registration_form_data} = {'username': {'value': '#¤/abc!g() &amp;%¤fghjklQWERTY', 'isValid': False, 'expected_error': 'Minimum 8 characters required. Space character is not allowed'}, 'password': {'value': '012!?.a', 'isValid': F...</msg>
<status status="PASS" starttime="20210711 12:13:28.928" endtime="20210711 12:13:28.931"/>
</kw>
<msg timestamp="20210711 12:13:28.932" level="INFO">${registration_form_data} = {'username': {'value': '#¤/abc!g() &amp;%¤fghjklQWERTY', 'isValid': False, 'expected_error': 'Minimum 8 characters required. Space character is not allowed'}, 'password': {'value': '012!?.a', 'isValid': F...</msg>
<status status="PASS" starttime="20210711 12:13:28.927" endtime="20210711 12:13:28.932"/>
</kw>
<kw name="Exit For Loop If" library="BuiltIn">
<arg>$registration_form_data is None</arg>
<doc>Stops executing the enclosing for loop if the ``condition`` is true.</doc>
<status status="PASS" starttime="20210711 12:13:28.932" endtime="20210711 12:13:28.932"/>
</kw>
<kw name="Log To Console" library="BuiltIn">
<arg>${index} ${registration_form_data}</arg>
<doc>Logs the given message to the console.</doc>
<status status="PASS" starttime="20210711 12:13:28.932" endtime="20210711 12:13:28.933"/>
</kw>
<status status="PASS" starttime="20210711 12:13:28.927" endtime="20210711 12:13:28.933"/>
</iter>
<iter>
<var name="${index}">100</var>
<kw name="Get Registration Form Data" library="DataManager">
<var>${registration_form_data}</var>
<kw name="Read Registration Form Data" library="RegistrationFormDataReader">
<var>${registration_form_data}</var>
<msg timestamp="20210711 12:13:28.933" level="INFO">${registration_form_data} = None</msg>
<status status="PASS" starttime="20210711 12:13:28.933" endtime="20210711 12:13:28.933"/>
</kw>
<msg timestamp="20210711 12:13:28.934" level="INFO">${registration_form_data} = None</msg>
<status status="PASS" starttime="20210711 12:13:28.933" endtime="20210711 12:13:28.934"/>
</kw>
<kw name="Exit For Loop If" library="BuiltIn">
<arg>$registration_form_data is None</arg>
<doc>Stops executing the enclosing for loop if the ``condition`` is true.</doc>
<msg timestamp="20210711 12:13:28.934" level="INFO">Exiting for loop altogether.</msg>
<status status="PASS" starttime="20210711 12:13:28.934" endtime="20210711 12:13:28.934"/>
</kw>
<status status="PASS" starttime="20210711 12:13:28.933" endtime="20210711 12:13:28.935"/>
</iter>
<status status="PASS" starttime="20210711 12:13:28.286" endtime="20210711 12:13:28.945"/>
</for>
<status status="PASS" starttime="20210711 12:13:28.283" endtime="20210711 12:13:28.945"/>
</test>
<kw name="End Web Test" library="Common" type="TEARDOWN">
<kw name="No Operation" library="BuiltIn">
<doc>Does absolutely nothing.</doc>
<status status="PASS" starttime="20210711 12:13:28.946" endtime="20210711 12:13:28.947"/>
</kw>
<status status="PASS" starttime="20210711 12:13:28.946" endtime="20210711 12:13:28.947"/>
</kw>
<doc>This test suite contains test cases for CRF Demo Web Application.
Documentation for the application can be found:
https://github.com/Interview-demoapp/Flasky</doc>
<status status="PASS" starttime="20210711 12:13:27.828" endtime="20210711 12:13:28.947"/>
</suite>
<status status="PASS" starttime="20210711 12:13:27.809" endtime="20210711 12:13:28.951"/>
</suite>
<statistics>
<total>
<stat pass="1" fail="0" skip="0">All Tests</stat>
</total>
<tag>
</tag>
<suite>
<stat pass="1" fail="0" skip="0" id="s1" name="Tests">Tests</stat>
<stat pass="1" fail="0" skip="0" id="s1-s1" name="Registration">Tests.Registration</stat>
</suite>
</statistics>
<errors>
</errors>
</robot>
