<?xml version="1.0" encoding="UTF-8"?>
<robot generator="Robot 4.0.3 (Python 3.7.4 on linux)" generated="20210727 12:21:16.519" rpa="false" schemaversion="2">
<suite id="s1" name="1-Reviewing-Users" source="/home/hakan/Python/Robot/CRF_Demo_Solution/TestProject/Tests/API/1-Reviewing-Users.robot">
<kw name="Run Keywords" library="BuiltIn" type="SETUP">
<arg>Kill Web Application</arg>
<arg>AND</arg>
<arg>Replace Database With New Database Having Users</arg>
<arg>AND</arg>
<arg>Start Web Application With No Init Procedure</arg>
<arg>AND</arg>
<arg>Initialize Database Connection</arg>
<arg>AND</arg>
<arg>Verify Tables</arg>
<arg>AND</arg>
<arg>Fetch All System Users From Db</arg>
<arg>AND</arg>
<arg>Filter System Users By</arg>
<arg>username</arg>
<arg>\${SYSTEM_USERS_USERNAMES}</arg>
<doc>Executes all the given keywords in a sequence.</doc>
<kw name="Kill Web Application" library="Common">
<kw name="Run And Return Rc And Output" library="OperatingSystem">
<var>${rc}</var>
<var>${pids}</var>
<arg>pgrep -f 'flask run --host=0.0.0.0 --port=8080'</arg>
<doc>Runs the given command in the system and returns the RC and output.</doc>
<msg timestamp="20210727 12:21:17.532" level="INFO">Running command 'pgrep -f 'flask run --host=0.0.0.0 --port=8080' 2&gt;&amp;1'.</msg>
<msg timestamp="20210727 12:21:17.545" level="INFO">${rc} = 0</msg>
<msg timestamp="20210727 12:21:17.545" level="INFO">${pids} = 17194
17628</msg>
<status status="PASS" starttime="20210727 12:21:17.529" endtime="20210727 12:21:17.545"/>
</kw>
<kw name="Evaluate" library="BuiltIn">
<var>${is_not_empty}</var>
<arg>$pids!=''</arg>
<doc>Evaluates the given expression in Python and returns the result.</doc>
<msg timestamp="20210727 12:21:17.550" level="INFO">${is_not_empty} = True</msg>
<status status="PASS" starttime="20210727 12:21:17.545" endtime="20210727 12:21:17.550"/>
</kw>
<if>
<branch type="IF" condition="${is_not_empty}">
<kw name="Evaluate" library="BuiltIn">
<var>${pids}</var>
<arg>$pids.split('\\n')</arg>
<doc>Evaluates the given expression in Python and returns the result.</doc>
<msg timestamp="20210727 12:21:17.551" level="INFO">${pids} = ['17194', '17628']</msg>
<status status="PASS" starttime="20210727 12:21:17.551" endtime="20210727 12:21:17.551"/>
</kw>
<for flavor="IN">
<var>${pid}</var>
<value>@{pids}</value>
<iter>
<var name="${pid}">17194</var>
<kw name="Run" library="OperatingSystem">
<arg>kill ${pid}</arg>
<doc>Runs the given command in the system and returns the output.</doc>
<msg timestamp="20210727 12:21:17.555" level="INFO">Running command 'kill 17194 2&gt;&amp;1'.</msg>
<status status="PASS" starttime="20210727 12:21:17.552" endtime="20210727 12:21:17.557"/>
</kw>
<status status="PASS" starttime="20210727 12:21:17.552" endtime="20210727 12:21:17.557"/>
</iter>
<iter>
<var name="${pid}">17628</var>
<kw name="Run" library="OperatingSystem">
<arg>kill ${pid}</arg>
<doc>Runs the given command in the system and returns the output.</doc>
<msg timestamp="20210727 12:21:17.561" level="INFO">Running command 'kill 17628 2&gt;&amp;1'.</msg>
<status status="PASS" starttime="20210727 12:21:17.558" endtime="20210727 12:21:17.561"/>
</kw>
<status status="PASS" starttime="20210727 12:21:17.557" endtime="20210727 12:21:17.561"/>
</iter>
<status status="PASS" starttime="20210727 12:21:17.551" endtime="20210727 12:21:17.561"/>
</for>
<status status="PASS" starttime="20210727 12:21:17.551" endtime="20210727 12:21:17.561"/>
</branch>
<status status="PASS" starttime="20210727 12:21:17.550" endtime="20210727 12:21:17.561"/>
</if>
<status status="PASS" starttime="20210727 12:21:17.528" endtime="20210727 12:21:17.562"/>
</kw>
<kw name="Replace Database With New Database Having Users" library="DbManager">
<kw name="Set Variable" library="BuiltIn">
<var>${source}</var>
<arg>${EXECDIR}${/}TestData${/}demo_app_with_users.sqlite</arg>
<doc>Returns the given values which can then be assigned to a variables.</doc>
<msg timestamp="20210727 12:21:17.563" level="INFO">${source} = /home/hakan/Python/Robot/CRF_Demo_Solution/TestProject/TestData/demo_app_with_users.sqlite</msg>
<status status="PASS" starttime="20210727 12:21:17.563" endtime="20210727 12:21:17.563"/>
</kw>
<kw name="Get Path To App Database" library="DbManager">
<var>${target}</var>
<kw name="Set Variable" library="BuiltIn">
<var>${path_to_database}</var>
<arg>${EXECDIR}</arg>
<doc>Returns the given values which can then be assigned to a variables.</doc>
<msg timestamp="20210727 12:21:17.564" level="INFO">${path_to_database} = /home/hakan/Python/Robot/CRF_Demo_Solution/TestProject</msg>
<status status="PASS" starttime="20210727 12:21:17.564" endtime="20210727 12:21:17.564"/>
</kw>
<kw name="Fetch From Left" library="String">
<var>${path_to_database}</var>
<arg>${path_to_database}</arg>
<arg>TestProject</arg>
<doc>Returns contents of the ``string`` before the first occurrence of ``marker``.</doc>
<msg timestamp="20210727 12:21:17.565" level="INFO">${path_to_database} = /home/hakan/Python/Robot/CRF_Demo_Solution/</msg>
<status status="PASS" starttime="20210727 12:21:17.564" endtime="20210727 12:21:17.565"/>
</kw>
<kw name="Set Variable" library="BuiltIn">
<var>${path_to_database}</var>
<arg>${path_to_database}Flasky${/}instance${/}demo_app.sqlite</arg>
<doc>Returns the given values which can then be assigned to a variables.</doc>
<msg timestamp="20210727 12:21:17.565" level="INFO">${path_to_database} = /home/hakan/Python/Robot/CRF_Demo_Solution/Flasky/instance/demo_app.sqlite</msg>
<status status="PASS" starttime="20210727 12:21:17.565" endtime="20210727 12:21:17.565"/>
</kw>
<msg timestamp="20210727 12:21:17.565" level="INFO">${target} = /home/hakan/Python/Robot/CRF_Demo_Solution/Flasky/instance/demo_app.sqlite</msg>
<status status="PASS" starttime="20210727 12:21:17.564" endtime="20210727 12:21:17.565"/>
</kw>
<kw name="Run" library="OperatingSystem">
<arg>cp ${source} ${target}</arg>
<doc>Runs the given command in the system and returns the output.</doc>
<msg timestamp="20210727 12:21:17.568" level="INFO">Running command 'cp /home/hakan/Python/Robot/CRF_Demo_Solution/TestProject/TestData/demo_app_with_users.sqlite /home/hakan/Python/Robot/CRF_Demo_Solution/Flasky/instance/demo_app.sqlite 2&gt;&amp;1'.</msg>
<status status="PASS" starttime="20210727 12:21:17.566" endtime="20210727 12:21:17.573"/>
</kw>
<status status="PASS" starttime="20210727 12:21:17.562" endtime="20210727 12:21:17.574"/>
</kw>
<kw name="Start Web Application With No Init Procedure" library="Common">
<kw name="Start Process" library="Process">
<arg>export FLASK_APP\=demo_app;flask run --host\=0.0.0.0 --port\=8080</arg>
<arg>shell=True</arg>
<arg>alias=flasky</arg>
<arg>cwd=${EXECDIR}${/}..${/}Flasky</arg>
<doc>Starts a new process on background.</doc>
<msg timestamp="20210727 12:21:17.575" level="INFO">Starting process:
export FLASK_APP=demo_app;flask run --host=0.0.0.0 --port=8080</msg>
<status status="PASS" starttime="20210727 12:21:17.575" endtime="20210727 12:21:17.579"/>
</kw>
<kw name="Sleep" library="BuiltIn">
<arg>1.5s</arg>
<doc>Pauses the test executed for the given time.</doc>
<msg timestamp="20210727 12:21:19.102" level="INFO">Slept 1 second 500 milliseconds</msg>
<status status="PASS" starttime="20210727 12:21:17.580" endtime="20210727 12:21:19.103"/>
</kw>
<status status="PASS" starttime="20210727 12:21:17.574" endtime="20210727 12:21:19.103"/>
</kw>
<kw name="Initialize Database Connection" library="DbManager">
<kw name="Get Path To App Database" library="DbManager">
<var>${path_to_database}</var>
<kw name="Set Variable" library="BuiltIn">
<var>${path_to_database}</var>
<arg>${EXECDIR}</arg>
<doc>Returns the given values which can then be assigned to a variables.</doc>
<msg timestamp="20210727 12:21:19.104" level="INFO">${path_to_database} = /home/hakan/Python/Robot/CRF_Demo_Solution/TestProject</msg>
<status status="PASS" starttime="20210727 12:21:19.104" endtime="20210727 12:21:19.105"/>
</kw>
<kw name="Fetch From Left" library="String">
<var>${path_to_database}</var>
<arg>${path_to_database}</arg>
<arg>TestProject</arg>
<doc>Returns contents of the ``string`` before the first occurrence of ``marker``.</doc>
<msg timestamp="20210727 12:21:19.105" level="INFO">${path_to_database} = /home/hakan/Python/Robot/CRF_Demo_Solution/</msg>
<status status="PASS" starttime="20210727 12:21:19.105" endtime="20210727 12:21:19.105"/>
</kw>
<kw name="Set Variable" library="BuiltIn">
<var>${path_to_database}</var>
<arg>${path_to_database}Flasky${/}instance${/}demo_app.sqlite</arg>
<doc>Returns the given values which can then be assigned to a variables.</doc>
<msg timestamp="20210727 12:21:19.106" level="INFO">${path_to_database} = /home/hakan/Python/Robot/CRF_Demo_Solution/Flasky/instance/demo_app.sqlite</msg>
<status status="PASS" starttime="20210727 12:21:19.105" endtime="20210727 12:21:19.106"/>
</kw>
<msg timestamp="20210727 12:21:19.106" level="INFO">${path_to_database} = /home/hakan/Python/Robot/CRF_Demo_Solution/Flasky/instance/demo_app.sqlite</msg>
<status status="PASS" starttime="20210727 12:21:19.104" endtime="20210727 12:21:19.106"/>
</kw>
<kw name="Connect To Database Using Custom Params" library="DatabaseLibrary">
<arg>sqlite3</arg>
<arg>database='${path_to_database}'</arg>
<doc>Loads the DB API 2.0 module given `dbapiModuleName` then uses it to
connect to the database using the map string `db_custom_param_string`.</doc>
<msg timestamp="20210727 12:21:19.108" level="INFO">Executing : Connect To Database Using Custom Params : sqlite3.connect(db_api_2.connect(database='/home/hakan/Python/Robot/CRF_Demo_Solution/Flasky/instance/demo_app.sqlite')) </msg>
<status status="PASS" starttime="20210727 12:21:19.106" endtime="20210727 12:21:19.108"/>
</kw>
<status status="PASS" starttime="20210727 12:21:19.103" endtime="20210727 12:21:19.108"/>
</kw>
<kw name="Verify Tables" library="DbManager">
<kw name="Table Must Exist" library="DatabaseLibrary">
<arg>user</arg>
<doc>Check if the table given exists in the database. Set optional input `sansTran` to True to run command without an
explicit transaction commit or rollback.</doc>
<msg timestamp="20210727 12:21:19.109" level="INFO">Executing : Table Must Exist  |  user </msg>
<msg timestamp="20210727 12:21:19.109" level="INFO">Executing : Row Count  |  SELECT name FROM sqlite_master WHERE type='table' AND name='user' COLLATE NOCASE </msg>
<status status="PASS" starttime="20210727 12:21:19.109" endtime="20210727 12:21:19.109"/>
</kw>
<status status="PASS" starttime="20210727 12:21:19.108" endtime="20210727 12:21:19.109"/>
</kw>
<kw name="Fetch All System Users From Db" library="DbManager">
<kw name="Query" library="DatabaseLibrary">
<var>${users}</var>
<arg>${QUERY_ALL_USERS}</arg>
<doc>Uses the input `selectStatement` to query for the values that will be returned as a list of tuples. Set optional
input `sansTran` to True to run command without an explicit transaction commit or rollback.
Set optional input `returnAsDict` to True to return values as a list of dictionaries.</doc>
<msg timestamp="20210727 12:21:19.110" level="INFO">Executing : Query  |  select username, firstname, lastname, phone, token from user; </msg>
<msg timestamp="20210727 12:21:19.110" level="INFO">${users} = [('SuperDuperUser1', 'David', 'Holm', '0506627124', 'MTczNzAyNjc5NDg4Mzc1MzcwNDIwODAyOTM1NTExMjU4NzkzNDM2'), ('SuperDuperUser2', 'Hakan', 'Holm', '0407563452', 'MzI2MTg2NjIyMDY0OTk3NTc1ODcxMjEwNDQ2OTU...</msg>
<status status="PASS" starttime="20210727 12:21:19.110" endtime="20210727 12:21:19.110"/>
</kw>
<kw name="Create List" library="BuiltIn">
<var>${SYSTEM_USERS}</var>
<doc>Returns a list containing given items.</doc>
<msg timestamp="20210727 12:21:19.110" level="INFO">${SYSTEM_USERS} = []</msg>
<status status="PASS" starttime="20210727 12:21:19.110" endtime="20210727 12:21:19.111"/>
</kw>
<for flavor="IN">
<var>${user}</var>
<value>@{users}</value>
<iter>
<var name="${user}">('SuperDuperUser1', 'David', 'Holm', '0506627124', 'MTczNzAyNjc5NDg4Mzc1MzcwNDIwODAyOTM1NTExMjU4NzkzNDM2')</var>
<kw name="Create Dictionary" library="BuiltIn">
<var>&amp;{new_user}</var>
<doc>Creates and returns a dictionary based on the given ``items``.</doc>
<msg timestamp="20210727 12:21:19.111" level="INFO">&amp;{new_user} = { }</msg>
<status status="PASS" starttime="20210727 12:21:19.111" endtime="20210727 12:21:19.111"/>
</kw>
<kw name="Set To Dictionary" library="Collections">
<arg>${new_user}</arg>
<arg>username=${user}[0]</arg>
<arg>firstname=${user}[1]</arg>
<arg>lastname=${user}[2]</arg>
<arg>phone=${user}[3]</arg>
<arg>token=${user}[4]</arg>
<doc>Adds the given ``key_value_pairs`` and ``items`` to the ``dictionary``.</doc>
<status status="PASS" starttime="20210727 12:21:19.112" endtime="20210727 12:21:19.113"/>
</kw>
<kw name="Append To List" library="Collections">
<arg>${SYSTEM_USERS}</arg>
<arg>${new_user}</arg>
<doc>Adds ``values`` to the end of ``list``.</doc>
<status status="PASS" starttime="20210727 12:21:19.113" endtime="20210727 12:21:19.113"/>
</kw>
<status status="PASS" starttime="20210727 12:21:19.111" endtime="20210727 12:21:19.113"/>
</iter>
<iter>
<var name="${user}">('SuperDuperUser2', 'Hakan', 'Holm', '0407563452', 'MzI2MTg2NjIyMDY0OTk3NTc1ODcxMjEwNDQ2OTUxMTUzMTQxOTY4')</var>
<kw name="Create Dictionary" library="BuiltIn">
<var>&amp;{new_user}</var>
<doc>Creates and returns a dictionary based on the given ``items``.</doc>
<msg timestamp="20210727 12:21:19.114" level="INFO">&amp;{new_user} = { }</msg>
<status status="PASS" starttime="20210727 12:21:19.113" endtime="20210727 12:21:19.114"/>
</kw>
<kw name="Set To Dictionary" library="Collections">
<arg>${new_user}</arg>
<arg>username=${user}[0]</arg>
<arg>firstname=${user}[1]</arg>
<arg>lastname=${user}[2]</arg>
<arg>phone=${user}[3]</arg>
<arg>token=${user}[4]</arg>
<doc>Adds the given ``key_value_pairs`` and ``items`` to the ``dictionary``.</doc>
<status status="PASS" starttime="20210727 12:21:19.114" endtime="20210727 12:21:19.114"/>
</kw>
<kw name="Append To List" library="Collections">
<arg>${SYSTEM_USERS}</arg>
<arg>${new_user}</arg>
<doc>Adds ``values`` to the end of ``list``.</doc>
<status status="PASS" starttime="20210727 12:21:19.115" endtime="20210727 12:21:19.115"/>
</kw>
<status status="PASS" starttime="20210727 12:21:19.113" endtime="20210727 12:21:19.115"/>
</iter>
<iter>
<var name="${user}">('SuperDuperUser3', 'John', 'Brown', '0508094677', 'MTgxMjcxNDM1OTIzNTUzNjMyMzIxNTgzNjY0MTg1MzU4MTg0MTA3')</var>
<kw name="Create Dictionary" library="BuiltIn">
<var>&amp;{new_user}</var>
<doc>Creates and returns a dictionary based on the given ``items``.</doc>
<msg timestamp="20210727 12:21:19.115" level="INFO">&amp;{new_user} = { }</msg>
<status status="PASS" starttime="20210727 12:21:19.115" endtime="20210727 12:21:19.115"/>
</kw>
<kw name="Set To Dictionary" library="Collections">
<arg>${new_user}</arg>
<arg>username=${user}[0]</arg>
<arg>firstname=${user}[1]</arg>
<arg>lastname=${user}[2]</arg>
<arg>phone=${user}[3]</arg>
<arg>token=${user}[4]</arg>
<doc>Adds the given ``key_value_pairs`` and ``items`` to the ``dictionary``.</doc>
<status status="PASS" starttime="20210727 12:21:19.116" endtime="20210727 12:21:19.116"/>
</kw>
<kw name="Append To List" library="Collections">
<arg>${SYSTEM_USERS}</arg>
<arg>${new_user}</arg>
<doc>Adds ``values`` to the end of ``list``.</doc>
<status status="PASS" starttime="20210727 12:21:19.116" endtime="20210727 12:21:19.117"/>
</kw>
<status status="PASS" starttime="20210727 12:21:19.115" endtime="20210727 12:21:19.117"/>
</iter>
<status status="PASS" starttime="20210727 12:21:19.111" endtime="20210727 12:21:19.117"/>
</for>
<kw name="Set Suite Variable" library="BuiltIn">
<arg>@{SYSTEM_USERS}</arg>
<doc>Makes a variable available everywhere within the scope of the current suite.</doc>
<msg timestamp="20210727 12:21:19.117" level="INFO">@{SYSTEM_USERS} = [ {'username': 'SuperDuperUser1', 'firstname': 'David', 'lastname': 'Holm', 'phone': '0506627124', 'token': 'MTczNzAyNjc5NDg4Mzc1MzcwNDIwODAyOTM1NTExMjU4NzkzNDM2'} | {'username': 'SuperDuperUser2', 'f...</msg>
<status status="PASS" starttime="20210727 12:21:19.117" endtime="20210727 12:21:19.117"/>
</kw>
<status status="PASS" starttime="20210727 12:21:19.109" endtime="20210727 12:21:19.117"/>
</kw>
<kw name="Filter System Users By">
<arg>username</arg>
<arg>\${SYSTEM_USERS_USERNAMES}</arg>
<doc>This keyword expects SYSTEM_USERS suite variable being present in the suite.
SYSTEM_USERS is a list of system users, each of which is a dictionary
An example of a system user:
{'username': 'SuperDuperUser1', 'firstname': 'David', 'lastname': 'Holm', 'phone': '0506627124', 'token': 'MTczNzAyNjc5NDg4Mzc1MzcwNDIwODAyOTM1NTExMjU4NzkzNDM2'}
As you see, there are several keys such as username, firstname, lastname, phone and token.
This keyword filters by SYSTEM_USERS with a given key (e.g. username).
That is, all the usernames in SYSTEM_USERS are placed into a new list.
Then this keyword sets a suite variable with that new list. The name of the suite variable
is provided in DYNAMIC_VARIABLE_NAME variable.
Some example usages:
(1) gives all the usernames in SYSTEM_USERS_USERNAMES suite variable:
Filter System Users By username ${SYSTEM_USERS_USERNAMES}
(2) gives all lastnames in SYSTEM_USERS_LASTNAMES suite variable:
Filter System Users By lastname ${SYSTEM_USERS_LASTNAMES}</doc>
<kw name="Create List" library="BuiltIn">
<var>${list}</var>
<doc>Returns a list containing given items.</doc>
<msg timestamp="20210727 12:21:19.118" level="INFO">${list} = []</msg>
<status status="PASS" starttime="20210727 12:21:19.118" endtime="20210727 12:21:19.118"/>
</kw>
<for flavor="IN">
<var>${system_user}</var>
<value>@{SYSTEM_USERS}</value>
<iter>
<var name="${system_user}">{'username': 'SuperDuperUser1', 'firstname': 'David', 'lastname': 'Holm', 'phone': '0506627124', 'token': 'MTczNzAyNjc5NDg4Mzc1MzcwNDIwODAyOTM1NTExMjU4NzkzNDM2'}</var>
<kw name="Append To List" library="Collections">
<arg>${list}</arg>
<arg>${system_user}[${key}]</arg>
<doc>Adds ``values`` to the end of ``list``.</doc>
<status status="PASS" starttime="20210727 12:21:19.119" endtime="20210727 12:21:19.119"/>
</kw>
<status status="PASS" starttime="20210727 12:21:19.118" endtime="20210727 12:21:19.119"/>
</iter>
<iter>
<var name="${system_user}">{'username': 'SuperDuperUser2', 'firstname': 'Hakan', 'lastname': 'Holm', 'phone': '0407563452', 'token': 'MzI2MTg2NjIyMDY0OTk3NTc1ODcxMjEwNDQ2OTUxMTUzMTQxOTY4'}</var>
<kw name="Append To List" library="Collections">
<arg>${list}</arg>
<arg>${system_user}[${key}]</arg>
<doc>Adds ``values`` to the end of ``list``.</doc>
<status status="PASS" starttime="20210727 12:21:19.119" endtime="20210727 12:21:19.120"/>
</kw>
<status status="PASS" starttime="20210727 12:21:19.119" endtime="20210727 12:21:19.120"/>
</iter>
<iter>
<var name="${system_user}">{'username': 'SuperDuperUser3', 'firstname': 'John', 'lastname': 'Brown', 'phone': '0508094677', 'token': 'MTgxMjcxNDM1OTIzNTUzNjMyMzIxNTgzNjY0MTg1MzU4MTg0MTA3'}</var>
<kw name="Append To List" library="Collections">
<arg>${list}</arg>
<arg>${system_user}[${key}]</arg>
<doc>Adds ``values`` to the end of ``list``.</doc>
<status status="PASS" starttime="20210727 12:21:19.120" endtime="20210727 12:21:19.120"/>
</kw>
<status status="PASS" starttime="20210727 12:21:19.120" endtime="20210727 12:21:19.120"/>
</iter>
<status status="PASS" starttime="20210727 12:21:19.118" endtime="20210727 12:21:19.120"/>
</for>
<kw name="Set Suite Variable" library="BuiltIn">
<arg>${DYNAMIC_VARIABLE_NAME}</arg>
<arg>${list}</arg>
<doc>Makes a variable available everywhere within the scope of the current suite.</doc>
<msg timestamp="20210727 12:21:19.121" level="INFO">${SYSTEM_USERS_USERNAMES} = ['SuperDuperUser1', 'SuperDuperUser2', 'SuperDuperUser3']</msg>
<status status="PASS" starttime="20210727 12:21:19.120" endtime="20210727 12:21:19.121"/>
</kw>
<status status="PASS" starttime="20210727 12:21:19.118" endtime="20210727 12:21:19.121"/>
</kw>
<status status="PASS" starttime="20210727 12:21:17.528" endtime="20210727 12:21:19.121"/>
</kw>
<test id="s1-t1" name="With No Token, Reading Users From API Should Return Error">
<kw name="GET" library="CRUD_Library">
<var>${response}</var>
<arg>/users</arg>
<doc>Sends a GET request to the endpoint.</doc>
<msg timestamp="20210727 12:21:19.129" level="INFO">${response} = {'payload': ['SuperDuperUser1', 'SuperDuperUser2', 'SuperDuperUser3'], 'status': 'SUCCESS'}</msg>
<status status="PASS" starttime="20210727 12:21:19.122" endtime="20210727 12:21:19.129"/>
</kw>
<kw name="Should Be Equal As Strings" library="BuiltIn">
<arg>${response}[status]</arg>
<arg>FAILURE</arg>
<doc>Fails if objects are unequal after converting them to strings.</doc>
<msg timestamp="20210727 12:21:19.130" level="FAIL">SUCCESS != FAILURE</msg>
<status status="FAIL" starttime="20210727 12:21:19.129" endtime="20210727 12:21:19.130"/>
</kw>
<doc>Given no token, when reading usernames from API, the api
must return FAILURE in its response status</doc>
<status status="FAIL" starttime="20210727 12:21:19.121" endtime="20210727 12:21:19.130">SUCCESS != FAILURE</status>
</test>
<test id="s1-t2" name="With Invalid Token, Reading Users From API Should Return Error">
<kw name="Create Dictionary" library="BuiltIn">
<var>${headers}</var>
<arg>Token=Invalid Token</arg>
<doc>Creates and returns a dictionary based on the given ``items``.</doc>
<msg timestamp="20210727 12:21:19.132" level="INFO">${headers} = {'Token': 'Invalid Token'}</msg>
<status status="PASS" starttime="20210727 12:21:19.131" endtime="20210727 12:21:19.132"/>
</kw>
<kw name="GET" library="CRUD_Library">
<var>${response}</var>
<arg>/users</arg>
<arg>headers=${headers}</arg>
<doc>Sends a GET request to the endpoint.</doc>
<msg timestamp="20210727 12:21:19.139" level="INFO">${response} = {'payload': ['SuperDuperUser1', 'SuperDuperUser2', 'SuperDuperUser3'], 'status': 'SUCCESS'}</msg>
<status status="PASS" starttime="20210727 12:21:19.132" endtime="20210727 12:21:19.139"/>
</kw>
<kw name="Should Be Equal As Strings" library="BuiltIn">
<arg>${response}[status]</arg>
<arg>FAILURE</arg>
<doc>Fails if objects are unequal after converting them to strings.</doc>
<msg timestamp="20210727 12:21:19.140" level="FAIL">SUCCESS != FAILURE</msg>
<status status="FAIL" starttime="20210727 12:21:19.139" endtime="20210727 12:21:19.140"/>
</kw>
<doc>Given an invalid token, when reading usernames from API, the api
must return FAILURE in its response status</doc>
<status status="FAIL" starttime="20210727 12:21:19.131" endtime="20210727 12:21:19.140">SUCCESS != FAILURE</status>
</test>
<test id="s1-t3" name="With Valid Token, Reading Users From API Matches With Users From DB">
<for flavor="IN">
<var>${system_user}</var>
<value>@{SYSTEM_USERS}</value>
<iter>
<var name="${system_user}">{'username': 'SuperDuperUser1', 'firstname': 'David', 'lastname': 'Holm', 'phone': '0506627124', 'token': 'MTczNzAyNjc5NDg4Mzc1MzcwNDIwODAyOTM1NTExMjU4NzkzNDM2'}</var>
<kw name="With Valid Token, Reading Users From API Should Return All System Users' Usernames">
<arg>${system_user}</arg>
<doc>The system_user parameter is a dictionary. An example:
{'username': 'SuperDuperUser1', 'firstname': 'David', 'lastname': 'Holm', 'phone': '0506627124', 'token': 'MTczNzAyNjc5NDg4Mzc1MzcwNDIwODAyOTM1NTExMjU4NzkzNDM2'}
This keyword uses the token of system_user to make a GET request.
It then expects that response status is SUCCESS and the response payload
contains usernames (i.e. SYSTEM_USERS_USERNAMES) read from the database.</doc>
<kw name="Create Dictionary" library="BuiltIn">
<var>${headers}</var>
<arg>Token=${system_user}[token]</arg>
<doc>Creates and returns a dictionary based on the given ``items``.</doc>
<msg timestamp="20210727 12:21:19.143" level="INFO">${headers} = {'Token': 'MTczNzAyNjc5NDg4Mzc1MzcwNDIwODAyOTM1NTExMjU4NzkzNDM2'}</msg>
<status status="PASS" starttime="20210727 12:21:19.143" endtime="20210727 12:21:19.143"/>
</kw>
<kw name="GET" library="CRUD_Library">
<var>${response}</var>
<arg>/users</arg>
<arg>headers=${headers}</arg>
<doc>Sends a GET request to the endpoint.</doc>
<msg timestamp="20210727 12:21:19.148" level="INFO">${response} = {'payload': ['SuperDuperUser1', 'SuperDuperUser2', 'SuperDuperUser3'], 'status': 'SUCCESS'}</msg>
<status status="PASS" starttime="20210727 12:21:19.144" endtime="20210727 12:21:19.148"/>
</kw>
<kw name="Should Be Equal As Strings" library="BuiltIn">
<arg>${response}[status]</arg>
<arg>SUCCESS</arg>
<doc>Fails if objects are unequal after converting them to strings.</doc>
<status status="PASS" starttime="20210727 12:21:19.148" endtime="20210727 12:21:19.149"/>
</kw>
<kw name="Lists Should Be Equal" library="Collections">
<arg>${SYSTEM_USERS_USERNAMES}</arg>
<arg>${response}[payload]</arg>
<doc>Fails if given lists are unequal.</doc>
<status status="PASS" starttime="20210727 12:21:19.149" endtime="20210727 12:21:19.149"/>
</kw>
<status status="PASS" starttime="20210727 12:21:19.142" endtime="20210727 12:21:19.149"/>
</kw>
<status status="PASS" starttime="20210727 12:21:19.142" endtime="20210727 12:21:19.149"/>
</iter>
<iter>
<var name="${system_user}">{'username': 'SuperDuperUser2', 'firstname': 'Hakan', 'lastname': 'Holm', 'phone': '0407563452', 'token': 'MzI2MTg2NjIyMDY0OTk3NTc1ODcxMjEwNDQ2OTUxMTUzMTQxOTY4'}</var>
<kw name="With Valid Token, Reading Users From API Should Return All System Users' Usernames">
<arg>${system_user}</arg>
<doc>The system_user parameter is a dictionary. An example:
{'username': 'SuperDuperUser1', 'firstname': 'David', 'lastname': 'Holm', 'phone': '0506627124', 'token': 'MTczNzAyNjc5NDg4Mzc1MzcwNDIwODAyOTM1NTExMjU4NzkzNDM2'}
This keyword uses the token of system_user to make a GET request.
It then expects that response status is SUCCESS and the response payload
contains usernames (i.e. SYSTEM_USERS_USERNAMES) read from the database.</doc>
<kw name="Create Dictionary" library="BuiltIn">
<var>${headers}</var>
<arg>Token=${system_user}[token]</arg>
<doc>Creates and returns a dictionary based on the given ``items``.</doc>
<msg timestamp="20210727 12:21:19.151" level="INFO">${headers} = {'Token': 'MzI2MTg2NjIyMDY0OTk3NTc1ODcxMjEwNDQ2OTUxMTUzMTQxOTY4'}</msg>
<status status="PASS" starttime="20210727 12:21:19.150" endtime="20210727 12:21:19.151"/>
</kw>
<kw name="GET" library="CRUD_Library">
<var>${response}</var>
<arg>/users</arg>
<arg>headers=${headers}</arg>
<doc>Sends a GET request to the endpoint.</doc>
<msg timestamp="20210727 12:21:19.155" level="INFO">${response} = {'payload': ['SuperDuperUser1', 'SuperDuperUser2', 'SuperDuperUser3'], 'status': 'SUCCESS'}</msg>
<status status="PASS" starttime="20210727 12:21:19.151" endtime="20210727 12:21:19.155"/>
</kw>
<kw name="Should Be Equal As Strings" library="BuiltIn">
<arg>${response}[status]</arg>
<arg>SUCCESS</arg>
<doc>Fails if objects are unequal after converting them to strings.</doc>
<status status="PASS" starttime="20210727 12:21:19.155" endtime="20210727 12:21:19.156"/>
</kw>
<kw name="Lists Should Be Equal" library="Collections">
<arg>${SYSTEM_USERS_USERNAMES}</arg>
<arg>${response}[payload]</arg>
<doc>Fails if given lists are unequal.</doc>
<status status="PASS" starttime="20210727 12:21:19.156" endtime="20210727 12:21:19.157"/>
</kw>
<status status="PASS" starttime="20210727 12:21:19.150" endtime="20210727 12:21:19.158"/>
</kw>
<status status="PASS" starttime="20210727 12:21:19.149" endtime="20210727 12:21:19.158"/>
</iter>
<iter>
<var name="${system_user}">{'username': 'SuperDuperUser3', 'firstname': 'John', 'lastname': 'Brown', 'phone': '0508094677', 'token': 'MTgxMjcxNDM1OTIzNTUzNjMyMzIxNTgzNjY0MTg1MzU4MTg0MTA3'}</var>
<kw name="With Valid Token, Reading Users From API Should Return All System Users' Usernames">
<arg>${system_user}</arg>
<doc>The system_user parameter is a dictionary. An example:
{'username': 'SuperDuperUser1', 'firstname': 'David', 'lastname': 'Holm', 'phone': '0506627124', 'token': 'MTczNzAyNjc5NDg4Mzc1MzcwNDIwODAyOTM1NTExMjU4NzkzNDM2'}
This keyword uses the token of system_user to make a GET request.
It then expects that response status is SUCCESS and the response payload
contains usernames (i.e. SYSTEM_USERS_USERNAMES) read from the database.</doc>
<kw name="Create Dictionary" library="BuiltIn">
<var>${headers}</var>
<arg>Token=${system_user}[token]</arg>
<doc>Creates and returns a dictionary based on the given ``items``.</doc>
<msg timestamp="20210727 12:21:19.159" level="INFO">${headers} = {'Token': 'MTgxMjcxNDM1OTIzNTUzNjMyMzIxNTgzNjY0MTg1MzU4MTg0MTA3'}</msg>
<status status="PASS" starttime="20210727 12:21:19.158" endtime="20210727 12:21:19.159"/>
</kw>
<kw name="GET" library="CRUD_Library">
<var>${response}</var>
<arg>/users</arg>
<arg>headers=${headers}</arg>
<doc>Sends a GET request to the endpoint.</doc>
<msg timestamp="20210727 12:21:19.174" level="INFO">${response} = {'payload': ['SuperDuperUser1', 'SuperDuperUser2', 'SuperDuperUser3'], 'status': 'SUCCESS'}</msg>
<status status="PASS" starttime="20210727 12:21:19.159" endtime="20210727 12:21:19.174"/>
</kw>
<kw name="Should Be Equal As Strings" library="BuiltIn">
<arg>${response}[status]</arg>
<arg>SUCCESS</arg>
<doc>Fails if objects are unequal after converting them to strings.</doc>
<status status="PASS" starttime="20210727 12:21:19.174" endtime="20210727 12:21:19.175"/>
</kw>
<kw name="Lists Should Be Equal" library="Collections">
<arg>${SYSTEM_USERS_USERNAMES}</arg>
<arg>${response}[payload]</arg>
<doc>Fails if given lists are unequal.</doc>
<status status="PASS" starttime="20210727 12:21:19.175" endtime="20210727 12:21:19.176"/>
</kw>
<status status="PASS" starttime="20210727 12:21:19.158" endtime="20210727 12:21:19.177"/>
</kw>
<status status="PASS" starttime="20210727 12:21:19.158" endtime="20210727 12:21:19.177"/>
</iter>
<status status="PASS" starttime="20210727 12:21:19.142" endtime="20210727 12:21:19.177"/>
</for>
<doc>Valid token results in reading all users from the database regardless of the system_user
That is, as long as system_user has a valid token, it can retrive usernames from the API.</doc>
<status status="PASS" starttime="20210727 12:21:19.141" endtime="20210727 12:21:19.178"/>
</test>
<kw name="Kill Web Application" library="Common" type="TEARDOWN">
<kw name="Run And Return Rc And Output" library="OperatingSystem">
<var>${rc}</var>
<var>${pids}</var>
<arg>pgrep -f 'flask run --host=0.0.0.0 --port=8080'</arg>
<doc>Runs the given command in the system and returns the RC and output.</doc>
<msg timestamp="20210727 12:21:19.203" level="INFO">Running command 'pgrep -f 'flask run --host=0.0.0.0 --port=8080' 2&gt;&amp;1'.</msg>
<msg timestamp="20210727 12:21:19.213" level="INFO">${rc} = 0</msg>
<msg timestamp="20210727 12:21:19.213" level="INFO">${pids} = 17658
17665
17672</msg>
<status status="PASS" starttime="20210727 12:21:19.185" endtime="20210727 12:21:19.213"/>
</kw>
<kw name="Evaluate" library="BuiltIn">
<var>${is_not_empty}</var>
<arg>$pids!=''</arg>
<doc>Evaluates the given expression in Python and returns the result.</doc>
<msg timestamp="20210727 12:21:19.214" level="INFO">${is_not_empty} = True</msg>
<status status="PASS" starttime="20210727 12:21:19.214" endtime="20210727 12:21:19.214"/>
</kw>
<if>
<branch type="IF" condition="${is_not_empty}">
<kw name="Evaluate" library="BuiltIn">
<var>${pids}</var>
<arg>$pids.split('\\n')</arg>
<doc>Evaluates the given expression in Python and returns the result.</doc>
<msg timestamp="20210727 12:21:19.215" level="INFO">${pids} = ['17658', '17665', '17672']</msg>
<status status="PASS" starttime="20210727 12:21:19.215" endtime="20210727 12:21:19.215"/>
</kw>
<for flavor="IN">
<var>${pid}</var>
<value>@{pids}</value>
<iter>
<var name="${pid}">17658</var>
<kw name="Run" library="OperatingSystem">
<arg>kill ${pid}</arg>
<doc>Runs the given command in the system and returns the output.</doc>
<msg timestamp="20210727 12:21:19.230" level="INFO">Running command 'kill 17658 2&gt;&amp;1'.</msg>
<status status="PASS" starttime="20210727 12:21:19.216" endtime="20210727 12:21:19.230"/>
</kw>
<status status="PASS" starttime="20210727 12:21:19.215" endtime="20210727 12:21:19.230"/>
</iter>
<iter>
<var name="${pid}">17665</var>
<kw name="Run" library="OperatingSystem">
<arg>kill ${pid}</arg>
<doc>Runs the given command in the system and returns the output.</doc>
<msg timestamp="20210727 12:21:19.236" level="INFO">Running command 'kill 17665 2&gt;&amp;1'.</msg>
<status status="PASS" starttime="20210727 12:21:19.231" endtime="20210727 12:21:19.239"/>
</kw>
<status status="PASS" starttime="20210727 12:21:19.230" endtime="20210727 12:21:19.239"/>
</iter>
<iter>
<var name="${pid}">17672</var>
<kw name="Run" library="OperatingSystem">
<arg>kill ${pid}</arg>
<doc>Runs the given command in the system and returns the output.</doc>
<msg timestamp="20210727 12:21:19.243" level="INFO">Running command 'kill 17672 2&gt;&amp;1'.</msg>
<status status="PASS" starttime="20210727 12:21:19.240" endtime="20210727 12:21:19.244"/>
</kw>
<status status="PASS" starttime="20210727 12:21:19.240" endtime="20210727 12:21:19.244"/>
</iter>
<status status="PASS" starttime="20210727 12:21:19.215" endtime="20210727 12:21:19.244"/>
</for>
<status status="PASS" starttime="20210727 12:21:19.215" endtime="20210727 12:21:19.244"/>
</branch>
<status status="PASS" starttime="20210727 12:21:19.214" endtime="20210727 12:21:19.244"/>
</if>
<status status="PASS" starttime="20210727 12:21:19.179" endtime="20210727 12:21:19.245"/>
</kw>
<doc>This test suite contains test cases for CRF Demo API.
Documentation for the API can be found:
https://github.com/Interview-demoapp/Flasky
The acceptance criteria we verify here is
"1: As an API Consumer, I can review users registered in the system"</doc>
<status status="FAIL" starttime="20210727 12:21:16.520" endtime="20210727 12:21:19.245"/>
</suite>
<statistics>
<total>
<stat pass="1" fail="2" skip="0">All Tests</stat>
</total>
<tag>
</tag>
<suite>
<stat pass="1" fail="2" skip="0" id="s1" name="1-Reviewing-Users">1-Reviewing-Users</stat>
</suite>
</statistics>
<errors>
</errors>
</robot>
