<?xml version="1.0" encoding="UTF-8"?>
<robot generator="Robot 4.0.3 (Python 3.7.4 on linux)" generated="20210726 16:17:07.727" rpa="false" schemaversion="2">
<suite id="s1" name="1-Review-Users" source="/home/hakan/Python/Robot/CRF_Demo_Solution/TestProject/Tests/API/1-Review-Users.robot">
<kw name="Run Keywords" library="BuiltIn" type="SETUP">
<arg>Kill Web Application</arg>
<arg>AND</arg>
<arg>Replace Database With New Database Having Users</arg>
<arg>AND</arg>
<arg>Start Web Application With No Init Procedure</arg>
<arg>AND</arg>
<arg>Initialize Database Connection</arg>
<arg>AND</arg>
<arg>Verify Tables</arg>
<arg>AND</arg>
<arg>Fetch All System Users From Db</arg>
<arg>AND</arg>
<arg>Filter System Users By</arg>
<arg>key=username</arg>
<doc>Executes all the given keywords in a sequence.</doc>
<kw name="Kill Web Application" library="Common">
<kw name="Run And Return Rc And Output" library="OperatingSystem">
<var>${rc}</var>
<var>${pids}</var>
<arg>pgrep -f 'flask run --host=0.0.0.0 --port=8080'</arg>
<doc>Runs the given command in the system and returns the RC and output.</doc>
<msg timestamp="20210726 16:17:08.656" level="INFO">Running command 'pgrep -f 'flask run --host=0.0.0.0 --port=8080' 2&gt;&amp;1'.</msg>
<msg timestamp="20210726 16:17:08.671" level="INFO">${rc} = 0</msg>
<msg timestamp="20210726 16:17:08.671" level="INFO">${pids} = 28366
28992</msg>
<status status="PASS" starttime="20210726 16:17:08.654" endtime="20210726 16:17:08.671"/>
</kw>
<kw name="Evaluate" library="BuiltIn">
<var>${is_not_empty}</var>
<arg>$pids!=''</arg>
<doc>Evaluates the given expression in Python and returns the result.</doc>
<msg timestamp="20210726 16:17:08.676" level="INFO">${is_not_empty} = True</msg>
<status status="PASS" starttime="20210726 16:17:08.671" endtime="20210726 16:17:08.676"/>
</kw>
<if>
<branch type="IF" condition="${is_not_empty}">
<kw name="Evaluate" library="BuiltIn">
<var>${pids}</var>
<arg>$pids.split('\\n')</arg>
<doc>Evaluates the given expression in Python and returns the result.</doc>
<msg timestamp="20210726 16:17:08.677" level="INFO">${pids} = ['28366', '28992']</msg>
<status status="PASS" starttime="20210726 16:17:08.676" endtime="20210726 16:17:08.677"/>
</kw>
<for flavor="IN">
<var>${pid}</var>
<value>@{pids}</value>
<iter>
<var name="${pid}">28366</var>
<kw name="Run" library="OperatingSystem">
<arg>kill ${pid}</arg>
<doc>Runs the given command in the system and returns the output.</doc>
<msg timestamp="20210726 16:17:08.681" level="INFO">Running command 'kill 28366 2&gt;&amp;1'.</msg>
<status status="PASS" starttime="20210726 16:17:08.677" endtime="20210726 16:17:08.682"/>
</kw>
<status status="PASS" starttime="20210726 16:17:08.677" endtime="20210726 16:17:08.682"/>
</iter>
<iter>
<var name="${pid}">28992</var>
<kw name="Run" library="OperatingSystem">
<arg>kill ${pid}</arg>
<doc>Runs the given command in the system and returns the output.</doc>
<msg timestamp="20210726 16:17:08.685" level="INFO">Running command 'kill 28992 2&gt;&amp;1'.</msg>
<status status="PASS" starttime="20210726 16:17:08.683" endtime="20210726 16:17:08.685"/>
</kw>
<status status="PASS" starttime="20210726 16:17:08.682" endtime="20210726 16:17:08.685"/>
</iter>
<status status="PASS" starttime="20210726 16:17:08.677" endtime="20210726 16:17:08.686"/>
</for>
<status status="PASS" starttime="20210726 16:17:08.676" endtime="20210726 16:17:08.686"/>
</branch>
<status status="PASS" starttime="20210726 16:17:08.676" endtime="20210726 16:17:08.686"/>
</if>
<status status="PASS" starttime="20210726 16:17:08.653" endtime="20210726 16:17:08.686"/>
</kw>
<kw name="Replace Database With New Database Having Users" library="DbManager">
<kw name="Set Variable" library="BuiltIn">
<var>${source}</var>
<arg>${EXECDIR}${/}TestData${/}demo_app_with_users.sqlite</arg>
<doc>Returns the given values which can then be assigned to a variables.</doc>
<msg timestamp="20210726 16:17:08.687" level="INFO">${source} = /home/hakan/Python/Robot/CRF_Demo_Solution/TestProject/TestData/demo_app_with_users.sqlite</msg>
<status status="PASS" starttime="20210726 16:17:08.687" endtime="20210726 16:17:08.687"/>
</kw>
<kw name="Get Path To App Database" library="DbManager">
<var>${target}</var>
<kw name="Set Variable" library="BuiltIn">
<var>${path_to_database}</var>
<arg>${EXECDIR}</arg>
<doc>Returns the given values which can then be assigned to a variables.</doc>
<msg timestamp="20210726 16:17:08.688" level="INFO">${path_to_database} = /home/hakan/Python/Robot/CRF_Demo_Solution/TestProject</msg>
<status status="PASS" starttime="20210726 16:17:08.687" endtime="20210726 16:17:08.688"/>
</kw>
<kw name="Fetch From Left" library="String">
<var>${path_to_database}</var>
<arg>${path_to_database}</arg>
<arg>TestProject</arg>
<doc>Returns contents of the ``string`` before the first occurrence of ``marker``.</doc>
<msg timestamp="20210726 16:17:08.688" level="INFO">${path_to_database} = /home/hakan/Python/Robot/CRF_Demo_Solution/</msg>
<status status="PASS" starttime="20210726 16:17:08.688" endtime="20210726 16:17:08.688"/>
</kw>
<kw name="Set Variable" library="BuiltIn">
<var>${path_to_database}</var>
<arg>${path_to_database}Flasky${/}instance${/}demo_app.sqlite</arg>
<doc>Returns the given values which can then be assigned to a variables.</doc>
<msg timestamp="20210726 16:17:08.689" level="INFO">${path_to_database} = /home/hakan/Python/Robot/CRF_Demo_Solution/Flasky/instance/demo_app.sqlite</msg>
<status status="PASS" starttime="20210726 16:17:08.688" endtime="20210726 16:17:08.689"/>
</kw>
<msg timestamp="20210726 16:17:08.689" level="INFO">${target} = /home/hakan/Python/Robot/CRF_Demo_Solution/Flasky/instance/demo_app.sqlite</msg>
<status status="PASS" starttime="20210726 16:17:08.687" endtime="20210726 16:17:08.689"/>
</kw>
<kw name="Run" library="OperatingSystem">
<arg>cp ${source} ${target}</arg>
<doc>Runs the given command in the system and returns the output.</doc>
<msg timestamp="20210726 16:17:08.691" level="INFO">Running command 'cp /home/hakan/Python/Robot/CRF_Demo_Solution/TestProject/TestData/demo_app_with_users.sqlite /home/hakan/Python/Robot/CRF_Demo_Solution/Flasky/instance/demo_app.sqlite 2&gt;&amp;1'.</msg>
<status status="PASS" starttime="20210726 16:17:08.689" endtime="20210726 16:17:08.696"/>
</kw>
<status status="PASS" starttime="20210726 16:17:08.686" endtime="20210726 16:17:08.696"/>
</kw>
<kw name="Start Web Application With No Init Procedure" library="Common">
<kw name="Start Process" library="Process">
<arg>export FLASK_APP\=demo_app;flask run --host\=0.0.0.0 --port\=8080</arg>
<arg>shell=True</arg>
<arg>alias=flasky</arg>
<arg>cwd=${EXECDIR}${/}..${/}Flasky</arg>
<doc>Starts a new process on background.</doc>
<msg timestamp="20210726 16:17:08.698" level="INFO">Starting process:
export FLASK_APP=demo_app;flask run --host=0.0.0.0 --port=8080</msg>
<status status="PASS" starttime="20210726 16:17:08.697" endtime="20210726 16:17:08.700"/>
</kw>
<kw name="Sleep" library="BuiltIn">
<arg>1.5s</arg>
<doc>Pauses the test executed for the given time.</doc>
<msg timestamp="20210726 16:17:10.202" level="INFO">Slept 1 second 500 milliseconds</msg>
<status status="PASS" starttime="20210726 16:17:08.701" endtime="20210726 16:17:10.202"/>
</kw>
<status status="PASS" starttime="20210726 16:17:08.697" endtime="20210726 16:17:10.202"/>
</kw>
<kw name="Initialize Database Connection" library="DbManager">
<kw name="Get Path To App Database" library="DbManager">
<var>${path_to_database}</var>
<kw name="Set Variable" library="BuiltIn">
<var>${path_to_database}</var>
<arg>${EXECDIR}</arg>
<doc>Returns the given values which can then be assigned to a variables.</doc>
<msg timestamp="20210726 16:17:10.203" level="INFO">${path_to_database} = /home/hakan/Python/Robot/CRF_Demo_Solution/TestProject</msg>
<status status="PASS" starttime="20210726 16:17:10.203" endtime="20210726 16:17:10.204"/>
</kw>
<kw name="Fetch From Left" library="String">
<var>${path_to_database}</var>
<arg>${path_to_database}</arg>
<arg>TestProject</arg>
<doc>Returns contents of the ``string`` before the first occurrence of ``marker``.</doc>
<msg timestamp="20210726 16:17:10.204" level="INFO">${path_to_database} = /home/hakan/Python/Robot/CRF_Demo_Solution/</msg>
<status status="PASS" starttime="20210726 16:17:10.204" endtime="20210726 16:17:10.204"/>
</kw>
<kw name="Set Variable" library="BuiltIn">
<var>${path_to_database}</var>
<arg>${path_to_database}Flasky${/}instance${/}demo_app.sqlite</arg>
<doc>Returns the given values which can then be assigned to a variables.</doc>
<msg timestamp="20210726 16:17:10.205" level="INFO">${path_to_database} = /home/hakan/Python/Robot/CRF_Demo_Solution/Flasky/instance/demo_app.sqlite</msg>
<status status="PASS" starttime="20210726 16:17:10.205" endtime="20210726 16:17:10.205"/>
</kw>
<msg timestamp="20210726 16:17:10.205" level="INFO">${path_to_database} = /home/hakan/Python/Robot/CRF_Demo_Solution/Flasky/instance/demo_app.sqlite</msg>
<status status="PASS" starttime="20210726 16:17:10.203" endtime="20210726 16:17:10.205"/>
</kw>
<kw name="Connect To Database Using Custom Params" library="DatabaseLibrary">
<arg>sqlite3</arg>
<arg>database='${path_to_database}'</arg>
<doc>Loads the DB API 2.0 module given `dbapiModuleName` then uses it to
connect to the database using the map string `db_custom_param_string`.</doc>
<msg timestamp="20210726 16:17:10.207" level="INFO">Executing : Connect To Database Using Custom Params : sqlite3.connect(db_api_2.connect(database='/home/hakan/Python/Robot/CRF_Demo_Solution/Flasky/instance/demo_app.sqlite')) </msg>
<status status="PASS" starttime="20210726 16:17:10.206" endtime="20210726 16:17:10.207"/>
</kw>
<status status="PASS" starttime="20210726 16:17:10.203" endtime="20210726 16:17:10.207"/>
</kw>
<kw name="Verify Tables" library="DbManager">
<kw name="Table Must Exist" library="DatabaseLibrary">
<arg>user</arg>
<doc>Check if the table given exists in the database. Set optional input `sansTran` to True to run command without an
explicit transaction commit or rollback.</doc>
<msg timestamp="20210726 16:17:10.208" level="INFO">Executing : Table Must Exist  |  user </msg>
<msg timestamp="20210726 16:17:10.208" level="INFO">Executing : Row Count  |  SELECT name FROM sqlite_master WHERE type='table' AND name='user' COLLATE NOCASE </msg>
<status status="PASS" starttime="20210726 16:17:10.208" endtime="20210726 16:17:10.209"/>
</kw>
<status status="PASS" starttime="20210726 16:17:10.208" endtime="20210726 16:17:10.209"/>
</kw>
<kw name="Fetch All System Users From Db" library="DbManager">
<kw name="Query" library="DatabaseLibrary">
<var>${users}</var>
<arg>${QUERY_ALL_USERS}</arg>
<doc>Uses the input `selectStatement` to query for the values that will be returned as a list of tuples. Set optional
input `sansTran` to True to run command without an explicit transaction commit or rollback.
Set optional input `returnAsDict` to True to return values as a list of dictionaries.</doc>
<msg timestamp="20210726 16:17:10.210" level="INFO">Executing : Query  |  select username, firstname, lastname, phone, token from user; </msg>
<msg timestamp="20210726 16:17:10.210" level="INFO">${users} = [('SuperDuperUser1', 'David', 'Holm', '0506627124', 'MTczNzAyNjc5NDg4Mzc1MzcwNDIwODAyOTM1NTExMjU4NzkzNDM2'), ('SuperDuperUser2', 'Hakan', 'Holm', '0407563452', 'MzI2MTg2NjIyMDY0OTk3NTc1ODcxMjEwNDQ2OTU...</msg>
<status status="PASS" starttime="20210726 16:17:10.209" endtime="20210726 16:17:10.210"/>
</kw>
<kw name="Create List" library="BuiltIn">
<var>${SYSTEM_USERS}</var>
<doc>Returns a list containing given items.</doc>
<msg timestamp="20210726 16:17:10.210" level="INFO">${SYSTEM_USERS} = []</msg>
<status status="PASS" starttime="20210726 16:17:10.210" endtime="20210726 16:17:10.210"/>
</kw>
<for flavor="IN">
<var>${user}</var>
<value>@{users}</value>
<iter>
<var name="${user}">('SuperDuperUser1', 'David', 'Holm', '0506627124', 'MTczNzAyNjc5NDg4Mzc1MzcwNDIwODAyOTM1NTExMjU4NzkzNDM2')</var>
<kw name="Create Dictionary" library="BuiltIn">
<var>&amp;{new_user}</var>
<doc>Creates and returns a dictionary based on the given ``items``.</doc>
<msg timestamp="20210726 16:17:10.211" level="INFO">&amp;{new_user} = { }</msg>
<status status="PASS" starttime="20210726 16:17:10.211" endtime="20210726 16:17:10.211"/>
</kw>
<kw name="Set To Dictionary" library="Collections">
<arg>${new_user}</arg>
<arg>username=${user}[0]</arg>
<arg>firstname=${user}[1]</arg>
<arg>lastname=${user}[2]</arg>
<arg>phone=${user}[3]</arg>
<arg>token=${user}[4]</arg>
<doc>Adds the given ``key_value_pairs`` and ``items`` to the ``dictionary``.</doc>
<status status="PASS" starttime="20210726 16:17:10.211" endtime="20210726 16:17:10.212"/>
</kw>
<kw name="Append To List" library="Collections">
<arg>${SYSTEM_USERS}</arg>
<arg>${new_user}</arg>
<doc>Adds ``values`` to the end of ``list``.</doc>
<status status="PASS" starttime="20210726 16:17:10.212" endtime="20210726 16:17:10.212"/>
</kw>
<status status="PASS" starttime="20210726 16:17:10.210" endtime="20210726 16:17:10.213"/>
</iter>
<iter>
<var name="${user}">('SuperDuperUser2', 'Hakan', 'Holm', '0407563452', 'MzI2MTg2NjIyMDY0OTk3NTc1ODcxMjEwNDQ2OTUxMTUzMTQxOTY4')</var>
<kw name="Create Dictionary" library="BuiltIn">
<var>&amp;{new_user}</var>
<doc>Creates and returns a dictionary based on the given ``items``.</doc>
<msg timestamp="20210726 16:17:10.213" level="INFO">&amp;{new_user} = { }</msg>
<status status="PASS" starttime="20210726 16:17:10.213" endtime="20210726 16:17:10.213"/>
</kw>
<kw name="Set To Dictionary" library="Collections">
<arg>${new_user}</arg>
<arg>username=${user}[0]</arg>
<arg>firstname=${user}[1]</arg>
<arg>lastname=${user}[2]</arg>
<arg>phone=${user}[3]</arg>
<arg>token=${user}[4]</arg>
<doc>Adds the given ``key_value_pairs`` and ``items`` to the ``dictionary``.</doc>
<status status="PASS" starttime="20210726 16:17:10.213" endtime="20210726 16:17:10.214"/>
</kw>
<kw name="Append To List" library="Collections">
<arg>${SYSTEM_USERS}</arg>
<arg>${new_user}</arg>
<doc>Adds ``values`` to the end of ``list``.</doc>
<status status="PASS" starttime="20210726 16:17:10.214" endtime="20210726 16:17:10.214"/>
</kw>
<status status="PASS" starttime="20210726 16:17:10.213" endtime="20210726 16:17:10.214"/>
</iter>
<iter>
<var name="${user}">('SuperDuperUser3', 'John', 'Brown', '0508094677', 'MTgxMjcxNDM1OTIzNTUzNjMyMzIxNTgzNjY0MTg1MzU4MTg0MTA3')</var>
<kw name="Create Dictionary" library="BuiltIn">
<var>&amp;{new_user}</var>
<doc>Creates and returns a dictionary based on the given ``items``.</doc>
<msg timestamp="20210726 16:17:10.215" level="INFO">&amp;{new_user} = { }</msg>
<status status="PASS" starttime="20210726 16:17:10.214" endtime="20210726 16:17:10.215"/>
</kw>
<kw name="Set To Dictionary" library="Collections">
<arg>${new_user}</arg>
<arg>username=${user}[0]</arg>
<arg>firstname=${user}[1]</arg>
<arg>lastname=${user}[2]</arg>
<arg>phone=${user}[3]</arg>
<arg>token=${user}[4]</arg>
<doc>Adds the given ``key_value_pairs`` and ``items`` to the ``dictionary``.</doc>
<status status="PASS" starttime="20210726 16:17:10.215" endtime="20210726 16:17:10.215"/>
</kw>
<kw name="Append To List" library="Collections">
<arg>${SYSTEM_USERS}</arg>
<arg>${new_user}</arg>
<doc>Adds ``values`` to the end of ``list``.</doc>
<status status="PASS" starttime="20210726 16:17:10.216" endtime="20210726 16:17:10.216"/>
</kw>
<status status="PASS" starttime="20210726 16:17:10.214" endtime="20210726 16:17:10.216"/>
</iter>
<status status="PASS" starttime="20210726 16:17:10.210" endtime="20210726 16:17:10.216"/>
</for>
<kw name="Set Suite Variable" library="BuiltIn">
<arg>@{SYSTEM_USERS}</arg>
<doc>Makes a variable available everywhere within the scope of the current suite.</doc>
<msg timestamp="20210726 16:17:10.216" level="INFO">@{SYSTEM_USERS} = [ {'username': 'SuperDuperUser1', 'firstname': 'David', 'lastname': 'Holm', 'phone': '0506627124', 'token': 'MTczNzAyNjc5NDg4Mzc1MzcwNDIwODAyOTM1NTExMjU4NzkzNDM2'} | {'username': 'SuperDuperUser2', 'f...</msg>
<status status="PASS" starttime="20210726 16:17:10.216" endtime="20210726 16:17:10.216"/>
</kw>
<status status="PASS" starttime="20210726 16:17:10.209" endtime="20210726 16:17:10.216"/>
</kw>
<kw name="Filter System Users By">
<arg>key=username</arg>
<kw name="Create List" library="BuiltIn">
<var>${SYSTEM_USERS_USERNAMES}</var>
<doc>Returns a list containing given items.</doc>
<msg timestamp="20210726 16:17:10.217" level="INFO">${SYSTEM_USERS_USERNAMES} = []</msg>
<status status="PASS" starttime="20210726 16:17:10.217" endtime="20210726 16:17:10.217"/>
</kw>
<for flavor="IN">
<var>${system_user}</var>
<value>@{SYSTEM_USERS}</value>
<iter>
<var name="${system_user}">{'username': 'SuperDuperUser1', 'firstname': 'David', 'lastname': 'Holm', 'phone': '0506627124', 'token': 'MTczNzAyNjc5NDg4Mzc1MzcwNDIwODAyOTM1NTExMjU4NzkzNDM2'}</var>
<kw name="Append To List" library="Collections">
<arg>${SYSTEM_USERS_USERNAMES}</arg>
<arg>${system_user}[${key}]</arg>
<doc>Adds ``values`` to the end of ``list``.</doc>
<status status="PASS" starttime="20210726 16:17:10.217" endtime="20210726 16:17:10.218"/>
</kw>
<status status="PASS" starttime="20210726 16:17:10.217" endtime="20210726 16:17:10.218"/>
</iter>
<iter>
<var name="${system_user}">{'username': 'SuperDuperUser2', 'firstname': 'Hakan', 'lastname': 'Holm', 'phone': '0407563452', 'token': 'MzI2MTg2NjIyMDY0OTk3NTc1ODcxMjEwNDQ2OTUxMTUzMTQxOTY4'}</var>
<kw name="Append To List" library="Collections">
<arg>${SYSTEM_USERS_USERNAMES}</arg>
<arg>${system_user}[${key}]</arg>
<doc>Adds ``values`` to the end of ``list``.</doc>
<status status="PASS" starttime="20210726 16:17:10.218" endtime="20210726 16:17:10.218"/>
</kw>
<status status="PASS" starttime="20210726 16:17:10.218" endtime="20210726 16:17:10.218"/>
</iter>
<iter>
<var name="${system_user}">{'username': 'SuperDuperUser3', 'firstname': 'John', 'lastname': 'Brown', 'phone': '0508094677', 'token': 'MTgxMjcxNDM1OTIzNTUzNjMyMzIxNTgzNjY0MTg1MzU4MTg0MTA3'}</var>
<kw name="Append To List" library="Collections">
<arg>${SYSTEM_USERS_USERNAMES}</arg>
<arg>${system_user}[${key}]</arg>
<doc>Adds ``values`` to the end of ``list``.</doc>
<status status="PASS" starttime="20210726 16:17:10.218" endtime="20210726 16:17:10.218"/>
</kw>
<status status="PASS" starttime="20210726 16:17:10.218" endtime="20210726 16:17:10.218"/>
</iter>
<status status="PASS" starttime="20210726 16:17:10.217" endtime="20210726 16:17:10.218"/>
</for>
<kw name="Set Suite Variable" library="BuiltIn">
<arg>@{SYSTEM_USERS_USERNAMES}</arg>
<doc>Makes a variable available everywhere within the scope of the current suite.</doc>
<msg timestamp="20210726 16:17:10.219" level="INFO">@{SYSTEM_USERS_USERNAMES} = [ SuperDuperUser1 | SuperDuperUser2 | SuperDuperUser3 ]</msg>
<status status="PASS" starttime="20210726 16:17:10.219" endtime="20210726 16:17:10.219"/>
</kw>
<status status="PASS" starttime="20210726 16:17:10.216" endtime="20210726 16:17:10.219"/>
</kw>
<status status="PASS" starttime="20210726 16:17:08.653" endtime="20210726 16:17:10.219"/>
</kw>
<test id="s1-t1" name="With No Token, Reading Users From API Should Return Error">
<kw name="GET" library="CRUD_Library">
<var>${response}</var>
<arg>/users</arg>
<doc>Sends a GET request to the endpoint.</doc>
<msg timestamp="20210726 16:17:10.232" level="INFO">${response} = {'payload': ['SuperDuperUser1', 'SuperDuperUser2', 'SuperDuperUser3'], 'status': 'SUCCESS'}</msg>
<status status="PASS" starttime="20210726 16:17:10.220" endtime="20210726 16:17:10.232"/>
</kw>
<kw name="Should Be Equal As Strings" library="BuiltIn">
<arg>${response}[status]</arg>
<arg>FAILURE</arg>
<doc>Fails if objects are unequal after converting them to strings.</doc>
<msg timestamp="20210726 16:17:10.233" level="FAIL">SUCCESS != FAILURE</msg>
<status status="FAIL" starttime="20210726 16:17:10.232" endtime="20210726 16:17:10.233"/>
</kw>
<status status="FAIL" starttime="20210726 16:17:10.219" endtime="20210726 16:17:10.233">SUCCESS != FAILURE</status>
</test>
<test id="s1-t2" name="With Valid Token, Reading Users From API Matches With Users From DB">
<for flavor="IN">
<var>${system_user}</var>
<value>@{SYSTEM_USERS}</value>
<iter>
<var name="${system_user}">{'username': 'SuperDuperUser1', 'firstname': 'David', 'lastname': 'Holm', 'phone': '0506627124', 'token': 'MTczNzAyNjc5NDg4Mzc1MzcwNDIwODAyOTM1NTExMjU4NzkzNDM2'}</var>
<kw name="With Valid Token, Reading Users From API Should Return All System Users">
<arg>${system_user}</arg>
<kw name="Create Dictionary" library="BuiltIn">
<var>${headers}</var>
<arg>Token=${system_user}[token]</arg>
<doc>Creates and returns a dictionary based on the given ``items``.</doc>
<msg timestamp="20210726 16:17:10.235" level="INFO">${headers} = {'Token': 'MTczNzAyNjc5NDg4Mzc1MzcwNDIwODAyOTM1NTExMjU4NzkzNDM2'}</msg>
<status status="PASS" starttime="20210726 16:17:10.234" endtime="20210726 16:17:10.235"/>
</kw>
<kw name="GET" library="CRUD_Library">
<var>${response}</var>
<arg>/users</arg>
<arg>headers=${headers}</arg>
<doc>Sends a GET request to the endpoint.</doc>
<msg timestamp="20210726 16:17:10.238" level="INFO">${response} = {'payload': ['SuperDuperUser1', 'SuperDuperUser2', 'SuperDuperUser3'], 'status': 'SUCCESS'}</msg>
<status status="PASS" starttime="20210726 16:17:10.235" endtime="20210726 16:17:10.238"/>
</kw>
<kw name="Should Be Equal As Strings" library="BuiltIn">
<arg>${response}[status]</arg>
<arg>SUCCESS</arg>
<doc>Fails if objects are unequal after converting them to strings.</doc>
<status status="PASS" starttime="20210726 16:17:10.239" endtime="20210726 16:17:10.239"/>
</kw>
<kw name="Lists Should Be Equal" library="Collections">
<arg>${SYSTEM_USERS_USERNAMES}</arg>
<arg>${response}[payload]</arg>
<doc>Fails if given lists are unequal.</doc>
<status status="PASS" starttime="20210726 16:17:10.239" endtime="20210726 16:17:10.239"/>
</kw>
<status status="PASS" starttime="20210726 16:17:10.234" endtime="20210726 16:17:10.239"/>
</kw>
<status status="PASS" starttime="20210726 16:17:10.234" endtime="20210726 16:17:10.239"/>
</iter>
<iter>
<var name="${system_user}">{'username': 'SuperDuperUser2', 'firstname': 'Hakan', 'lastname': 'Holm', 'phone': '0407563452', 'token': 'MzI2MTg2NjIyMDY0OTk3NTc1ODcxMjEwNDQ2OTUxMTUzMTQxOTY4'}</var>
<kw name="With Valid Token, Reading Users From API Should Return All System Users">
<arg>${system_user}</arg>
<kw name="Create Dictionary" library="BuiltIn">
<var>${headers}</var>
<arg>Token=${system_user}[token]</arg>
<doc>Creates and returns a dictionary based on the given ``items``.</doc>
<msg timestamp="20210726 16:17:10.240" level="INFO">${headers} = {'Token': 'MzI2MTg2NjIyMDY0OTk3NTc1ODcxMjEwNDQ2OTUxMTUzMTQxOTY4'}</msg>
<status status="PASS" starttime="20210726 16:17:10.240" endtime="20210726 16:17:10.240"/>
</kw>
<kw name="GET" library="CRUD_Library">
<var>${response}</var>
<arg>/users</arg>
<arg>headers=${headers}</arg>
<doc>Sends a GET request to the endpoint.</doc>
<msg timestamp="20210726 16:17:10.243" level="INFO">${response} = {'payload': ['SuperDuperUser1', 'SuperDuperUser2', 'SuperDuperUser3'], 'status': 'SUCCESS'}</msg>
<status status="PASS" starttime="20210726 16:17:10.240" endtime="20210726 16:17:10.243"/>
</kw>
<kw name="Should Be Equal As Strings" library="BuiltIn">
<arg>${response}[status]</arg>
<arg>SUCCESS</arg>
<doc>Fails if objects are unequal after converting them to strings.</doc>
<status status="PASS" starttime="20210726 16:17:10.243" endtime="20210726 16:17:10.243"/>
</kw>
<kw name="Lists Should Be Equal" library="Collections">
<arg>${SYSTEM_USERS_USERNAMES}</arg>
<arg>${response}[payload]</arg>
<doc>Fails if given lists are unequal.</doc>
<status status="PASS" starttime="20210726 16:17:10.244" endtime="20210726 16:17:10.244"/>
</kw>
<status status="PASS" starttime="20210726 16:17:10.240" endtime="20210726 16:17:10.244"/>
</kw>
<status status="PASS" starttime="20210726 16:17:10.239" endtime="20210726 16:17:10.244"/>
</iter>
<iter>
<var name="${system_user}">{'username': 'SuperDuperUser3', 'firstname': 'John', 'lastname': 'Brown', 'phone': '0508094677', 'token': 'MTgxMjcxNDM1OTIzNTUzNjMyMzIxNTgzNjY0MTg1MzU4MTg0MTA3'}</var>
<kw name="With Valid Token, Reading Users From API Should Return All System Users">
<arg>${system_user}</arg>
<kw name="Create Dictionary" library="BuiltIn">
<var>${headers}</var>
<arg>Token=${system_user}[token]</arg>
<doc>Creates and returns a dictionary based on the given ``items``.</doc>
<msg timestamp="20210726 16:17:10.245" level="INFO">${headers} = {'Token': 'MTgxMjcxNDM1OTIzNTUzNjMyMzIxNTgzNjY0MTg1MzU4MTg0MTA3'}</msg>
<status status="PASS" starttime="20210726 16:17:10.245" endtime="20210726 16:17:10.245"/>
</kw>
<kw name="GET" library="CRUD_Library">
<var>${response}</var>
<arg>/users</arg>
<arg>headers=${headers}</arg>
<doc>Sends a GET request to the endpoint.</doc>
<msg timestamp="20210726 16:17:10.256" level="INFO">${response} = {'payload': ['SuperDuperUser1', 'SuperDuperUser2', 'SuperDuperUser3'], 'status': 'SUCCESS'}</msg>
<status status="PASS" starttime="20210726 16:17:10.245" endtime="20210726 16:17:10.256"/>
</kw>
<kw name="Should Be Equal As Strings" library="BuiltIn">
<arg>${response}[status]</arg>
<arg>SUCCESS</arg>
<doc>Fails if objects are unequal after converting them to strings.</doc>
<status status="PASS" starttime="20210726 16:17:10.256" endtime="20210726 16:17:10.257"/>
</kw>
<kw name="Lists Should Be Equal" library="Collections">
<arg>${SYSTEM_USERS_USERNAMES}</arg>
<arg>${response}[payload]</arg>
<doc>Fails if given lists are unequal.</doc>
<status status="PASS" starttime="20210726 16:17:10.257" endtime="20210726 16:17:10.257"/>
</kw>
<status status="PASS" starttime="20210726 16:17:10.244" endtime="20210726 16:17:10.257"/>
</kw>
<status status="PASS" starttime="20210726 16:17:10.244" endtime="20210726 16:17:10.257"/>
</iter>
<status status="PASS" starttime="20210726 16:17:10.234" endtime="20210726 16:17:10.257"/>
</for>
<status status="PASS" starttime="20210726 16:17:10.233" endtime="20210726 16:17:10.257"/>
</test>
<kw name="Kill Web Application" library="Common" type="TEARDOWN">
<kw name="Run And Return Rc And Output" library="OperatingSystem">
<var>${rc}</var>
<var>${pids}</var>
<arg>pgrep -f 'flask run --host=0.0.0.0 --port=8080'</arg>
<doc>Runs the given command in the system and returns the RC and output.</doc>
<msg timestamp="20210726 16:17:10.262" level="INFO">Running command 'pgrep -f 'flask run --host=0.0.0.0 --port=8080' 2&gt;&amp;1'.</msg>
<msg timestamp="20210726 16:17:10.284" level="INFO">${rc} = 0</msg>
<msg timestamp="20210726 16:17:10.285" level="INFO">${pids} = 29022
29029
29036</msg>
<status status="PASS" starttime="20210726 16:17:10.258" endtime="20210726 16:17:10.285"/>
</kw>
<kw name="Evaluate" library="BuiltIn">
<var>${is_not_empty}</var>
<arg>$pids!=''</arg>
<doc>Evaluates the given expression in Python and returns the result.</doc>
<msg timestamp="20210726 16:17:10.286" level="INFO">${is_not_empty} = True</msg>
<status status="PASS" starttime="20210726 16:17:10.285" endtime="20210726 16:17:10.286"/>
</kw>
<if>
<branch type="IF" condition="${is_not_empty}">
<kw name="Evaluate" library="BuiltIn">
<var>${pids}</var>
<arg>$pids.split('\\n')</arg>
<doc>Evaluates the given expression in Python and returns the result.</doc>
<msg timestamp="20210726 16:17:10.287" level="INFO">${pids} = ['29022', '29029', '29036']</msg>
<status status="PASS" starttime="20210726 16:17:10.287" endtime="20210726 16:17:10.287"/>
</kw>
<for flavor="IN">
<var>${pid}</var>
<value>@{pids}</value>
<iter>
<var name="${pid}">29022</var>
<kw name="Run" library="OperatingSystem">
<arg>kill ${pid}</arg>
<doc>Runs the given command in the system and returns the output.</doc>
<msg timestamp="20210726 16:17:10.290" level="INFO">Running command 'kill 29022 2&gt;&amp;1'.</msg>
<status status="PASS" starttime="20210726 16:17:10.288" endtime="20210726 16:17:10.291"/>
</kw>
<status status="PASS" starttime="20210726 16:17:10.288" endtime="20210726 16:17:10.291"/>
</iter>
<iter>
<var name="${pid}">29029</var>
<kw name="Run" library="OperatingSystem">
<arg>kill ${pid}</arg>
<doc>Runs the given command in the system and returns the output.</doc>
<msg timestamp="20210726 16:17:10.293" level="INFO">Running command 'kill 29029 2&gt;&amp;1'.</msg>
<status status="PASS" starttime="20210726 16:17:10.291" endtime="20210726 16:17:10.294"/>
</kw>
<status status="PASS" starttime="20210726 16:17:10.291" endtime="20210726 16:17:10.294"/>
</iter>
<iter>
<var name="${pid}">29036</var>
<kw name="Run" library="OperatingSystem">
<arg>kill ${pid}</arg>
<doc>Runs the given command in the system and returns the output.</doc>
<msg timestamp="20210726 16:17:10.303" level="INFO">Running command 'kill 29036 2&gt;&amp;1'.</msg>
<status status="PASS" starttime="20210726 16:17:10.295" endtime="20210726 16:17:10.304"/>
</kw>
<status status="PASS" starttime="20210726 16:17:10.294" endtime="20210726 16:17:10.304"/>
</iter>
<status status="PASS" starttime="20210726 16:17:10.288" endtime="20210726 16:17:10.304"/>
</for>
<status status="PASS" starttime="20210726 16:17:10.287" endtime="20210726 16:17:10.304"/>
</branch>
<status status="PASS" starttime="20210726 16:17:10.287" endtime="20210726 16:17:10.304"/>
</if>
<status status="PASS" starttime="20210726 16:17:10.258" endtime="20210726 16:17:10.304"/>
</kw>
<doc>This test suite contains test cases for CRF Demo API.
Documentation for the API can be found:
https://github.com/Interview-demoapp/Flasky
The acceptance criteria we verify here is
"1: Review users registered in the system"</doc>
<status status="FAIL" starttime="20210726 16:17:07.728" endtime="20210726 16:17:10.304"/>
</suite>
<statistics>
<total>
<stat pass="1" fail="1" skip="0">All Tests</stat>
</total>
<tag>
</tag>
<suite>
<stat pass="1" fail="1" skip="0" id="s1" name="1-Review-Users">1-Review-Users</stat>
</suite>
</statistics>
<errors>
</errors>
</robot>
